  bash arg: -p
  bash arg: com.mryu.devstudy
  bash arg: --pct-touch
  bash arg: 40
  bash arg: --pct-motion
  bash arg: 25
  bash arg: --pct-syskeys
  bash arg: 0
  bash arg: --pct-nav
  bash arg: 5
  bash arg: --pct-trackball
  bash arg: 10
  bash arg: --throttle
  bash arg: 100
  bash arg: --ignore-crashes
  bash arg: --ignore-timeouts
  bash arg: --ignore-security-exceptions
  bash arg: --ignore-native-crashes
  bash arg: --monitor-native-crashes
  bash arg: -v
  bash arg: -v
  bash arg: -v
  bash arg: -s
  bash arg: 1614273171
  bash arg: 100
