    --------- beginning of crash
2021-01-09 22:15:00.600 18558-18558/com.mryu.devstudy E/AndroidRuntime: FATAL EXCEPTION: main
    Process: com.mryu.devstudy, PID: 18558
    java.lang.RuntimeException: Unable to start activity ComponentInfo{com.mryu.devstudy/com.mryu.devstudy.activity.LoginActivity}: java.lang.NullPointerException: Attempt to invoke virtual method 'void android.widget.EditText.setOnClickListener(android.view.View$OnClickListener)' on a null object reference
        at android.app.ActivityThread.performLaunchActivity(ActivityThread.java:3576)
        at android.app.ActivityThread.handleLaunchActivity(ActivityThread.java:3658)
        at android.app.servertransaction.LaunchActivityItem.execute(LaunchActivityItem.java:86)
        at android.app.servertransaction.TransactionExecutor.executeCallbacks(TransactionExecutor.java:117)
        at android.app.servertransaction.TransactionExecutor.execute(TransactionExecutor.java:75)
        at android.app.ActivityThread$H.handleMessage(ActivityThread.java:2209)
        at android.os.Handler.dispatchMessage(Handler.java:112)
        at android.os.Looper.loop(Looper.java:216)
        at android.app.ActivityThread.main(ActivityThread.java:7586)
        at java.lang.reflect.Method.invoke(Native Method)
        at com.android.internal.os.RuntimeInit$MethodAndArgsCaller.run(RuntimeInit.java:525)
    --------- beginning of crash
2021-01-09 22:15:00.600 18558-18558/com.mryu.devstudy E/AndroidRuntime: FATAL EXCEPTION: main
    Process: com.mryu.devstudy, PID: 18558
    java.lang.RuntimeException: Unable to start activity ComponentInfo{com.mryu.devstudy/com.mryu.devstudy.activity.LoginActivity}: java.lang.NullPointerException: Attempt to invoke virtual method 'void android.widget.EditText.setOnClickListener(android.view.View$OnClickListener)' on a null object reference
        at android.app.ActivityThread.performLaunchActivity(ActivityThread.java:3576)
        at android.app.ActivityThread.handleLaunchActivity(ActivityThread.java:3658)
        at android.app.servertransaction.LaunchActivityItem.execute(LaunchActivityItem.java:86)
        at android.app.servertransaction.TransactionExecutor.executeCallbacks(TransactionExecutor.java:117)
        at android.app.servertransaction.TransactionExecutor.execute(TransactionExecutor.java:75)
        at android.app.ActivityThread$H.handleMessage(ActivityThread.jav
 2021-01-09 22:15:00.609 18558-18558/? I/Process: Sending signal. PID: 18558 SIG: 9
 2021-01-09 22:15:56.551 18558-18558/com.mryu.devstudy I/openSDK_LOG.QQAuth: setAccessToken(), validTimeInSecond = -1
 2021-01-09 22:15:56.552 18558-18558/com.mryu.devstudy I/openSDK_LOG.Tencent: checkLogin()1-01-09 22:15:56.578 18558-18558/com.mryu.devstudy D/ZrHung.AppEyeUiProbe: notify runnable to start.
