    --------- beginning of crash
2021-01-09 22:15:00.600 18558-18558/com.mryu.devstudy E/AndroidRuntime: FATAL EXCEPTION: main
    Process: com.mryu.devstudy, PID: 18558
    java.lang.RuntimeException: Unable to start activity ComponentInfo{com.mryu.devstudy/com.mryu.devstudy.activity.LoginActivity}: java.lang.NullPointerException: Attempt to invoke virtual method 'void android.widget.EditText.setOnClickListener(android.view.View$OnClickListener)' on a null object reference
        at android.app.ActivityThread.performLaunchActivity(ActivityThread.java:3576)
        at android.app.ActivityThread.handleLaunchActivity(ActivityThread.java:3658)
        at android.app.servertransaction.LaunchActivityItem.execute(LaunchActivityItem.java:86)
        at android.app.servertransaction.TransactionExecutor.executeCallbacks(TransactionExecutor.java:117)
        at android.app.servertransaction.TransactionExecutor.execute(TransactionExecutor.java:75)
        at android.app.ActivityThread$H.handleMessage(ActivityThread.java:2209)
        at android.os.Handler.dispatchMessage(Handler.java:112)
        at android.os.Looper.loop(Looper.java:216)
        at android.app.ActivityThread.main(ActivityThread.java:7586)
        at java.lang.reflect.Method.invoke(Native Method)
        at com.android.internal.os.RuntimeInit$MethodAndArgsCaller.run(RuntimeInit.java:525)
        at com.android.internal.os.ZygoteInit.main(ZygoteInit.java:1035)
     Caused by: java.lang.NullPointerException: Attempt to invoke virtual method 'void android.widget.EditText.setOnClickListener(android.view.View$OnClickListener)' on a null object reference
        at com.mryu.devstudy.activity.LoginActivity.setListener(LoginActivity.java:159)
        at com.mryu.devstudy.activity.LoginActivity.onCreate(LoginActivity.java:115)
        at android.app.Activity.performCreate(Activity.java:7507)
        at android.app.Activity.performCreate(Activity.java:7597)
        at android.app.Instrumentation.callActivityOnCreate(Instrumentation.java:1280)
        at android.app.ActivityThread.performLaunchActivity(ActivityThread.java:3555)
        at android.app.ActivityThread.handleLaunchActivity(ActivityThread.java:3658) 
        at android.app.servertransaction.LaunchActivityItem.execute(LaunchActivityItem.java:86) 
        at android.app.servertransaction.TransactionExecutor.executeCallbacks(TransactionExecutor.java:117) 
        at android.app.servertransaction.TransactionExecutor.execute(TransactionExecutor.java:75) 
        at android.app.ActivityThread$H.handleMessage(ActivityThread.java:2209) 
        at android.os.Handler.dispatchMessage(Handler.java:112) 
        at android.os.Looper.loop(Looper.java:216) 
        at android.app.ActivityThread.main(ActivityThread.java:7586) 
        at java.lang.reflect.Method.invoke(Native Method) 
        at com.android.internal.os.RuntimeInit$MethodAndArgsCaller.run(RuntimeInit.java:525) 
        at com.android.internal.os.ZygoteInit.main(ZygoteInit.java:1035) 
2021-01-09 22:15:00.609 18558-18558/? I/Process: Sending signal. PID: 18558 SIG: 9