2020-12-07 11:02:55,526 - AppiumTools.py [line:93] - ERROR: 端口：555 未启用
2020-12-07 11:09:18,211 - AdbTools.py [line:121] - ERROR: 请检查目标设备是否与主机连接成功！！！
2020-12-07 11:09:36,103 - AdbTools.py [line:121] - ERROR: 请检查目标设备是否与主机连接成功！！！
2020-12-07 11:09:38,551 - AdbTools.py [line:121] - ERROR: 请检查目标设备是否与主机连接成功！！！
2020-12-07 11:09:55,885 - AdbTools.py [line:121] - ERROR: 请检查目标设备是否与主机连接成功！！！
2020-12-07 13:13:19,745 - AppiumTools.py [line:134] - ERROR: 端口：5920已被其它程序占用
2020-12-07 13:38:33,143 - AppiumTools.py [line:135] - ERROR: Appium服务启动失败，Error：getsockaddrarg: port must be 0-65535.
2020-12-07 14:03:45,794 - AppiumTools.py [line:54] - ERROR: 端口-5920被占用，请手动重启：
2020-12-07 14:03:59,956 - AppiumTools.py [line:54] - ERROR: 端口-5920被占用，请手动重启：
2020-12-07 14:04:08,700 - AppiumTools.py [line:54] - ERROR: 端口-5920被占用，请手动重启：
2020-12-07 14:04:56,471 - AppiumTools.py [line:55] - ERROR: 端口-5920被占用，请手动重启：
2020-12-07 14:05:12,945 - AppiumTools.py [line:56] - ERROR: 端口-5920被占用，请手动重启：
2020-12-07 14:06:24,632 - AppiumTools.py [line:54] - ERROR: 端口-5920被占用，请手动重启：
2020-12-07 14:06:35,753 - AppiumTools.py [line:55] - ERROR: 端口-5920被占用，请手动重启：
2020-12-07 14:06:40,355 - AppiumTools.py [line:55] - ERROR: 端口-5920被占用，请手动重启：
2020-12-07 14:06:50,119 - AppiumTools.py [line:54] - ERROR: 端口-5920被占用，请手动重启：
2020-12-07 14:07:34,087 - AppiumTools.py [line:53] - ERROR: 端口-[5920, 5921, 5922]被占用，请手动重启！
2020-12-07 14:08:08,828 - AppiumTools.py [line:53] - ERROR: 端口-5920被占用，请手动重启！
2020-12-07 15:11:32,029 - AppiumTools.py [line:54] - ERROR: 端口-5920被占用，请手动重启！
2020-12-07 15:17:03,115 - AppiumTools.py [line:54] - ERROR: 端口-5920被占用，请手动重启！
2020-12-07 15:17:36,952 - AppiumTools.py [line:54] - ERROR: 端口-5920被占用，请手动重启！
2020-12-07 15:20:12,166 - AppiumTools.py [line:57] - ERROR: 端口-5920被占用，请手动重启！
2020-12-07 15:26:57,438 - AppiumTools.py [line:56] - ERROR: 端口-5920被占用，请手动重启！
2020-12-07 15:27:25,879 - AppiumTools.py [line:54] - ERROR: 端口-5920被占用，请手动重启！
2020-12-07 15:28:51,108 - AppiumTools.py [line:55] - ERROR: 端口-5920被占用，请手动重启！
2020-12-07 15:29:10,459 - AppiumTools.py [line:56] - ERROR: 端口-5920被占用，请手动重启！
2020-12-07 15:29:46,114 - AppiumTools.py [line:56] - ERROR: 端口-5920被占用，请手动重启！
2020-12-07 15:30:18,591 - AppiumTools.py [line:55] - ERROR: 端口-5920被占用，请手动重启！
2020-12-07 15:31:40,086 - AppiumTools.py [line:54] - ERROR: 端口-5920被占用，请手动重启！
2020-12-07 15:34:14,313 - AppiumTools.py [line:55] - ERROR: 端口-5920被占用，请手动重启！
2020-12-07 15:34:56,733 - AppiumTools.py [line:57] - ERROR: 端口-5920被占用，请手动重启！
2020-12-07 15:34:56,733 - AppiumTools.py [line:57] - ERROR: 端口-5925被占用，请手动重启！
2020-12-07 15:34:56,734 - AppiumTools.py [line:57] - ERROR: 端口-5920被占用，请手动重启！
2020-12-07 15:35:11,812 - AppiumTools.py [line:57] - ERROR: 端口-5920被占用，请手动重启！
2020-12-07 15:35:11,813 - AppiumTools.py [line:57] - ERROR: 端口-5925被占用，请手动重启！
2020-12-07 15:35:11,813 - AppiumTools.py [line:57] - ERROR: 端口-5920被占用，请手动重启！
2020-12-07 15:35:34,323 - AppiumTools.py [line:57] - ERROR: 端口-5920被占用，请手动重启！
2020-12-07 15:35:34,323 - AppiumTools.py [line:57] - ERROR: 端口-5925被占用，请手动重启！
2020-12-07 15:35:34,323 - AppiumTools.py [line:57] - ERROR: 端口-5920被占用，请手动重启！
2020-12-07 18:09:47,587 - AppiumTools.py [line:54] - ERROR: 端口-5925被占用，请手动重启！
