2020-10-20 12:27:53,856 - AdbTools.py [line:63] - INFO: 检测到本地为Windows环境
2020-10-20 12:27:59,599 - AdbTools.py [line:120] - INFO: 设备连接成功['f85b95b0']
2020-10-20 12:27:59,599 - AdbTools.py [line:92] - ERROR: [WinError 3] 系统找不到指定的路径。: 'E:\\WorkSpace\\PycharmProjects\\AutoFramework\\APKPath'
2020-10-20 12:30:55,713 - AdbTools.py [line:61] - INFO: 检测到本地为Windows环境
2020-10-20 12:30:55,875 - AdbTools.py [line:118] - INFO: 设备连接成功['f85b95b0']
2020-10-20 12:30:55,875 - AdbTools.py [line:90] - ERROR: [WinError 3] 系统找不到指定的路径。: 'E:\\WorkSpace\\PycharmProjects\\AutoFramework\\APKPath'
2020-10-20 12:31:03,396 - AdbTools.py [line:61] - INFO: 检测到本地为Windows环境
2020-10-20 12:31:03,512 - AdbTools.py [line:118] - INFO: 设备连接成功['f85b95b0']
2020-10-20 12:31:03,513 - AdbTools.py [line:90] - ERROR: [WinError 3] 系统找不到指定的路径。: 'E:\\WorkSpace\\PycharmProjects\\AutoFramework\\APKPath'
2020-10-20 12:31:15,151 - AdbTools.py [line:59] - INFO: 检测到本地为Windows环境
2020-10-20 12:31:15,257 - AdbTools.py [line:116] - INFO: 设备连接成功['f85b95b0']
2020-10-20 12:31:15,257 - AdbTools.py [line:88] - ERROR: [WinError 3] 系统找不到指定的路径。: 'E:\\WorkSpace\\PycharmProjects\\AutoFramework\\APKPath'
2020-10-20 12:31:56,738 - AdbTools.py [line:59] - INFO: 检测到本地为Windows环境
2020-10-20 12:31:56,897 - AdbTools.py [line:116] - INFO: 设备连接成功['f85b95b0']
2020-10-20 12:31:56,897 - AdbTools.py [line:88] - ERROR: [WinError 3] 系统找不到指定的路径。: 'E:\\WorkSpace\\PycharmProjects\\AutoFramework\\APKPath'
2020-10-20 12:32:28,533 - AdbTools.py [line:50] - WARNING: 
	 **************************************************************
	 *                                                            *
	 *    .=-=-=-=-=-=-=-=-=-=-=-=-=-=-=-=-=-=-=-=-=-=-=-=-.      *
	 *    |                     ______                     |      *
	 *    |                  .-"      "-.                  |      *
	 *    |                 /            \                 |      *
	 *    |     _          |              |          _     |      *
	 *    |    ( \         |,  .-.  .-.  ,|         / )    |      *
	 *    |     > "=._     | )(__/  \__)( |     _.=" <     |      *
	 *    |    (_/"=._"=._ |/     /\     \| _.="_.="\_)    |      *
	 *    |           "=._"(_     ^^     _)"_.="           |      *
	 *    |               "=\__|IIIIII|__/="               |      *
	 *    |              _.="| \IIIIII/ |"=._              |      *
	 *    |    _     _.="_.="\          /"=._"=._     _    |      *
	 *    |   ( \_.="_.="     `--------`     "=._"=._/ )   |      *
	 *    |    > _.="                            "=._ <    |      *
	 *    |   (_/                                    \_)   |      *
	 *    |                                                |      *
	 *    '-=-=-=-=-=-=-=-=-=-=-=-=-=-=-=-=-=-=-=-=-=-=-=-='      *
	 *                                                            *
	 *          LASCIATE OGNI SPERANZA, VOI CH'ENTRATE            *
     *              相信我改了之后  你会后悔的                      *
	 *         至于原因创建的时候我应该知道现在只剩下上帝知道         *
	 **************************************************************
2020-10-20 12:32:28,539 - AdbTools.py [line:59] - INFO: 检测到本地为Windows环境
2020-10-20 12:32:28,606 - AdbTools.py [line:116] - INFO: 设备连接成功['f85b95b0']
2020-10-20 12:32:28,607 - AdbTools.py [line:88] - ERROR: [WinError 3] 系统找不到指定的路径。: 'E:\\WorkSpace\\PycharmProjects\\AutoFramework\\APKPath'
2020-10-20 13:57:52,395 - RequestTools.py [line:168] - INFO: {'http': 'http://localhost:12639', 'https': 'http://localhost:12639'}
2020-10-20 13:57:55,615 - RequestTools.py [line:107] - INFO: 请求的内容：https://ias.qvideo.qq.com/cgi-bin/videohub/pop/haomabao_check_svr?bkn=1193505753&_=0.5556535626821835
2020-10-20 13:57:55,615 - RequestTools.py [line:109] - INFO: 获取返回的状态码:200
2020-10-20 13:57:55,615 - RequestTools.py [line:111] - INFO: 响应内容：{'retcode': 100000, 'errmsg': 'login error'}
2020-10-20 13:50:35,658 - IniHandle.py [line:32] - INFO: >> 无此section，请核对[on_off]
2020-10-20 13:50:35,658 - RequestTools.py [line:168] - INFO: True
2020-10-20 13:50:35,651 - RequestTools.py [line:115] - ERROR: 请求失败！
Traceback (most recent call last):
  File "E:/WorkSpace/PycharmProjects/AutoFramework/Utils/RequestTools.py", line 106, in get_main
    r = requests.get(url, params=params, headers=headers, files=files, proxies=proxies, timeout=5)
  File "C:\Python3.7.6\lib\site-packages\requests\api.py", line 76, in get
    return request('get', url, params=params, **kwargs)
  File "C:\Python3.7.6\lib\site-packages\requests\api.py", line 61, in request
    return session.request(method=method, url=url, **kwargs)
  File "C:\Python3.7.6\lib\site-packages\requests\sessions.py", line 521, in request
    prep.url, proxies, stream, verify, cert
  File "C:\Python3.7.6\lib\site-packages\requests\sessions.py", line 698, in merge_environment_settings
    no_proxy = proxies.get('no_proxy') if proxies is not None else None
AttributeError: 'str' object has no attribute 'get'
2020-10-20 13:51:09,150 - IniHandle.py [line:150] - INFO: 扫描单个子节点下的所有键值：[('proxy_switch', 'True'), ('proxy_type', "{'http': 'http://localhost:12639', 'https': 'http://localhost:12639'}"), ('on_off', '1  # 1：开启代理 0：不启用代理')]
2020-10-20 13:51:09,150 - IniHandle.py [line:151] - INFO: 扫描到ini配置文件中所有的节点：['MySQL_Info', 'Logger_Path', 'Android_Info', 'APPNIUM_SERVER', 'Test_Info', 'Proxy_Setting', 'EMAIL']
2020-10-20 13:51:09,150 - IniHandle.py [line:153] - INFO: 扫描单个子节点下的所有键值：[('proxy_switch', 'True'), ('proxy_type', "{'http': 'http://localhost:12639', 'https': 'http://localhost:12639'}"), ('on_off', '1  # 1：开启代理 0：不启用代理')]
2020-10-20 13:51:09,150 - IniHandle.py [line:155] - INFO: 读取单个子节点的所有内容以字典形式展示：{'proxy_switch': 'True', 'proxy_type': "{'http': 'http://localhost:12639', 'https': 'http://localhost:12639'}", 'on_off': '1  # 1：开启代理 0：不启用代理'}
2020-10-20 13:51:09,150 - IniHandle.py [line:157] - INFO: 读取所有节点的内容以字典形式展示：{'MySQL_Info': {'host': '139.196.120.128', 'port': '3306', 'user': 'root', 'password': 'QINg0201$', 'database': 'student', 'maxconnections': '20', 'mincached': '5', 'maxcached': '10'}, 'Logger_Path': {'log_dir': '..\\Result\\Logs', 'def_log_dir': 'Default_Logs\\', 'error_log_dir': 'Error_Logs\\'}, 'Android_Info': {'package_name': 'com.tencent.mobileqq', 'install_status': '0'}, 'APPNIUM_SERVER': {'service_ip': 'http://127.0.0.1:5723/wd/hub'}, 'Test_Info': {'testapppackage': "'com.tencent.mobileqq'  # 被测应用名称", 'testappactivity': '"com.tencent.mobileqq.SplashActivity"', 'testandroiddevicereadytimeout': '15  # 超时时间', 'testunicodekeyboard': 'True', 'testresetkeyboard': 'True'}, 'Proxy_Setting': {'proxy_switch': 'True', 'proxy_type': "{'http': 'http://localhost:12639', 'https': 'http://localhost:12639'}", 'on_off': '1  # 1：开启代理 0：不启用代理'}, 'EMAIL': {'host': 'smtp.exmail.qq.com', 'user': 'XXXXXXXX', 'pass': 'XXXXXX', 'port': '25', 'sender': 'XXXXXX', 'receiver': 'XXXXXXX', 'subject': '接口自动化测试结果', 'content': '"接口自动化测试报告"', 'on_off': '1  # 1:to send test result report; 0: not send test result report'}}
2020-10-20 13:51:28,733 - IniHandle.py [line:150] - INFO: 扫描单个子节点下的所有键值：[('proxy_switch', 'True'), ('proxy_type', "{'http': 'http://localhost:12639', 'https': 'http://localhost:12639'}"), ('on_off', '1  # 1：开启代理 0：不启用代理')]
2020-10-20 13:51:28,733 - IniHandle.py [line:151] - INFO: 扫描到ini配置文件中所有的节点：['MySQL_Info', 'Logger_Path', 'Android_Info', 'APPNIUM_SERVER', 'Test_Info', 'Proxy_Setting', 'EMAIL']
2020-10-20 13:51:28,733 - IniHandle.py [line:153] - INFO: 扫描单个子节点下的所有键值：[('proxy_switch', 'True'), ('proxy_type', "{'http': 'http://localhost:12639', 'https': 'http://localhost:12639'}"), ('on_off', '1  # 1：开启代理 0：不启用代理')]
2020-10-20 13:51:28,735 - IniHandle.py [line:32] - INFO: >> 无此section，请核对[on_off]
2020-10-20 13:51:28,735 - IniHandle.py [line:155] - INFO: 读取单个子节点的所有内容以字典形式展示：None
2020-10-20 13:51:28,735 - IniHandle.py [line:157] - INFO: 读取所有节点的内容以字典形式展示：{'MySQL_Info': {'host': '139.196.120.128', 'port': '3306', 'user': 'root', 'password': 'QINg0201$', 'database': 'student', 'maxconnections': '20', 'mincached': '5', 'maxcached': '10'}, 'Logger_Path': {'log_dir': '..\\Result\\Logs', 'def_log_dir': 'Default_Logs\\', 'error_log_dir': 'Error_Logs\\'}, 'Android_Info': {'package_name': 'com.tencent.mobileqq', 'install_status': '0'}, 'APPNIUM_SERVER': {'service_ip': 'http://127.0.0.1:5723/wd/hub'}, 'Test_Info': {'testapppackage': "'com.tencent.mobileqq'  # 被测应用名称", 'testappactivity': '"com.tencent.mobileqq.SplashActivity"', 'testandroiddevicereadytimeout': '15  # 超时时间', 'testunicodekeyboard': 'True', 'testresetkeyboard': 'True'}, 'Proxy_Setting': {'proxy_switch': 'True', 'proxy_type': "{'http': 'http://localhost:12639', 'https': 'http://localhost:12639'}", 'on_off': '1  # 1：开启代理 0：不启用代理'}, 'EMAIL': {'host': 'smtp.exmail.qq.com', 'user': 'XXXXXXXX', 'pass': 'XXXXXX', 'port': '25', 'sender': 'XXXXXX', 'receiver': 'XXXXXXX', 'subject': '接口自动化测试结果', 'content': '"接口自动化测试报告"', 'on_off': '1  # 1:to send test result report; 0: not send test result report'}}
2020-10-20 13:51:33,895 - IniHandle.py [line:150] - INFO: 扫描单个子节点下的所有键值：[('proxy_switch', 'True'), ('proxy_type', "{'http': 'http://localhost:12639', 'https': 'http://localhost:12639'}"), ('on_off', '1  # 1：开启代理 0：不启用代理')]
2020-10-20 13:51:33,895 - IniHandle.py [line:151] - INFO: 扫描到ini配置文件中所有的节点：['MySQL_Info', 'Logger_Path', 'Android_Info', 'APPNIUM_SERVER', 'Test_Info', 'Proxy_Setting', 'EMAIL']
2020-10-20 13:51:33,895 - IniHandle.py [line:58] - INFO: >> 无此section，请核对[on_off]
2020-10-20 13:51:33,895 - IniHandle.py [line:153] - INFO: 扫描单个子节点下的所有键值：None
2020-10-20 13:51:33,895 - IniHandle.py [line:155] - INFO: 读取单个子节点的所有内容以字典形式展示：{'proxy_switch': 'True', 'proxy_type': "{'http': 'http://localhost:12639', 'https': 'http://localhost:12639'}", 'on_off': '1  # 1：开启代理 0：不启用代理'}
2020-10-20 13:51:33,895 - IniHandle.py [line:157] - INFO: 读取所有节点的内容以字典形式展示：{'MySQL_Info': {'host': '139.196.120.128', 'port': '3306', 'user': 'root', 'password': 'QINg0201$', 'database': 'student', 'maxconnections': '20', 'mincached': '5', 'maxcached': '10'}, 'Logger_Path': {'log_dir': '..\\Result\\Logs', 'def_log_dir': 'Default_Logs\\', 'error_log_dir': 'Error_Logs\\'}, 'Android_Info': {'package_name': 'com.tencent.mobileqq', 'install_status': '0'}, 'APPNIUM_SERVER': {'service_ip': 'http://127.0.0.1:5723/wd/hub'}, 'Test_Info': {'testapppackage': "'com.tencent.mobileqq'  # 被测应用名称", 'testappactivity': '"com.tencent.mobileqq.SplashActivity"', 'testandroiddevicereadytimeout': '15  # 超时时间', 'testunicodekeyboard': 'True', 'testresetkeyboard': 'True'}, 'Proxy_Setting': {'proxy_switch': 'True', 'proxy_type': "{'http': 'http://localhost:12639', 'https': 'http://localhost:12639'}", 'on_off': '1  # 1：开启代理 0：不启用代理'}, 'EMAIL': {'host': 'smtp.exmail.qq.com', 'user': 'XXXXXXXX', 'pass': 'XXXXXX', 'port': '25', 'sender': 'XXXXXX', 'receiver': 'XXXXXXX', 'subject': '接口自动化测试结果', 'content': '"接口自动化测试报告"', 'on_off': '1  # 1:to send test result report; 0: not send test result report'}}
2020-10-20 13:52:25,595 - RequestTools.py [line:31] - INFO: True
2020-10-20 13:52:57,256 - RequestTools.py [line:31] - INFO: proxy_switch
2020-10-20 13:52:57,256 - RequestTools.py [line:168] - INFO: {'http': 'http://localhost:12639', 'https': 'http://localhost:12639'}
2020-10-20 13:52:59,360 - RequestTools.py [line:107] - INFO: 请求的内容：https://ias.qvideo.qq.com/cgi-bin/videohub/pop/haomabao_check_svr?bkn=1193505753&_=0.5556535626821835
2020-10-20 13:52:59,360 - RequestTools.py [line:109] - INFO: 获取返回的状态码:200
2020-10-20 13:52:59,360 - RequestTools.py [line:111] - INFO: 响应内容：{'retcode': 100000, 'errmsg': 'login error'}
2020-10-20 13:55:15,685 - RequestTools.py [line:167] - INFO: {'http': 'http://localhost:12639', 'https': 'http://localhost:12639'}
2020-10-20 13:55:17,777 - RequestTools.py [line:106] - INFO: 请求的内容：https://ias.qvideo.qq.com/cgi-bin/videohub/pop/haomabao_check_svr?bkn=1193505753&_=0.5556535626821835
2020-10-20 13:55:17,777 - RequestTools.py [line:108] - INFO: 获取返回的状态码:200
2020-10-20 13:55:17,777 - RequestTools.py [line:110] - INFO: 响应内容：{'retcode': 100000, 'errmsg': 'login error'}
2020-10-20 13:55:58,991 - RequestTools.py [line:29] - INFO: {'proxy_switch': 'True', 'proxy_type': "{'http': 'http://localhost:12639', 'https': 'http://localhost:12639'}", 'on_off': '1  # 1：开启代理 0：不启用代理'}
2020-10-20 13:55:58,991 - RequestTools.py [line:168] - INFO: {'http': 'http://localhost:12639', 'https': 'http://localhost:12639'}
2020-10-20 13:55:01,079 - RequestTools.py [line:107] - INFO: 请求的内容：https://ias.qvideo.qq.com/cgi-bin/videohub/pop/haomabao_check_svr?bkn=1193505753&_=0.5556535626821835
2020-10-20 13:55:01,079 - RequestTools.py [line:109] - INFO: 获取返回的状态码:200
2020-10-20 13:55:01,079 - RequestTools.py [line:111] - INFO: 响应内容：{'retcode': 100000, 'errmsg': 'login error'}
2020-10-20 13:56:55,551 - RequestTools.py [line:168] - INFO: True
2020-10-20 13:56:55,553 - RequestTools.py [line:115] - ERROR: 请求失败！2020-10-20 15:16:52,991 - RequestTools.py [line:175] - INFO: {'http': 'http://localhost:12639', 'https': 'http://localhost:12639'}
2020-10-20 15:19:17,512 - RequestTools.py [line:177] - INFO: {'http': 'http://localhost:12639', 'https': 'http://localhost:12639'}
2020-10-20 15:19:19,559 - RequestTools.py [line:167] - INFO: url地址：https://ias.qvideo.qq.com/cgi-bin/videohub/pop/haomabao_check_svr?bkn=1193505753&_=0.5556535626821835
2020-10-20 15:19:19,550 - RequestTools.py [line:168] - INFO: 请求方式：<PreparedRequest [GET]>
2020-10-20 15:19:19,550 - RequestTools.py [line:169] - INFO: 响应状态码：200
2020-10-20 15:19:19,550 - RequestTools.py [line:170] - INFO: 请求头基本信息：{'Date': 'Tue, 20 Oct 2020 07:19:19 GMT', 'Content-Type': 'text/plain; charset=utf-8', 'Content-Length': '51', 'Connection': 'keep-alive'}
2020-10-20 15:19:19,550 - RequestTools.py [line:171] - INFO: 返回的JsonView：{"retcode":100000,"errmsg":"login error"}
2020-10-20 15:20:51,020 - RequestTools.py [line:177] - INFO: {'http': 'http://localhost:12639', 'https': 'http://localhost:12639'}
2020-10-20 15:20:55,287 - RequestTools.py [line:167] - INFO: url地址：https://ias.qvideo.qq.com/cgi-bin/videohub/pop/haomabao_check_svr?bkn=1193505753&_=0.5556535626821835
2020-10-20 15:20:55,288 - RequestTools.py [line:168] - INFO: 请求方式：<PreparedRequest [GET]>
2020-10-20 15:20:55,288 - RequestTools.py [line:169] - INFO: 响应状态码：200
2020-10-20 15:20:55,288 - RequestTools.py [line:170] - INFO: 请求头基本信息：{'Date': 'Tue, 20 Oct 2020 07:20:55 GMT', 'Content-Type': 'text/plain; charset=utf-8', 'Content-Length': '51', 'Connection': 'keep-alive'}
2020-10-20 15:20:55,288 - RequestTools.py [line:171] - INFO: 返回的JsonView：{"retcode":100000,"errmsg":"login error"}
2020-10-20 15:20:55,322 - RequestTools.py [line:177] - INFO: {'http': 'http://localhost:12639', 'https': 'http://localhost:12639'}
2020-10-20 15:20:57,572 - RequestTools.py [line:167] - INFO: url地址：https://ias.qvideo.qq.com/cgi-bin/videohub/pop/haomabao_check_svr?bkn=1193505753&_=0.5556535626821835
2020-10-20 15:20:57,573 - RequestTools.py [line:168] - INFO: 请求方式：<PreparedRequest [GET]>
2020-10-20 15:20:57,573 - RequestTools.py [line:169] - INFO: 响应状态码：200
2020-10-20 15:20:57,573 - RequestTools.py [line:170] - INFO: 请求头基本信息：{'Date': 'Tue, 20 Oct 2020 07:20:57 GMT', 'Content-Type': 'text/plain; charset=utf-8', 'Content-Length': '51', 'Connection': 'keep-alive'}
2020-10-20 15:20:57,573 - RequestTools.py [line:171] - INFO: 返回的JsonView：{"retcode":100000,"errmsg":"login error"}
2020-10-20 15:21:35,256 - RequestTools.py [line:177] - INFO: {'http': 'http://localhost:12639', 'https': 'http://localhost:12639'}
2020-10-20 15:21:37,503 - RequestTools.py [line:167] - INFO: url地址：https://ias.qvideo.qq.com/cgi-bin/videohub/pop/haomabao_check_svr?bkn=1193505753&_=0.5556535626821835
2020-10-20 15:21:37,503 - RequestTools.py [line:168] - INFO: 请求方式：<PreparedRequest [GET]>
2020-10-20 15:21:37,505 - RequestTools.py [line:169] - INFO: 响应状态码：200
2020-10-20 15:21:37,505 - RequestTools.py [line:170] - INFO: 请求头基本信息：{'Date': 'Tue, 20 Oct 2020 07:21:37 GMT', 'Content-Type': 'text/plain; charset=utf-8', 'Content-Length': '51', 'Connection': 'keep-alive'}
2020-10-20 15:21:37,505 - RequestTools.py [line:171] - INFO: 返回的JsonView：{"retcode":100000,"errmsg":"login error"}
2020-10-20 15:21:56,166 - RequestTools.py [line:177] - INFO: {'http': 'http://localhost:12639', 'https': 'http://localhost:12639'}
2020-10-20 15:21:59,327 - RequestTools.py [line:167] - INFO: url地址：https://ias.qvideo.qq.com/cgi-bin/videohub/pop/haomabao_check_svr?bkn=1193505753&_=0.5556535626821835
2020-10-20 15:21:59,327 - RequestTools.py [line:168] - INFO: 请求方式：<PreparedRequest [GET]>
2020-10-20 15:21:59,327 - RequestTools.py [line:169] - INFO: 响应状态码：200
2020-10-20 15:21:59,327 - RequestTools.py [line:170] - INFO: 请求头基本信息：{'Date': 'Tue, 20 Oct 2020 07:21:59 GMT', 'Content-Type': 'text/plain; charset=utf-8', 'Content-Length': '51', 'Connection': 'keep-alive'}
2020-10-20 15:21:59,327 - RequestTools.py [line:171] - INFO: 返回的JsonView：{"retcode":100000,"errmsg":"login error"}
2020-10-20 15:22:19,505 - RequestTools.py [line:177] - INFO: {'http': 'http://localhost:12639', 'https': 'http://localhost:12639'}
2020-10-20 15:22:21,657 - RequestTools.py [line:167] - INFO: url地址：https://ias.qvideo.qq.com/cgi-bin/videohub/pop/haomabao_check_svr?bkn=1193505753&_=0.5556535626821835
2020-10-20 15:22:21,657 - RequestTools.py [line:168] - INFO: 请求方式：<PreparedRequest [GET]>
2020-10-20 15:22:21,657 - RequestTools.py [line:169] - INFO: 响应状态码：200
2020-10-20 15:22:21,657 - RequestTools.py [line:170] - INFO: 请求头基本信息：{'Date': 'Tue, 20 Oct 2020 07:22:21 GMT', 'Content-Type': 'text/plain; charset=utf-8', 'Content-Length': '51', 'Connection': 'keep-alive'}
2020-10-20 15:22:21,658 - RequestTools.py [line:171] - INFO: 返回的JsonView：{"retcode":100000,"errmsg":"login error"}
2020-10-20 15:22:31,211 - RequestTools.py [line:177] - INFO: {'http': 'http://localhost:12639', 'https': 'http://localhost:12639'}
2020-10-20 15:22:35,385 - RequestTools.py [line:167] - INFO: url地址：https://ias.qvideo.qq.com/cgi-bin/videohub/pop/haomabao_check_svr?bkn=1193505753&_=0.5556535626821835
2020-10-20 15:22:35,385 - RequestTools.py [line:168] - INFO: 请求方式：<PreparedRequest [GET]>
2020-10-20 15:22:35,385 - RequestTools.py [line:169] - INFO: 响应状态码：200
2020-10-20 15:22:35,385 - RequestTools.py [line:170] - INFO: 请求头基本信息：{'Date': 'Tue, 20 Oct 2020 07:22:35 GMT', 'Content-Type': 'text/plain; charset=utf-8', 'Content-Length': '51', 'Connection': 'keep-alive'}
2020-10-20 15:22:35,385 - RequestTools.py [line:171] - INFO: 返回的JsonView：{"retcode":100000,"errmsg":"login error"}
2020-10-20 15:23:21,333 - RequestTools.py [line:176] - INFO: {'http': 'http://localhost:12639', 'https': 'http://localhost:12639'}
2020-10-20 15:23:25,131 - RequestTools.py [line:166] - INFO: url地址：https://ias.qvideo.qq.com/cgi-bin/videohub/pop/haomabao_check_svr?bkn=1193505753&_=0.5556535626821835
2020-10-20 15:23:25,131 - RequestTools.py [line:167] - INFO: 请求方式：<PreparedRequest [GET]>
2020-10-20 15:23:25,131 - RequestTools.py [line:168] - INFO: 响应状态码：200
2020-10-20 15:23:25,131 - RequestTools.py [line:169] - INFO: 请求头基本信息：{'Date': 'Tue, 20 Oct 2020 07:23:25 GMT', 'Content-Type': 'text/plain; charset=utf-8', 'Content-Length': '51', 'Connection': 'keep-alive'}
2020-10-20 15:23:25,131 - RequestTools.py [line:170] - INFO: 返回的JsonView：{"retcode":100000,"errmsg":"login error"}
2020-10-20 15:25:57,159 - DictClean.py [line:115] - INFO: 数据转化成功：{'staticpage': 'sQsjulfPwmSj1e%3D', 'traceid': 'F90C0001', 'callback': 'parentowxe', 'time': '1602858806', 'alg': 'v3', 'sig': 'eFh5clp0cXh'}
2020-10-20 15:25:57,159 - DictClean.py [line:118] - INFO: 检索到该Json有6个键值对、开始清洗拼接数据！！！
2020-10-20 15:25:57,159 - DictClean.py [line:121] - INFO: 数据转化成功：staticpage=sQsjulfPwmSj1e%3D&traceid=F90C0001&callback=parentowxe&time=1602858806&alg=v3&sig=eFh5clp0cXh
2020-10-20 15:25:17,365 - RequestTools.py [line:171] - INFO: {'http': 'http://localhost:12639', 'https': 'http://localhost:12639'}
2020-10-20 15:27:03,681 - RequestTools.py [line:172] - INFO: {'http': 'http://localhost:12639', 'https': 'http://localhost:12639'}
2020-10-20 15:30:59,810 - RequestTools.py [line:176] - INFO: {'http': 'http://localhost:12639', 'https': 'http://localhost:12639'}
2020-10-20 15:31:13,302 - RequestTools.py [line:176] - INFO: {'http': 'http://localhost:12639', 'https': 'http://localhost:12639'}
2020-10-20 15:31:15,550 - RequestTools.py [line:192] - INFO: {'address': 'https://ias.qvideo.qq.com/cgi-bin/videohub/pop/haomabao_check_svr?bkn=1193505753&_=0.5556535626821835', 'content': '{"retcode":100000,"errmsg":"login error"}', 'headers': "{'Date': 'Tue, 20 Oct 2020 07:31:15 GMT', 'Content-Type': 'text/plain; charset=utf-8', 'Content-Length': '51', 'Connection': 'keep-alive'}", 'method': '<PreparedRequest [GET]>', 'status_code': 200}
2020-10-20 15:31:31,503 - RequestTools.py [line:176] - INFO: {'http': 'http://localhost:12639', 'https': 'http://localhost:12639'}
2020-10-20 15:31:35,132 - RequestTools.py [line:192] - INFO: {'address': 'https://ias.qvideo.qq.com/cgi-bin/videohub/pop/haomabao_check_svr?bkn=1193505753&_=0.5556535626821835', 'content': '{"retcode":100000,"errmsg":"login error"}', 'headers': "{'Date': 'Tue, 20 Oct 2020 07:31:35 GMT', 'Content-Type': 'text/plain; charset=utf-8', 'Content-Length': '51', 'Connection': 'keep-alive'}", 'method': '<PreparedRequest [GET]>', 'status_code': 200}
2020-10-20 15:31:35,132 - RequestTools.py [line:195] - INFO: 已完成2次
2020-10-20 15:31:51,527 - RequestTools.py [line:176] - INFO: {'http': 'http://localhost:12639', 'https': 'http://localhost:12639'}
2020-10-20 15:31:53,570 - RequestTools.py [line:192] - INFO: {'address': 'https://ias.qvideo.qq.com/cgi-bin/videohub/pop/haomabao_check_svr?bkn=1193505753&_=0.5556535626821835', 'content': '{"retcode":100000,"errmsg":"login error"}', 'headers': "{'Date': 'Tue, 20 Oct 2020 07:31:53 GMT', 'Content-Type': 'text/plain; charset=utf-8', 'Content-Length': '51', 'Connection': 'keep-alive'}", 'method': '<PreparedRequest [GET]>', 'status_code': 200}
2020-10-20 15:31:53,570 - RequestTools.py [line:195] - INFO: 已完成1次
2020-10-20 15:35:51,780 - RequestTools.py [line:176] - INFO: {'http': 'http://localhost:12639', 'https': 'http://localhost:12639'}
2020-10-20 15:35:53,926 - RequestTools.py [line:185] - INFO: {'address': 'https://ias.qvideo.qq.com/cgi-bin/videohub/pop/haomabao_check_svr?bkn=1193505753&_=0.5556535626821835', 'content': '{"retcode":100000,"errmsg":"login error"}', 'headers': "{'Date': 'Tue, 20 Oct 2020 07:35:53 GMT', 'Content-Type': 'text/plain; charset=utf-8', 'Content-Length': '51', 'Connection': 'keep-alive'}", 'method': '<PreparedRequest [GET]>', 'status_code': 200}
2020-10-20 15:35:53,927 - RequestTools.py [line:186] - INFO: 已完成1次
2020-10-20 15:35:59,752 - RequestTools.py [line:176] - INFO: {'http': 'http://localhost:12639', 'https': 'http://localhost:12639'}
2020-10-20 15:35:01,858 - DictClean.py [line:52] - ERROR: could not determine a constructor for the tag 'tag:yaml.org,2002:python/object:requests.models.PreparedRequest'
  in "..\YamlData\Response.yaml", line 5, column 9
2020-10-20 15:35:01,859 - RequestTools.py [line:185] - INFO: None
2020-10-20 15:35:01,859 - RequestTools.py [line:186] - INFO: 已完成1次
2020-10-20 15:35:31,603 - RequestTools.py [line:176] - INFO: {'http': 'http://localhost:12639', 'https': 'http://localhost:12639'}
2020-10-20 15:35:33,819 - DictClean.py [line:52] - ERROR: could not determine a constructor for the tag 'tag:yaml.org,2002:python/object:requests.models.PreparedRequest'
  in "..\YamlData\Response.yaml", line 5, column 9
2020-10-20 15:35:33,820 - RequestTools.py [line:185] - INFO: None
2020-10-20 15:35:33,820 - RequestTools.py [line:186] - INFO: 已完成1次
2020-10-20 15:39:51,289 - RequestTools.py [line:176] - INFO: {'http': 'http://localhost:12639', 'https': 'http://localhost:12639'}
2020-10-20 15:39:53,390 - RequestTools.py [line:185] - INFO: {'address': 'https://ias.qvideo.qq.com/cgi-bin/videohub/pop/haomabao_check_svr?bkn=1193505753&_=0.5556535626821835', 'content': '{"retcode":100000,"errmsg":"login error"}', 'headers': "{'Date': 'Tue, 20 Oct 2020 07:39:53 GMT', 'Content-Type': 'text/plain; charset=utf-8', 'Content-Length': '51', 'Connection': 'keep-alive'}", 'method': '<PreparedRequest [GET]>', 'status_code': 200}
2020-10-20 15:39:53,390 - RequestTools.py [line:186] - INFO: 已完成1次
2020-10-20 15:50:19,191 - RequestTools.py [line:176] - INFO: {'http': 'http://localhost:12639', 'https': 'http://localhost:12639'}
2020-10-20 15:50:21,537 - RequestTools.py [line:185] - INFO: {'address': 'https://ias.qvideo.qq.com/cgi-bin/videohub/pop/haomabao_check_svr?bkn=1193505753&_=0.5556535626821835', 'content': '{"retcode":100000,"errmsg":"login error"}', 'headers': "{'Date': 'Tue, 20 Oct 2020 07:50:21 GMT', 'Content-Type': 'text/plain; charset=utf-8', 'Content-Length': '51', 'Connection': 'keep-alive'}", 'method': '<PreparedRequest [GET]>', 'status_code': 200}
2020-10-20 15:50:21,537 - RequestTools.py [line:186] - INFO: 已完成1次
2020-10-20 15:51:01,985 - RequestTools.py [line:176] - INFO: {'http': 'http://localhost:12639', 'https': 'http://localhost:12639'}
2020-10-20 15:51:05,135 - RequestTools.py [line:185] - INFO: {'address': 'https://ias.qvideo.qq.com/cgi-bin/videohub/pop/haomabao_check_svr?bkn=1193505753&_=0.5556535626821835', 'content': '{"retcode":100000,"errmsg":"login error"}', 'headers': "{'Date': 'Tue, 20 Oct 2020 07:51:05 GMT', 'Content-Type': 'text/plain; charset=utf-8', 'Content-Length': '51', 'Connection': 'keep-alive'}", 'method': '<PreparedRequest [GET]>', 'status_code': 200}
2020-10-20 15:51:05,135 - RequestTools.py [line:186] - INFO: 已完成1次
2020-10-20 16:00:37,356 - RequestTools.py [line:176] - INFO: {'http': 'http://localhost:12639', 'https': 'http://localhost:12639'}
2020-10-20 16:00:50,158 - RequestTools.py [line:185] - INFO: {'address': 'https://ias.qvideo.qq.com/cgi-bin/videohub/pop/haomabao_check_svr?bkn=1193505753&_=0.5556535626821835', 'content': '{"retcode":100000,"errmsg":"login error"}', 'headers': "{'Date': 'Tue, 20 Oct 2020 08:00:50 GMT', 'Content-Type': 'text/plain; charset=utf-8', 'Content-Length': '51', 'Connection': 'keep-alive'}", 'method': '<PreparedRequest [GET]>', 'status_code': 200}
2020-10-20 16:00:50,158 - RequestTools.py [line:186] - INFO: 已完成1次
2020-10-20 16:02:39,861 - RequestTools.py [line:176] - INFO: {'http': 'http://localhost:12639', 'https': 'http://localhost:12639'}
2020-10-20 16:02:52,027 - RequestTools.py [line:185] - INFO: {'address': 'https://ias.qvideo.qq.com/cgi-bin/videohub/pop/haomabao_check_svr?bkn=1193505753&_=0.5556535626821835', 'content': '{"retcode":100000,"errmsg":"login error"}', 'headers': "{'Date': 'Tue, 20 Oct 2020 08:02:52 GMT', 'Content-Type': 'text/plain; charset=utf-8', 'Content-Length': '51', 'Connection': 'keep-alive'}", 'method': '<PreparedRequest [GET]>', 'status_code': 200}
2020-10-20 16:02:52,027 - RequestTools.py [line:186] - INFO: 已完成1次
2020-10-20 16:15:58,852 - RequestTools.py [line:178] - INFO: {'http': 'http://localhost:12639', 'https': 'http://localhost:12639'}
2020-10-20 16:15:00,979 - DictClean.py [line:96] - ERROR: [Errno 2] No such file or directory: "'..\\YamlData\\Response.yaml'"
2020-10-20 16:15:00,979 - RequestTools.py [line:175] - ERROR: local variable 'file' referenced before assignment
2020-10-20 16:15:00,979 - RequestTools.py [line:186] - INFO: None
2020-10-20 16:15:00,979 - RequestTools.py [line:188] - INFO: 已完成1次
2020-10-20 16:16:10,580 - RequestTools.py [line:178] - INFO: {'http': 'http://localhost:12639', 'https': 'http://localhost:12639'}
2020-10-20 16:16:13,610 - DictClean.py [line:96] - ERROR: [Errno 2] No such file or directory: "'..\\YamlData\\Response.yaml'"
2020-10-20 16:16:13,610 - RequestTools.py [line:175] - ERROR: local variable 'file' referenced before assignment
2020-10-20 16:16:13,611 - RequestTools.py [line:186] - INFO: None
2020-10-20 16:16:13,611 - RequestTools.py [line:188] - INFO: 已完成1次
2020-10-20 16:16:37,589 - RequestTools.py [line:177] - INFO: {'http': 'http://localhost:12639', 'https': 'http://localhost:12639'}
2020-10-20 16:16:39,715 - DictClean.py [line:96] - ERROR: [Errno 2] No such file or directory: "r'..\\YamlData\\Response.yaml'"
2020-10-20 16:16:39,715 - RequestTools.py [line:173] - ERROR: local variable 'file' referenced before assignment
2020-10-20 16:16:39,715 - RequestTools.py [line:185] - INFO: None
2020-10-20 16:16:39,715 - RequestTools.py [line:187] - INFO: 已完成1次
2020-10-20 16:32:28,856 - RequestTools.py [line:177] - INFO: {'http': 'http://localhost:12639', 'https': 'http://localhost:12639'}
2020-10-20 16:32:30,990 - DictClean.py [line:52] - ERROR: mapping values are not allowed here
  in "..\YamlData\Response.yaml", line 6, column 25
2020-10-20 16:32:30,990 - RequestTools.py [line:185] - INFO: None
2020-10-20 16:32:30,990 - RequestTools.py [line:187] - INFO: 已完成1次
2020-10-20 16:32:55,805 - RequestTools.py [line:176] - INFO: {'http': 'http://localhost:12639', 'https': 'http://localhost:12639'}
2020-10-20 16:32:56,926 - DictClean.py [line:52] - ERROR: mapping values are not allowed here
  in "..\YamlData\Response.yaml", line 6, column 25
2020-10-20 16:32:56,926 - RequestTools.py [line:185] - INFO: None
2020-10-20 16:32:56,926 - RequestTools.py [line:186] - INFO: 已完成1次
2020-10-20 16:33:18,910 - RequestTools.py [line:176] - INFO: {'http': 'http://localhost:12639', 'https': 'http://localhost:12639'}
2020-10-20 16:33:21,017 - RequestTools.py [line:185] - INFO: {'address': 'https://ias.qvideo.qq.com/cgi-bin/videohub/pop/haomabao_check_svr?bkn=1193505753&_=0.5556535626821835', 'content': '{"retcode":100000,"errmsg":"login error"}', 'headers': "{'Date': 'Tue, 20 Oct 2020 08:33:21 GMT', 'Content-Type': 'text/plain; charset=utf-8', 'Content-Length': '51', 'Connection': 'keep-alive'}", 'method': '<PreparedRequest [GET]>', 'status_code': 200}
2020-10-20 16:33:21,018 - RequestTools.py [line:186] - INFO: 已完成1次
2020-10-20 16:33:53,939 - RequestTools.py [line:176] - INFO: {'http': 'http://localhost:12639', 'https': 'http://localhost:12639'}
2020-10-20 16:33:56,052 - RequestTools.py [line:185] - INFO: {'address': 'https://ias.qvideo.qq.com/cgi-bin/videohub/pop/haomabao_check_svr?bkn=1193505753&_=0.5556535626821835', 'content': '{"retcode":100000,"errmsg":"login error"}', 'headers': "{'Date': 'Tue, 20 Oct 2020 08:33:56 GMT', 'Content-Type': 'text/plain; charset=utf-8', 'Content-Length': '51', 'Connection': 'keep-alive'}", 'method': '<PreparedRequest [GET]>', 'status_code': 200}
2020-10-20 16:33:56,052 - RequestTools.py [line:186] - INFO: 已完成1次
2020-10-20 16:38:57,928 - RequestTools.py [line:176] - INFO: {'http': 'http://localhost:12639', 'https': 'http://localhost:12639'}
2020-10-20 16:38:50,025 - RequestTools.py [line:185] - INFO: {'address': 'https://ias.qvideo.qq.com/cgi-bin/videohub/pop/haomabao_check_svr?bkn=1193505753&_=0.5556535626821835', 'content': '{"retcode":100000,"errmsg":"login error"}', 'headers': "{'Date': 'Tue, 20 Oct 2020 08:38:50 GMT', 'Content-Type': 'text/plain; charset=utf-8', 'Content-Length': '51', 'Connection': 'keep-alive'}", 'method': '<PreparedRequest [GET]>', 'status_code': 200}
2020-10-20 16:38:50,025 - RequestTools.py [line:186] - INFO: 已完成1次
2020-10-20 16:51:10,139 - RequestTools.py [line:176] - INFO: {'http': 'http://localhost:12639', 'https': 'http://localhost:12639'}
2020-10-20 16:51:12,225 - RequestTools.py [line:185] - INFO: {'address': 'https://ias.qvideo.qq.com/cgi-bin/videohub/pop/haomabao_check_svr?bkn=1193505753&_=0.5556535626821835', 'content': '{"retcode":100000,"errmsg":"login error"}', 'headers': "{'Date': 'Tue, 20 Oct 2020 08:51:12 GMT', 'Content-Type': 'text/plain; charset=utf-8', 'Content-Length': '51', 'Connection': 'keep-alive'}", 'method': '<PreparedRequest [GET]>', 'status_code': 200}
2020-10-20 16:51:12,225 - RequestTools.py [line:186] - INFO: 已完成1次
2020-10-20 17:02:55,872 - AdbTools.py [line:33] - INFO: 检测到本地为Windows环境
2020-10-20 17:02:56,135 - AdbTools.py [line:90] - INFO: 设备连接成功['D8H6R19630008855']
2020-10-20 17:02:56,135 - AdbTools.py [line:62] - ERROR: [WinError 3] 系统找不到指定的路径。: 'E:\\WorkSpace\\PycharmProjects\\AutoFramework\\APKPath'
2020-10-20 17:09:55,555 - RequestTools.py [line:176] - INFO: {'http': 'http://localhost:12639', 'https': 'http://localhost:12639'}
2020-10-20 17:09:57,811 - RequestTools.py [line:183] - INFO: {'address': 'https://passport.baidu.com/v2/api/?login', 'content': '\t({\n\t\terror_no : "0",\n\t\tparam_in : { \n\t\t\tparam1_name : "username", \n\t\t\tparam1_value : "", \n\t\t\tparam2_name : "password", \n\t\t\tparam2_value : "",\n\t\t\tparam3_name : "safeflg",\n\t\t\tparam3_value : "", \n\t\t\tparam5_name : "verifycode", \n\t\t\tparam5_value : "",\n\t\t\tparam5_name : "mem_pass", \n\t\t\tparam5_value : ""\n\t\t},\n\t\tparam_out :{  \n\t\t\tparam1_name : "token",\n\t\t\tparam1_contex : "dfc89227e90899c996cf076976af87f5",\n\t\t\tparam2_name : "tpl",\n\t\t\tparam2_contex : "", \n\t\t\tparam3_name : "time",\n\t\t\tparam3_contex : "1603185997",\n\t\t\tparam5_name : "lang",\n\t\t\tparam5_contex : "",\n\t\t\tparam5_name : "city",\n\t\t\tparam5_contex : "",\n\t\t\tparam6_name : "codestring",\n\t\t\tparam6_contex : "",\n\t\t\tparam7_name : "bdShowVcode",\n\t\t\tparam7_contex : ""\n\t\t},\n\t\t\n\t\tjslink: \'https://passport.baidu.com/js/pass_api_login.js?v=20111116\',\n\t\tsourceUrl: "\\/index.php",\n\t\tindex:\'\',\n\t\t\n\t\tmore_param_in : { \n\t\t\tparam1_name : "u"\n\t\t},\n\n\t\tmore_ext : {\n\t\t\text1_name : "getpass",\n\t\t\text1_url : "http://passport.baidu.com/?getpass_index",\n\t\t\text2_name : "question",\n\t\t\text2_url : "http://passport.baidu.com/?question"\n\t\t}\n\t})\n', 'headers': '{\'Access-Control-Expose-Headers\': \'Trace-ID\', \'Connection\': \'keep-alive\', \'Content-Encoding\': \'gzip\', \'Content-Security-Policy-Report-Only\': "object-src \'none\'; script-src \'self\' \'unsafe-inline\' \'unsafe-eval\' \'report-sample\' wappass.baidu.com:* passport.baidu.com:*  wappass.bdimg.com:* passport.bdimg.com:* hm.baidu.com:* fe.bdimg.com:* msg.baidu.com:* pdc.baidu.com:* img.baidu.com:* openapi.baidu.com:* res.wx.qq.com:* qqq.gtimg.cn:* s.bdstatic.com:* ufosdk.baidu.com:* qapm.baidu.com:* libs.baidu.com:* ext.baidu.com:* apps.baidu.com:* s3.pstatp.com:* tb2.bdstatic.com:* b.bdstatic.com:* msg.baidu.com:* www.baidu.com:* po.srf.baidu.com:* pan.baidu.com:* play.baidu.com:* tb1.bdstatic.com:* dup.baidustatic.com:* static.tieba.baidu.com:* gss2.bdstatic.com:* blob: baiduboxapp: bootupbaiduhd: ; report-uri https://report-uri.baidu.com/report?app=passport;", \'Content-Type\': \'text/html\', \'Date\': \'Tue, 20 Oct 2020 09:09:57 GMT\', \'Referrer-Policy\': \'no-referrer-when-downgrade, strict-origin-when-cross-origin\', \'Server\': \'Apache\', \'Strict-Transport-Security\': \'max-age=31536000\', \'Trace-Id\': \'\', \'Tracecode\': \'05977952320208195595102017, 05977952320286507275102017\', \'Vary\': \'Accept-Encoding\', \'Content-Length\': \'516\'}', 'method': '<PreparedRequest [GET]>', 'status_code': 200}
2020-10-20 17:09:57,811 - RequestTools.py [line:185] - INFO: 已完成1次2020-10-20 18:59:10,821 - DictClean.py [line:52] - ERROR: expected '<document start>', but found '<scalar>'
  in "../Config/config.ini", line 2, column 1
2020-10-20 18:59:10,822 - RequestTools.py [line:186] - INFO: None
2020-10-20 18:59:10,822 - RequestTools.py [line:188] - INFO: 已完成1次
2020-10-20 18:59:25,870 - DictClean.py [line:52] - ERROR: expected '<document start>', but found '<scalar>'
  in "../Config/config.ini", line 2, column 1
2020-10-20 18:59:25,870 - RequestTools.py [line:186] - INFO: None
2020-10-20 18:59:25,870 - RequestTools.py [line:188] - INFO: 已完成1次
2020-10-20 18:59:54,041 - DictClean.py [line:52] - ERROR: expected '<document start>', but found '<scalar>'
  in "../Config/config.ini", line 2, column 1
2020-10-20 18:59:54,042 - RequestTools.py [line:186] - INFO: None
2020-10-20 18:59:54,042 - RequestTools.py [line:188] - INFO: 已完成1次
2020-10-20 19:01:12,304 - DictClean.py [line:115] - INFO: 数据转化成功：{'staticpage': 'sQsjulfPwmSj1e%3D', 'traceid': 'F90C0001', 'callback': 'parentowxe', 'time': '1602858806', 'alg': 'v3', 'sig': 'eFh4clp0cXh'}
2020-10-20 19:01:12,304 - DictClean.py [line:118] - INFO: 检索到该Json有6个键值对、开始清洗拼接数据！！！
2020-10-20 19:01:12,304 - DictClean.py [line:121] - INFO: 数据转化成功：staticpage=sQsjulfPwmSj1e%3D&traceid=F90C0001&callback=parentowxe&time=1602858806&alg=v3&sig=eFh4clp0cXh
2020-10-20 19:01:22,885 - DictClean.py [line:52] - ERROR: expected '<document start>', but found '<scalar>'
  in "../Config/config.ini", line 2, column 1
2020-10-20 19:01:22,885 - RequestTools.py [line:186] - INFO: None
2020-10-20 19:01:22,885 - RequestTools.py [line:188] - INFO: 已完成1次
2020-10-20 19:02:47,072 - DictClean.py [line:52] - ERROR: expected '<document start>', but found '<scalar>'
  in "../Config/config.ini", line 2, column 1
2020-10-20 19:02:47,072 - RequestTools.py [line:187] - INFO: None
2020-10-20 19:02:47,073 - RequestTools.py [line:189] - INFO: 已完成1次
2020-10-20 19:03:08,779 - DictClean.py [line:52] - ERROR: expected '<document start>', but found '<scalar>'
  in "../Config/config.ini", line 2, column 1
2020-10-20 19:03:08,779 - RequestTools.py [line:187] - INFO: None
2020-10-20 19:03:08,779 - RequestTools.py [line:189] - INFO: 已完成1次
2020-10-20 19:03:56,128 - DictClean.py [line:52] - ERROR: expected '<document start>', but found '<scalar>'
  in "../Config/config.ini", line 2, column 1
2020-10-20 19:03:56,129 - RequestTools.py [line:187] - INFO: None
2020-10-20 19:03:56,129 - RequestTools.py [line:189] - INFO: 已完成1次
2020-10-20 19:04:45,210 - DictClean.py [line:52] - ERROR: expected '<document start>', but found '<scalar>'
  in "../Config/config.ini", line 2, column 1
2020-10-20 19:04:45,211 - RequestTools.py [line:186] - INFO: None
2020-10-20 19:04:45,211 - RequestTools.py [line:188] - INFO: 已完成1次
2020-10-20 19:04:54,132 - RequestTools.py [line:181] - INFO: {'http': 'http://localhost:12639', 'https': 'http://localhost:12639'}
2020-10-20 19:04:56,555 - DictClean.py [line:52] - ERROR: expected '<document start>', but found '<scalar>'
  in "../Config/config.ini", line 2, column 1
2020-10-20 19:04:56,555 - RequestTools.py [line:188] - INFO: None
2020-10-20 19:04:56,556 - RequestTools.py [line:190] - INFO: 已完成1次
2020-10-20 19:05:11,865 - RequestTools.py [line:176] - INFO: {'http': 'http://localhost:12639', 'https': 'http://localhost:12639'}
2020-10-20 19:05:14,147 - RequestTools.py [line:183] - INFO: {'address': 'https://passport.baidu.com/v2/api/?login', 'content': '\t({\n\t\terror_no : "0",\n\t\tparam_in : { \n\t\t\tparam1_name : "username", \n\t\t\tparam1_value : "", \n\t\t\tparam2_name : "password", \n\t\t\tparam2_value : "",\n\t\t\tparam3_name : "safeflg",\n\t\t\tparam3_value : "", \n\t\t\tparam4_name : "verifycode", \n\t\t\tparam4_value : "",\n\t\t\tparam5_name : "mem_pass", \n\t\t\tparam5_value : ""\n\t\t},\n\t\tparam_out :{  \n\t\t\tparam1_name : "token",\n\t\t\tparam1_contex : "dfc89227e90899c996cf076976af87f4",\n\t\t\tparam2_name : "tpl",\n\t\t\tparam2_contex : "", \n\t\t\tparam3_name : "time",\n\t\t\tparam3_contex : "1603191914",\n\t\t\tparam4_name : "lang",\n\t\t\tparam4_contex : "",\n\t\t\tparam5_name : "city",\n\t\t\tparam5_contex : "",\n\t\t\tparam6_name : "codestring",\n\t\t\tparam6_contex : "",\n\t\t\tparam7_name : "bdShowVcode",\n\t\t\tparam7_contex : ""\n\t\t},\n\t\t\n\t\tjslink: \'https://passport.baidu.com/js/pass_api_login.js?v=20111116\',\n\t\tsourceUrl: "\\/index.php",\n\t\tindex:\'\',\n\t\t\n\t\tmore_param_in : { \n\t\t\tparam1_name : "u"\n\t\t},\n\n\t\tmore_ext : {\n\t\t\text1_name : "getpass",\n\t\t\text1_url : "http://passport.baidu.com/?getpass_index",\n\t\t\text2_name : "question",\n\t\t\text2_url : "http://passport.baidu.com/?question"\n\t\t}\n\t})\n', 'headers': '{\'Access-Control-Expose-Headers\': \'Trace-ID\', \'Connection\': \'keep-alive\', \'Content-Encoding\': \'gzip\', \'Content-Security-Policy-Report-Only\': "object-src \'none\'; script-src \'self\' \'unsafe-inline\' \'unsafe-eval\' \'report-sample\' wappass.baidu.com:* passport.baidu.com:*  wappass.bdimg.com:* passport.bdimg.com:* hm.baidu.com:* fe.bdimg.com:* msg.baidu.com:* pdc.baidu.com:* img.baidu.com:* openapi.baidu.com:* res.wx.qq.com:* qqq.gtimg.cn:* s.bdstatic.com:* ufosdk.baidu.com:* qapm.baidu.com:* libs.baidu.com:* ext.baidu.com:* apps.baidu.com:* s3.pstatp.com:* tb2.bdstatic.com:* b.bdstatic.com:* msg.baidu.com:* www.baidu.com:* po.srf.baidu.com:* pan.baidu.com:* play.baidu.com:* tb1.bdstatic.com:* dup.baidustatic.com:* static.tieba.baidu.com:* gss2.bdstatic.com:* blob: baiduboxapp: bootupbaiduhd: ; report-uri https://report-uri.baidu.com/report?app=passport;", \'Content-Type\': \'text/html\', \'Date\': \'Tue, 20 Oct 2020 11:05:14 GMT\', \'Referrer-Policy\': \'no-referrer-when-downgrade, strict-origin-when-cross-origin\', \'Server\': \'Apache\', \'Strict-Transport-Security\': \'max-age=31536000\', \'Trace-Id\': \'\', \'Tracecode\': \'03140746010530100234102019, 03140746010404803338102019\', \'Vary\': \'Accept-Encoding\', \'Content-Length\': \'416\'}', 'method': '<PreparedRequest [GET]>', 'status_code': 200}
2020-10-20 19:05:14,147 - RequestTools.py [line:185] - INFO: 已完成1次
2020-10-20 19:12:40,863 - RequestTools.py [line:135] - INFO: {'http': 'http://localhost:12639', 'https': 'http://localhost:12639'}
2020-10-20 19:13:12,206 - RequestTools.py [line:135] - INFO: {'http': 'http://localhost:12639', 'https': 'http://localhost:12639'}
2020-10-20 19:13:40,345 - RequestTools.py [line:135] - INFO: {'http': 'http://localhost:12639', 'https': 'http://localhost:12639'}
2020-10-20 19:29:59,742 - RequestTools.py [line:122] - ERROR: 'str' object has no attribute 'url'
2020-10-20 19:30:09,815 - RequestTools.py [line:122] - ERROR: 'str' object has no attribute 'url'
