2020-09-09 09:58:58,173 - Adb_Tools.py [line:80] - ERROR: 请检查目标设备是否与主机连接成功！！！
2020-09-09 09:59:47,550 - Adb_Tools.py [line:609] - ERROR: /sdcards文件不存在！！！
2020-09-09 10:03:04,777 - Adb_Tools.py [line:655] - ERROR: list index out of range
2020-09-09 10:03:59,051 - Adb_Tools.py [line:655] - ERROR: 'str' object has no attribute 'stdout'
2020-09-09 10:04:04,892 - Adb_Tools.py [line:655] - ERROR: 'str' object has no attribute 'read'
2020-09-09 10:05:07,238 - Adb_Tools.py [line:653] - ERROR: name 'locked_status' is not defined
2020-09-09 10:15:45,838 - Adb_Tools.py [line:80] - ERROR: 请检查目标设备是否与主机连接成功！！！
2020-09-09 10:15:59,125 - Adb_Tools.py [line:653] - ERROR: 'tuple' object has no attribute 'replace'
2020-09-09 10:16:05,232 - Adb_Tools.py [line:653] - ERROR: 'tuple' object has no attribute 'replace'
2020-09-09 11:05:43,243 - Adb_Tools.py [line:653] - ERROR: not all arguments converted during string formatting
2020-09-09 11:15:46,595 - Adb_Tools.py [line:80] - ERROR: 请检查目标设备是否与主机连接成功！！！
2020-09-09 11:24:39,870 - Adb_Tools.py [line:80] - ERROR: 请检查目标设备是否与主机连接成功！！！
2020-09-09 11:24:39,870 - Adb_Tools.py [line:637] - ERROR: 'bool' object is not iterable
2020-09-09 11:25:16,484 - Adb_Tools.py [line:80] - ERROR: 请检查目标设备是否与主机连接成功！！！
2020-09-09 11:25:16,588 - Adb_Tools.py [line:80] - ERROR: 请检查目标设备是否与主机连接成功！！！
2020-09-09 11:25:31,950 - Adb_Tools.py [line:80] - ERROR: 请检查目标设备是否与主机连接成功！！！
2020-09-09 11:25:52,068 - Adb_Tools.py [line:80] - ERROR: 请检查目标设备是否与主机连接成功！！！
2020-09-09 11:26:00,253 - Adb_Tools.py [line:80] - ERROR: 请检查目标设备是否与主机连接成功！！！
2020-09-09 11:26:14,892 - Adb_Tools.py [line:80] - ERROR: 请检查目标设备是否与主机连接成功！！！
2020-09-09 11:26:14,892 - Adb_Tools.py [line:640] - ERROR: 'NoneType' object is not iterable
2020-09-09 11:26:19,490 - Adb_Tools.py [line:80] - ERROR: 请检查目标设备是否与主机连接成功！！！
2020-09-09 11:26:25,634 - Adb_Tools.py [line:80] - ERROR: 请检查目标设备是否与主机连接成功！！！
2020-09-09 11:27:51,765 - Adb_Tools.py [line:80] - ERROR: 请检查目标设备是否与主机连接成功！！！
2020-09-09 11:28:54,288 - Adb_Tools.py [line:80] - ERROR: 请检查目标设备是否与主机连接成功！！！
2020-09-09 11:29:06,095 - Adb_Tools.py [line:80] - ERROR: 请检查目标设备是否与主机连接成功！！！
2020-09-09 19:08:59,556 - Adb_Tools.py [line:153] - ERROR: 2252d57a设备卸载com.tencent.mobileqq失败：Failure [DELETE_FAILED_INTERNAL_ERROR]
2020-09-09 19:08:59,794 - Adb_Tools.py [line:153] - ERROR: 2252d57a设备卸载com.tencent.mobileqq失败：Failure [DELETE_FAILED_INTERNAL_ERROR]
2020-09-09 19:09:00,013 - Adb_Tools.py [line:153] - ERROR: 2252d57a设备卸载com.tencent.mobileqq失败：Failure [DELETE_FAILED_INTERNAL_ERROR]
2020-09-09 19:09:00,236 - Adb_Tools.py [line:153] - ERROR: 2252d57a设备卸载com.tencent.mobileqq失败：Failure [DELETE_FAILED_INTERNAL_ERROR]
2020-09-09 19:09:00,457 - Adb_Tools.py [line:153] - ERROR: 2252d57a设备卸载com.tencent.mobileqq失败：Failure [DELETE_FAILED_INTERNAL_ERROR]
2020-09-09 19:09:00,680 - Adb_Tools.py [line:153] - ERROR: 2252d57a设备卸载com.tencent.mobileqq失败：Failure [DELETE_FAILED_INTERNAL_ERROR]
2020-09-09 19:09:00,948 - Adb_Tools.py [line:153] - ERROR: 2252d57a设备卸载com.tencent.mobileqq失败：Failure [DELETE_FAILED_INTERNAL_ERROR]
2020-09-09 19:09:01,182 - Adb_Tools.py [line:153] - ERROR: 2252d57a设备卸载com.tencent.mobileqq失败：Failure [DELETE_FAILED_INTERNAL_ERROR]
2020-09-09 19:09:01,412 - Adb_Tools.py [line:153] - ERROR: 2252d57a设备卸载com.tencent.mobileqq失败：Failure [DELETE_FAILED_INTERNAL_ERROR]
2020-09-09 19:09:01,645 - Adb_Tools.py [line:153] - ERROR: 2252d57a设备卸载com.tencent.mobileqq失败：Failure [DELETE_FAILED_INTERNAL_ERROR]
2020-09-09 19:09:01,897 - Adb_Tools.py [line:153] - ERROR: 2252d57a设备卸载com.tencent.mobileqq失败：Failure [DELETE_FAILED_INTERNAL_ERROR]
2020-09-09 19:09:02,146 - Adb_Tools.py [line:153] - ERROR: 2252d57a设备卸载com.tencent.mobileqq失败：Failure [DELETE_FAILED_INTERNAL_ERROR]
2020-09-09 19:09:02,386 - Adb_Tools.py [line:153] - ERROR: 2252d57a设备卸载com.tencent.mobileqq失败：Failure [DELETE_FAILED_INTERNAL_ERROR]
2020-09-09 19:09:02,623 - Adb_Tools.py [line:153] - ERROR: 2252d57a设备卸载com.tencent.mobileqq失败：Failure [DELETE_FAILED_INTERNAL_ERROR]
2020-09-09 19:09:02,861 - Adb_Tools.py [line:153] - ERROR: 2252d57a设备卸载com.tencent.mobileqq失败：Failure [DELETE_FAILED_INTERNAL_ERROR]
2020-09-09 19:10:02,058 - Adb_Tools.py [line:153] - ERROR: 2252d57a设备卸载com.tencent.mobileqq失败：Failure [DELETE_FAILED_INTERNAL_ERROR]
2020-09-09 19:10:02,606 - Adb_Tools.py [line:153] - ERROR: 2252d57a设备卸载com.tencent.mobileqq失败：Failure [DELETE_FAILED_INTERNAL_ERROR]
2020-09-09 19:10:03,198 - Adb_Tools.py [line:153] - ERROR: 2252d57a设备卸载com.tencent.mobileqq失败：Failure [DELETE_FAILED_INTERNAL_ERROR]
2020-09-09 19:10:03,785 - Adb_Tools.py [line:153] - ERROR: 2252d57a设备卸载com.tencent.mobileqq失败：Failure [DELETE_FAILED_INTERNAL_ERROR]
2020-09-09 19:10:42,663 - Adb_Tools.py [line:153] - ERROR: 2252d57a设备卸载com.tencent.mobileqq失败：Failure [DELETE_FAILED_INTERNAL_ERROR]
2020-09-09 19:11:06,691 - Adb_Tools.py [line:153] - ERROR: 2252d57a设备卸载com.tencent.mobileqq失败：Failure [DELETE_FAILED_INTERNAL_ERROR]
2020-09-09 19:11:13,361 - Adb_Tools.py [line:153] - ERROR: 2252d57a设备卸载com.tencent.mobileqq失败：Failure [DELETE_FAILED_INTERNAL_ERROR]
2020-09-09 19:11:23,557 - Adb_Tools.py [line:153] - ERROR: 2252d57a设备卸载com.tencent.mobileqq失败：Failure [DELETE_FAILED_INTERNAL_ERROR]
2020-09-09 19:12:56,231 - Adb_Tools.py [line:153] - ERROR: 2252d57a设备卸载com.tencent.mobileqq失败：Failure [DELETE_FAILED_INTERNAL_ERROR]
2020-09-09 19:12:57,124 - Adb_Tools.py [line:153] - ERROR: 2252d57a设备卸载com.tencent.mobileqq失败：Failure [DELETE_FAILED_INTERNAL_ERROR]
2020-09-09 19:12:57,963 - Adb_Tools.py [line:153] - ERROR: 2252d57a设备卸载com.tencent.mobileqq失败：Failure [DELETE_FAILED_INTERNAL_ERROR]
2020-09-09 19:13:22,955 - Adb_Tools.py [line:153] - ERROR: 2252d57a设备卸载com.tencent.mobileqq失败：Failure [DELETE_FAILED_INTERNAL_ERROR]
2020-09-09 19:13:23,496 - Adb_Tools.py [line:153] - ERROR: 2252d57a设备卸载com.tencent.mobileqq失败：Failure [DELETE_FAILED_INTERNAL_ERROR]
2020-09-09 19:13:42,353 - Adb_Tools.py [line:153] - ERROR: 2252d57a设备卸载com.tencent.mobileqq失败：Failure [DELETE_FAILED_INTERNAL_ERROR]
2020-09-09 19:31:33,647 - Adb_Tools.py [line:80] - ERROR: 请检查目标设备是否与主机连接成功！！！
2020-09-09 19:31:33,757 - Adb_Tools.py [line:80] - ERROR: 请检查目标设备是否与主机连接成功！！！
2020-09-09 19:31:33,869 - Adb_Tools.py [line:80] - ERROR: 请检查目标设备是否与主机连接成功！！！
2020-09-09 19:31:33,971 - Adb_Tools.py [line:80] - ERROR: 请检查目标设备是否与主机连接成功！！！
2020-09-09 19:31:34,078 - Adb_Tools.py [line:80] - ERROR: 请检查目标设备是否与主机连接成功！！！
2020-09-09 19:31:34,179 - Adb_Tools.py [line:80] - ERROR: 请检查目标设备是否与主机连接成功！！！
2020-09-09 19:31:34,300 - Adb_Tools.py [line:80] - ERROR: 请检查目标设备是否与主机连接成功！！！
2020-09-09 19:31:34,413 - Adb_Tools.py [line:80] - ERROR: 请检查目标设备是否与主机连接成功！！！
2020-09-09 19:31:34,520 - Adb_Tools.py [line:80] - ERROR: 请检查目标设备是否与主机连接成功！！！
2020-09-09 19:31:34,624 - Adb_Tools.py [line:80] - ERROR: 请检查目标设备是否与主机连接成功！！！
2020-09-09 19:31:34,736 - Adb_Tools.py [line:80] - ERROR: 请检查目标设备是否与主机连接成功！！！
2020-09-09 19:31:34,842 - Adb_Tools.py [line:80] - ERROR: 请检查目标设备是否与主机连接成功！！！
2020-09-09 19:33:22,129 - Adb_Tools.py [line:80] - ERROR: 请检查目标设备是否与主机连接成功！！！
2020-09-09 19:33:42,143 - Adb_Tools.py [line:633] - ERROR: 本地未安装：package_name：com.tencent.mobileqq
2020-09-09 19:33:54,199 - Adb_Tools.py [line:80] - ERROR: 请检查目标设备是否与主机连接成功！！！
2020-09-09 19:33:55,948 - Adb_Tools.py [line:80] - ERROR: 请检查目标设备是否与主机连接成功！！！
2020-09-09 19:36:43,693 - Adb_Tools.py [line:633] - ERROR: 本地未安装：package_name：com.tencent.mobileqq
2020-09-09 19:36:43,693 - Adb_Tools.py [line:895] - ERROR: 安装！！！
2020-09-09 19:36:44,028 - Adb_Tools.py [line:633] - ERROR: 本地未安装：package_name：com.tencent.mobileqq
2020-09-09 19:36:44,028 - Adb_Tools.py [line:895] - ERROR: 安装！！！
2020-09-09 19:36:44,310 - Adb_Tools.py [line:633] - ERROR: 本地未安装：package_name：com.tencent.mobileqq
2020-09-09 19:36:44,310 - Adb_Tools.py [line:895] - ERROR: 安装！！！
2020-09-09 19:36:44,620 - Adb_Tools.py [line:633] - ERROR: 本地未安装：package_name：com.tencent.mobileqq
2020-09-09 19:36:44,620 - Adb_Tools.py [line:895] - ERROR: 安装！！！
2020-09-09 19:36:44,946 - Adb_Tools.py [line:633] - ERROR: 本地未安装：package_name：com.tencent.mobileqq
2020-09-09 19:36:44,946 - Adb_Tools.py [line:895] - ERROR: 安装！！！
2020-09-09 19:36:45,278 - Adb_Tools.py [line:633] - ERROR: 本地未安装：package_name：com.tencent.mobileqq
2020-09-09 19:36:45,278 - Adb_Tools.py [line:895] - ERROR: 安装！！！
2020-09-09 19:36:45,580 - Adb_Tools.py [line:633] - ERROR: 本地未安装：package_name：com.tencent.mobileqq
2020-09-09 19:36:45,580 - Adb_Tools.py [line:895] - ERROR: 安装！！！
2020-09-09 19:36:45,892 - Adb_Tools.py [line:633] - ERROR: 本地未安装：package_name：com.tencent.mobileqq
2020-09-09 19:36:45,892 - Adb_Tools.py [line:895] - ERROR: 安装！！！
2020-09-09 19:36:46,191 - Adb_Tools.py [line:633] - ERROR: 本地未安装：package_name：com.tencent.mobileqq
2020-09-09 19:36:46,191 - Adb_Tools.py [line:895] - ERROR: 安装！！！
2020-09-09 19:36:46,471 - Adb_Tools.py [line:633] - ERROR: 本地未安装：package_name：com.tencent.mobileqq
2020-09-09 19:36:46,471 - Adb_Tools.py [line:895] - ERROR: 安装！！！
2020-09-09 19:36:46,782 - Adb_Tools.py [line:633] - ERROR: 本地未安装：package_name：com.tencent.mobileqq
2020-09-09 19:36:46,782 - Adb_Tools.py [line:895] - ERROR: 安装！！！
2020-09-09 19:36:47,092 - Adb_Tools.py [line:633] - ERROR: 本地未安装：package_name：com.tencent.mobileqq
2020-09-09 19:36:47,092 - Adb_Tools.py [line:895] - ERROR: 安装！！！
2020-09-09 19:36:47,399 - Adb_Tools.py [line:633] - ERROR: 本地未安装：package_name：com.tencent.mobileqq
2020-09-09 19:36:47,399 - Adb_Tools.py [line:895] - ERROR: 安装！！！
2020-09-09 19:37:12,226 - Adb_Tools.py [line:633] - ERROR: 本地未安装：package_name：com.tencent.mobileqq
2020-09-09 19:37:26,917 - Adb_Tools.py [line:633] - ERROR: 本地未安装：package_name：com.tencent.mobileqq
2020-09-09 19:37:55,530 - Adb_Tools.py [line:633] - ERROR: 本地未安装：package_name：com.tencent.mobileqq
2020-09-09 19:38:30,693 - Adb_Tools.py [line:633] - ERROR: 本地未安装：package_name：com.tencent.mobileqq
2020-09-09 19:38:39,186 - Adb_Tools.py [line:633] - ERROR: 本地未安装：package_name：com.tencent.mobileqq
2020-09-09 19:39:58,266 - Adb_Tools.py [line:633] - ERROR: 本地未安装：package_name：com.tencent.mobileqq
2020-09-09 19:40:35,124 - Adb_Tools.py [line:633] - ERROR: 本地未安装：package_name：com.tencent.mobileqq
2020-09-09 19:41:53,960 - Adb_Tools.py [line:633] - ERROR: 本地未安装：package_name：com.tencent.mobileqq
2020-09-09 19:44:42,395 - Adb_Tools.py [line:633] - ERROR: 本地未安装：package_name：com.tencent.mobileqq
2020-09-09 19:45:13,904 - Adb_Tools.py [line:633] - ERROR: 本地未安装：package_name：com.tencent.mobileqq
2020-09-09 19:46:47,932 - Adb_Tools.py [line:633] - ERROR: 本地未安装：package_name：com.tencent.mobileqq
2020-09-09 19:47:59,771 - Adb_Tools.py [line:633] - ERROR: 本地未安装：package_name：com.tencent.mobileqq
2020-09-09 19:48:31,226 - Adb_Tools.py [line:633] - ERROR: 本地未安装：package_name：com.tencent.mobileqq
2020-09-09 19:49:30,021 - Adb_Tools.py [line:633] - ERROR: 本地未安装：package_name：com.tencent.mobileqq
2020-09-09 19:50:52,322 - Adb_Tools.py [line:633] - ERROR: 本地未安装：package_name：com.tencent.mobileqq
2020-09-09 19:51:22,924 - Adb_Tools.py [line:633] - ERROR: 本地未安装：package_name：com.tencent.mobileqq
2020-09-09 19:52:02,978 - Adb_Tools.py [line:633] - ERROR: 本地未安装：package_name：com.tencent.mobileqq
2020-09-09 19:52:42,430 - Adb_Tools.py [line:633] - ERROR: 本地未安装：package_name：com.tencent.mobileqq
2020-09-09 19:53:12,740 - Adb_Tools.py [line:132] - ERROR: 设备：2252d57a安装成功！！！
2020-09-09 19:53:20,059 - Adb_Tools.py [line:633] - ERROR: 本地未安装：package_name：com.tencent.mobileqq
2020-09-09 20:04:44,790 - Adb_Tools.py [line:80] - ERROR: 请检查目标设备是否与主机连接成功！！！
2020-09-09 20:04:44,897 - Adb_Tools.py [line:80] - ERROR: 请检查目标设备是否与主机连接成功！！！
2020-09-09 20:04:44,995 - Adb_Tools.py [line:80] - ERROR: 请检查目标设备是否与主机连接成功！！！
2020-09-09 20:04:45,093 - Adb_Tools.py [line:80] - ERROR: 请检查目标设备是否与主机连接成功！！！
2020-09-09 20:04:45,199 - Adb_Tools.py [line:80] - ERROR: 请检查目标设备是否与主机连接成功！！！
2020-09-09 20:04:45,322 - Adb_Tools.py [line:80] - ERROR: 请检查目标设备是否与主机连接成功！！！
2020-09-09 20:04:45,433 - Adb_Tools.py [line:80] - ERROR: 请检查目标设备是否与主机连接成功！！！
2020-09-09 20:04:45,540 - Adb_Tools.py [line:80] - ERROR: 请检查目标设备是否与主机连接成功！！！
2020-09-09 20:04:45,653 - Adb_Tools.py [line:80] - ERROR: 请检查目标设备是否与主机连接成功！！！
2020-09-09 20:04:45,757 - Adb_Tools.py [line:80] - ERROR: 请检查目标设备是否与主机连接成功！！！
2020-09-09 20:04:45,875 - Adb_Tools.py [line:80] - ERROR: 请检查目标设备是否与主机连接成功！！！
2020-09-09 20:04:45,995 - Adb_Tools.py [line:80] - ERROR: 请检查目标设备是否与主机连接成功！！！
2020-09-09 20:04:46,101 - Adb_Tools.py [line:80] - ERROR: 请检查目标设备是否与主机连接成功！！！
2020-09-09 20:04:46,216 - Adb_Tools.py [line:80] - ERROR: 请检查目标设备是否与主机连接成功！！！
2020-09-09 20:04:46,336 - Adb_Tools.py [line:80] - ERROR: 请检查目标设备是否与主机连接成功！！！
2020-09-09 20:04:46,442 - Adb_Tools.py [line:80] - ERROR: 请检查目标设备是否与主机连接成功！！！
2020-09-09 20:04:46,550 - Adb_Tools.py [line:80] - ERROR: 请检查目标设备是否与主机连接成功！！！
2020-09-09 20:04:46,668 - Adb_Tools.py [line:80] - ERROR: 请检查目标设备是否与主机连接成功！！！
2020-09-09 20:04:46,776 - Adb_Tools.py [line:80] - ERROR: 请检查目标设备是否与主机连接成功！！！
2020-09-09 20:04:46,881 - Adb_Tools.py [line:80] - ERROR: 请检查目标设备是否与主机连接成功！！！
2020-09-09 20:04:46,997 - Adb_Tools.py [line:80] - ERROR: 请检查目标设备是否与主机连接成功！！！
2020-09-09 20:04:47,104 - Adb_Tools.py [line:80] - ERROR: 请检查目标设备是否与主机连接成功！！！
2020-09-09 20:04:47,215 - Adb_Tools.py [line:80] - ERROR: 请检查目标设备是否与主机连接成功！！！
2020-09-09 20:04:47,338 - Adb_Tools.py [line:80] - ERROR: 请检查目标设备是否与主机连接成功！！！
2020-09-09 20:04:47,471 - Adb_Tools.py [line:80] - ERROR: 请检查目标设备是否与主机连接成功！！！
2020-09-09 20:07:16,755 - Adb_Tools.py [line:80] - ERROR: 请检查目标设备是否与主机连接成功！！！
2020-09-09 20:07:16,870 - Adb_Tools.py [line:80] - ERROR: 请检查目标设备是否与主机连接成功！！！
2020-09-09 20:07:16,995 - Adb_Tools.py [line:80] - ERROR: 请检查目标设备是否与主机连接成功！！！
2020-09-09 20:07:17,098 - Adb_Tools.py [line:80] - ERROR: 请检查目标设备是否与主机连接成功！！！
2020-09-09 20:07:17,202 - Adb_Tools.py [line:80] - ERROR: 请检查目标设备是否与主机连接成功！！！
2020-09-09 20:07:17,309 - Adb_Tools.py [line:80] - ERROR: 请检查目标设备是否与主机连接成功！！！
2020-09-09 20:07:17,419 - Adb_Tools.py [line:80] - ERROR: 请检查目标设备是否与主机连接成功！！！
2020-09-09 20:07:17,527 - Adb_Tools.py [line:80] - ERROR: 请检查目标设备是否与主机连接成功！！！
2020-09-09 20:07:17,648 - Adb_Tools.py [line:80] - ERROR: 请检查目标设备是否与主机连接成功！！！
2020-09-09 20:07:17,750 - Adb_Tools.py [line:80] - ERROR: 请检查目标设备是否与主机连接成功！！！
2020-09-09 20:07:17,861 - Adb_Tools.py [line:80] - ERROR: 请检查目标设备是否与主机连接成功！！！
2020-09-09 20:07:17,978 - Adb_Tools.py [line:80] - ERROR: 请检查目标设备是否与主机连接成功！！！
2020-09-09 20:07:18,088 - Adb_Tools.py [line:80] - ERROR: 请检查目标设备是否与主机连接成功！！！
2020-09-09 20:07:18,198 - Adb_Tools.py [line:80] - ERROR: 请检查目标设备是否与主机连接成功！！！
2020-09-09 20:07:18,312 - Adb_Tools.py [line:80] - ERROR: 请检查目标设备是否与主机连接成功！！！
2020-09-09 20:07:18,421 - Adb_Tools.py [line:80] - ERROR: 请检查目标设备是否与主机连接成功！！！
2020-09-09 20:07:18,536 - Adb_Tools.py [line:80] - ERROR: 请检查目标设备是否与主机连接成功！！！
2020-09-09 20:07:18,650 - Adb_Tools.py [line:80] - ERROR: 请检查目标设备是否与主机连接成功！！！
2020-09-09 20:07:18,764 - Adb_Tools.py [line:80] - ERROR: 请检查目标设备是否与主机连接成功！！！
2020-09-09 20:07:18,878 - Adb_Tools.py [line:80] - ERROR: 请检查目标设备是否与主机连接成功！！！
2020-09-09 20:07:18,983 - Adb_Tools.py [line:80] - ERROR: 请检查目标设备是否与主机连接成功！！！
2020-09-09 20:07:19,091 - Adb_Tools.py [line:80] - ERROR: 请检查目标设备是否与主机连接成功！！！
2020-09-09 20:07:19,199 - Adb_Tools.py [line:80] - ERROR: 请检查目标设备是否与主机连接成功！！！
2020-09-09 20:07:19,318 - Adb_Tools.py [line:80] - ERROR: 请检查目标设备是否与主机连接成功！！！
2020-09-09 20:07:19,431 - Adb_Tools.py [line:80] - ERROR: 请检查目标设备是否与主机连接成功！！！
2020-09-09 20:07:19,535 - Adb_Tools.py [line:80] - ERROR: 请检查目标设备是否与主机连接成功！！！
2020-09-09 20:07:19,643 - Adb_Tools.py [line:80] - ERROR: 请检查目标设备是否与主机连接成功！！！
2020-09-09 20:07:19,756 - Adb_Tools.py [line:80] - ERROR: 请检查目标设备是否与主机连接成功！！！
2020-09-09 20:07:19,860 - Adb_Tools.py [line:80] - ERROR: 请检查目标设备是否与主机连接成功！！！
2020-09-09 20:07:19,970 - Adb_Tools.py [line:80] - ERROR: 请检查目标设备是否与主机连接成功！！！
2020-09-09 20:07:20,076 - Adb_Tools.py [line:80] - ERROR: 请检查目标设备是否与主机连接成功！！！
2020-09-09 20:07:20,189 - Adb_Tools.py [line:80] - ERROR: 请检查目标设备是否与主机连接成功！！！
2020-09-09 20:07:20,291 - Adb_Tools.py [line:80] - ERROR: 请检查目标设备是否与主机连接成功！！！
2020-09-09 20:07:20,403 - Adb_Tools.py [line:80] - ERROR: 请检查目标设备是否与主机连接成功！！！
2020-09-09 20:07:20,514 - Adb_Tools.py [line:80] - ERROR: 请检查目标设备是否与主机连接成功！！！
2020-09-09 20:07:20,619 - Adb_Tools.py [line:80] - ERROR: 请检查目标设备是否与主机连接成功！！！
2020-09-09 20:07:20,726 - Adb_Tools.py [line:80] - ERROR: 请检查目标设备是否与主机连接成功！！！
2020-09-09 20:07:20,834 - Adb_Tools.py [line:80] - ERROR: 请检查目标设备是否与主机连接成功！！！
2020-09-09 20:07:20,940 - Adb_Tools.py [line:80] - ERROR: 请检查目标设备是否与主机连接成功！！！
2020-09-09 20:07:21,041 - Adb_Tools.py [line:80] - ERROR: 请检查目标设备是否与主机连接成功！！！
2020-09-09 20:07:21,157 - Adb_Tools.py [line:80] - ERROR: 请检查目标设备是否与主机连接成功！！！
2020-09-09 20:07:21,270 - Adb_Tools.py [line:80] - ERROR: 请检查目标设备是否与主机连接成功！！！
2020-09-09 20:07:21,374 - Adb_Tools.py [line:80] - ERROR: 请检查目标设备是否与主机连接成功！！！
2020-09-09 20:07:21,477 - Adb_Tools.py [line:80] - ERROR: 请检查目标设备是否与主机连接成功！！！
2020-09-09 20:07:21,587 - Adb_Tools.py [line:80] - ERROR: 请检查目标设备是否与主机连接成功！！！
2020-09-09 20:07:21,691 - Adb_Tools.py [line:80] - ERROR: 请检查目标设备是否与主机连接成功！！！
2020-09-09 20:07:21,802 - Adb_Tools.py [line:80] - ERROR: 请检查目标设备是否与主机连接成功！！！
2020-09-09 20:07:37,452 - Adb_Tools.py [line:80] - ERROR: 请检查目标设备是否与主机连接成功！！！
2020-09-09 20:07:37,556 - Adb_Tools.py [line:80] - ERROR: 请检查目标设备是否与主机连接成功！！！
2020-09-09 20:07:37,667 - Adb_Tools.py [line:80] - ERROR: 请检查目标设备是否与主机连接成功！！！
2020-09-09 20:07:37,781 - Adb_Tools.py [line:80] - ERROR: 请检查目标设备是否与主机连接成功！！！
2020-09-09 20:07:37,885 - Adb_Tools.py [line:80] - ERROR: 请检查目标设备是否与主机连接成功！！！
2020-09-09 20:07:37,996 - Adb_Tools.py [line:80] - ERROR: 请检查目标设备是否与主机连接成功！！！
2020-09-09 20:07:38,102 - Adb_Tools.py [line:80] - ERROR: 请检查目标设备是否与主机连接成功！！！
2020-09-09 20:07:38,212 - Adb_Tools.py [line:80] - ERROR: 请检查目标设备是否与主机连接成功！！！
2020-09-09 20:07:38,330 - Adb_Tools.py [line:80] - ERROR: 请检查目标设备是否与主机连接成功！！！
2020-09-09 20:07:38,458 - Adb_Tools.py [line:80] - ERROR: 请检查目标设备是否与主机连接成功！！！
2020-09-09 20:07:38,565 - Adb_Tools.py [line:80] - ERROR: 请检查目标设备是否与主机连接成功！！！
2020-09-09 20:07:38,666 - Adb_Tools.py [line:80] - ERROR: 请检查目标设备是否与主机连接成功！！！
2020-09-09 20:07:38,779 - Adb_Tools.py [line:80] - ERROR: 请检查目标设备是否与主机连接成功！！！
2020-09-09 20:07:38,890 - Adb_Tools.py [line:80] - ERROR: 请检查目标设备是否与主机连接成功！！！
2020-09-09 20:07:39,000 - Adb_Tools.py [line:80] - ERROR: 请检查目标设备是否与主机连接成功！！！
2020-09-09 20:07:39,104 - Adb_Tools.py [line:80] - ERROR: 请检查目标设备是否与主机连接成功！！！
2020-09-09 20:07:39,231 - Adb_Tools.py [line:80] - ERROR: 请检查目标设备是否与主机连接成功！！！
2020-09-09 20:07:39,333 - Adb_Tools.py [line:80] - ERROR: 请检查目标设备是否与主机连接成功！！！
2020-09-09 20:07:39,444 - Adb_Tools.py [line:80] - ERROR: 请检查目标设备是否与主机连接成功！！！
2020-09-09 20:07:39,557 - Adb_Tools.py [line:80] - ERROR: 请检查目标设备是否与主机连接成功！！！
2020-09-09 20:07:39,669 - Adb_Tools.py [line:80] - ERROR: 请检查目标设备是否与主机连接成功！！！
2020-09-09 20:07:39,769 - Adb_Tools.py [line:80] - ERROR: 请检查目标设备是否与主机连接成功！！！
2020-09-09 20:07:39,877 - Adb_Tools.py [line:80] - ERROR: 请检查目标设备是否与主机连接成功！！！
2020-09-09 20:07:39,989 - Adb_Tools.py [line:80] - ERROR: 请检查目标设备是否与主机连接成功！！！
2020-09-09 20:07:40,104 - Adb_Tools.py [line:80] - ERROR: 请检查目标设备是否与主机连接成功！！！
2020-09-09 20:07:40,209 - Adb_Tools.py [line:80] - ERROR: 请检查目标设备是否与主机连接成功！！！
2020-09-09 20:07:40,313 - Adb_Tools.py [line:80] - ERROR: 请检查目标设备是否与主机连接成功！！！
2020-09-09 20:07:40,409 - Adb_Tools.py [line:80] - ERROR: 请检查目标设备是否与主机连接成功！！！
2020-09-09 20:07:40,524 - Adb_Tools.py [line:80] - ERROR: 请检查目标设备是否与主机连接成功！！！
2020-09-09 20:07:40,626 - Adb_Tools.py [line:80] - ERROR: 请检查目标设备是否与主机连接成功！！！
2020-09-09 20:07:40,748 - Adb_Tools.py [line:80] - ERROR: 请检查目标设备是否与主机连接成功！！！
2020-09-09 20:07:40,849 - Adb_Tools.py [line:80] - ERROR: 请检查目标设备是否与主机连接成功！！！
2020-09-09 20:07:40,969 - Adb_Tools.py [line:80] - ERROR: 请检查目标设备是否与主机连接成功！！！
2020-09-09 20:07:41,071 - Adb_Tools.py [line:80] - ERROR: 请检查目标设备是否与主机连接成功！！！
2020-09-09 20:07:41,187 - Adb_Tools.py [line:80] - ERROR: 请检查目标设备是否与主机连接成功！！！
2020-09-09 20:07:41,294 - Adb_Tools.py [line:80] - ERROR: 请检查目标设备是否与主机连接成功！！！
2020-09-09 20:07:41,399 - Adb_Tools.py [line:80] - ERROR: 请检查目标设备是否与主机连接成功！！！
2020-09-09 20:07:41,509 - Adb_Tools.py [line:80] - ERROR: 请检查目标设备是否与主机连接成功！！！
2020-09-09 20:07:41,624 - Adb_Tools.py [line:80] - ERROR: 请检查目标设备是否与主机连接成功！！！
2020-09-09 20:07:41,737 - Adb_Tools.py [line:80] - ERROR: 请检查目标设备是否与主机连接成功！！！
2020-09-09 20:07:41,838 - Adb_Tools.py [line:80] - ERROR: 请检查目标设备是否与主机连接成功！！！
2020-09-09 20:07:41,955 - Adb_Tools.py [line:80] - ERROR: 请检查目标设备是否与主机连接成功！！！
2020-09-09 20:07:42,054 - Adb_Tools.py [line:80] - ERROR: 请检查目标设备是否与主机连接成功！！！
2020-09-09 20:07:42,161 - Adb_Tools.py [line:80] - ERROR: 请检查目标设备是否与主机连接成功！！！
2020-09-09 20:07:42,267 - Adb_Tools.py [line:80] - ERROR: 请检查目标设备是否与主机连接成功！！！
2020-09-09 20:07:42,363 - Adb_Tools.py [line:80] - ERROR: 请检查目标设备是否与主机连接成功！！！
2020-09-09 20:07:42,464 - Adb_Tools.py [line:80] - ERROR: 请检查目标设备是否与主机连接成功！！！
2020-09-09 20:07:42,567 - Adb_Tools.py [line:80] - ERROR: 请检查目标设备是否与主机连接成功！！！
2020-09-09 20:07:42,669 - Adb_Tools.py [line:80] - ERROR: 请检查目标设备是否与主机连接成功！！！
2020-09-09 20:07:42,789 - Adb_Tools.py [line:80] - ERROR: 请检查目标设备是否与主机连接成功！！！
2020-09-09 20:07:42,895 - Adb_Tools.py [line:80] - ERROR: 请检查目标设备是否与主机连接成功！！！
2020-09-09 20:07:43,000 - Adb_Tools.py [line:80] - ERROR: 请检查目标设备是否与主机连接成功！！！
2020-09-09 20:07:43,102 - Adb_Tools.py [line:80] - ERROR: 请检查目标设备是否与主机连接成功！！！
2020-09-09 20:07:43,214 - Adb_Tools.py [line:80] - ERROR: 请检查目标设备是否与主机连接成功！！！
2020-09-09 20:07:43,340 - Adb_Tools.py [line:80] - ERROR: 请检查目标设备是否与主机连接成功！！！
2020-09-09 20:07:43,452 - Adb_Tools.py [line:80] - ERROR: 请检查目标设备是否与主机连接成功！！！
2020-09-09 20:07:43,571 - Adb_Tools.py [line:80] - ERROR: 请检查目标设备是否与主机连接成功！！！
2020-09-09 20:07:43,684 - Adb_Tools.py [line:80] - ERROR: 请检查目标设备是否与主机连接成功！！！
2020-09-09 20:07:43,805 - Adb_Tools.py [line:80] - ERROR: 请检查目标设备是否与主机连接成功！！！
2020-09-09 20:07:43,922 - Adb_Tools.py [line:80] - ERROR: 请检查目标设备是否与主机连接成功！！！
2020-09-09 20:07:44,029 - Adb_Tools.py [line:80] - ERROR: 请检查目标设备是否与主机连接成功！！！
2020-09-09 20:07:44,136 - Adb_Tools.py [line:80] - ERROR: 请检查目标设备是否与主机连接成功！！！
2020-09-09 20:07:44,244 - Adb_Tools.py [line:80] - ERROR: 请检查目标设备是否与主机连接成功！！！
2020-09-09 20:07:44,349 - Adb_Tools.py [line:80] - ERROR: 请检查目标设备是否与主机连接成功！！！
2020-09-09 20:07:44,462 - Adb_Tools.py [line:80] - ERROR: 请检查目标设备是否与主机连接成功！！！
2020-09-09 20:07:44,580 - Adb_Tools.py [line:80] - ERROR: 请检查目标设备是否与主机连接成功！！！
2020-09-09 20:07:44,699 - Adb_Tools.py [line:80] - ERROR: 请检查目标设备是否与主机连接成功！！！
2020-09-09 20:07:44,798 - Adb_Tools.py [line:80] - ERROR: 请检查目标设备是否与主机连接成功！！！
2020-09-09 20:07:44,913 - Adb_Tools.py [line:80] - ERROR: 请检查目标设备是否与主机连接成功！！！
2020-09-09 20:07:45,028 - Adb_Tools.py [line:80] - ERROR: 请检查目标设备是否与主机连接成功！！！
2020-09-09 20:07:45,131 - Adb_Tools.py [line:80] - ERROR: 请检查目标设备是否与主机连接成功！！！
2020-09-09 20:07:45,240 - Adb_Tools.py [line:80] - ERROR: 请检查目标设备是否与主机连接成功！！！
2020-09-09 20:07:45,359 - Adb_Tools.py [line:80] - ERROR: 请检查目标设备是否与主机连接成功！！！
2020-09-09 20:07:45,477 - Adb_Tools.py [line:80] - ERROR: 请检查目标设备是否与主机连接成功！！！
2020-09-09 20:07:45,586 - Adb_Tools.py [line:80] - ERROR: 请检查目标设备是否与主机连接成功！！！
2020-09-09 20:07:45,690 - Adb_Tools.py [line:80] - ERROR: 请检查目标设备是否与主机连接成功！！！
2020-09-09 20:07:45,814 - Adb_Tools.py [line:80] - ERROR: 请检查目标设备是否与主机连接成功！！！
2020-09-09 20:07:45,918 - Adb_Tools.py [line:80] - ERROR: 请检查目标设备是否与主机连接成功！！！
2020-09-09 20:07:46,033 - Adb_Tools.py [line:80] - ERROR: 请检查目标设备是否与主机连接成功！！！
2020-09-09 20:07:46,150 - Adb_Tools.py [line:80] - ERROR: 请检查目标设备是否与主机连接成功！！！
2020-09-09 20:07:46,265 - Adb_Tools.py [line:80] - ERROR: 请检查目标设备是否与主机连接成功！！！
2020-09-09 20:07:46,372 - Adb_Tools.py [line:80] - ERROR: 请检查目标设备是否与主机连接成功！！！
2020-09-09 20:07:46,491 - Adb_Tools.py [line:80] - ERROR: 请检查目标设备是否与主机连接成功！！！
2020-09-09 20:07:46,599 - Adb_Tools.py [line:80] - ERROR: 请检查目标设备是否与主机连接成功！！！
2020-09-09 20:07:46,713 - Adb_Tools.py [line:80] - ERROR: 请检查目标设备是否与主机连接成功！！！
2020-09-09 20:07:46,825 - Adb_Tools.py [line:80] - ERROR: 请检查目标设备是否与主机连接成功！！！
2020-09-09 20:07:46,942 - Adb_Tools.py [line:80] - ERROR: 请检查目标设备是否与主机连接成功！！！
2020-09-09 20:07:47,046 - Adb_Tools.py [line:80] - ERROR: 请检查目标设备是否与主机连接成功！！！
2020-09-09 20:07:47,164 - Adb_Tools.py [line:80] - ERROR: 请检查目标设备是否与主机连接成功！！！
2020-09-09 20:07:47,268 - Adb_Tools.py [line:80] - ERROR: 请检查目标设备是否与主机连接成功！！！
2020-09-09 20:07:47,386 - Adb_Tools.py [line:80] - ERROR: 请检查目标设备是否与主机连接成功！！！
2020-09-09 20:07:47,499 - Adb_Tools.py [line:80] - ERROR: 请检查目标设备是否与主机连接成功！！！
2020-09-09 20:07:47,635 - Adb_Tools.py [line:80] - ERROR: 请检查目标设备是否与主机连接成功！！！
2020-09-09 20:07:47,750 - Adb_Tools.py [line:80] - ERROR: 请检查目标设备是否与主机连接成功！！！
2020-09-09 20:07:47,858 - Adb_Tools.py [line:80] - ERROR: 请检查目标设备是否与主机连接成功！！！
2020-09-09 20:07:47,948 - Adb_Tools.py [line:80] - ERROR: 请检查目标设备是否与主机连接成功！！！
2020-09-09 20:07:48,049 - Adb_Tools.py [line:80] - ERROR: 请检查目标设备是否与主机连接成功！！！
2020-09-09 20:07:48,155 - Adb_Tools.py [line:80] - ERROR: 请检查目标设备是否与主机连接成功！！！
2020-09-09 20:07:48,279 - Adb_Tools.py [line:80] - ERROR: 请检查目标设备是否与主机连接成功！！！
2020-09-09 20:07:48,395 - Adb_Tools.py [line:80] - ERROR: 请检查目标设备是否与主机连接成功！！！
2020-09-09 20:07:51,961 - Adb_Tools.py [line:80] - ERROR: 请检查目标设备是否与主机连接成功！！！
2020-09-09 20:07:52,075 - Adb_Tools.py [line:80] - ERROR: 请检查目标设备是否与主机连接成功！！！
2020-09-09 20:07:52,198 - Adb_Tools.py [line:80] - ERROR: 请检查目标设备是否与主机连接成功！！！
2020-09-09 20:07:52,317 - Adb_Tools.py [line:80] - ERROR: 请检查目标设备是否与主机连接成功！！！
2020-09-09 20:07:52,436 - Adb_Tools.py [line:80] - ERROR: 请检查目标设备是否与主机连接成功！！！
2020-09-09 20:07:52,546 - Adb_Tools.py [line:80] - ERROR: 请检查目标设备是否与主机连接成功！！！
2020-09-09 20:07:52,672 - Adb_Tools.py [line:80] - ERROR: 请检查目标设备是否与主机连接成功！！！
2020-09-09 20:07:52,787 - Adb_Tools.py [line:80] - ERROR: 请检查目标设备是否与主机连接成功！！！
2020-09-09 20:07:52,906 - Adb_Tools.py [line:80] - ERROR: 请检查目标设备是否与主机连接成功！！！
2020-09-09 20:07:53,012 - Adb_Tools.py [line:80] - ERROR: 请检查目标设备是否与主机连接成功！！！
2020-09-09 20:07:53,132 - Adb_Tools.py [line:80] - ERROR: 请检查目标设备是否与主机连接成功！！！
2020-09-09 20:07:53,248 - Adb_Tools.py [line:80] - ERROR: 请检查目标设备是否与主机连接成功！！！
2020-09-09 20:07:53,353 - Adb_Tools.py [line:80] - ERROR: 请检查目标设备是否与主机连接成功！！！
2020-09-09 20:07:53,450 - Adb_Tools.py [line:80] - ERROR: 请检查目标设备是否与主机连接成功！！！
2020-09-09 20:07:53,559 - Adb_Tools.py [line:80] - ERROR: 请检查目标设备是否与主机连接成功！！！
2020-09-09 20:07:53,673 - Adb_Tools.py [line:80] - ERROR: 请检查目标设备是否与主机连接成功！！！
2020-09-09 20:07:53,798 - Adb_Tools.py [line:80] - ERROR: 请检查目标设备是否与主机连接成功！！！
2020-09-09 20:07:53,903 - Adb_Tools.py [line:80] - ERROR: 请检查目标设备是否与主机连接成功！！！
2020-09-09 20:07:54,022 - Adb_Tools.py [line:80] - ERROR: 请检查目标设备是否与主机连接成功！！！
2020-09-09 20:07:54,139 - Adb_Tools.py [line:80] - ERROR: 请检查目标设备是否与主机连接成功！！！
2020-09-09 20:07:54,261 - Adb_Tools.py [line:80] - ERROR: 请检查目标设备是否与主机连接成功！！！
2020-09-09 20:07:54,376 - Adb_Tools.py [line:80] - ERROR: 请检查目标设备是否与主机连接成功！！！
2020-09-09 20:07:54,496 - Adb_Tools.py [line:80] - ERROR: 请检查目标设备是否与主机连接成功！！！
2020-09-09 20:07:54,598 - Adb_Tools.py [line:80] - ERROR: 请检查目标设备是否与主机连接成功！！！
2020-09-09 20:07:54,713 - Adb_Tools.py [line:80] - ERROR: 请检查目标设备是否与主机连接成功！！！
2020-09-09 20:07:54,819 - Adb_Tools.py [line:80] - ERROR: 请检查目标设备是否与主机连接成功！！！
2020-09-09 20:07:54,927 - Adb_Tools.py [line:80] - ERROR: 请检查目标设备是否与主机连接成功！！！
2020-09-09 20:07:55,064 - Adb_Tools.py [line:80] - ERROR: 请检查目标设备是否与主机连接成功！！！
2020-09-09 20:07:55,167 - Adb_Tools.py [line:80] - ERROR: 请检查目标设备是否与主机连接成功！！！
2020-09-09 20:07:55,267 - Adb_Tools.py [line:80] - ERROR: 请检查目标设备是否与主机连接成功！！！
2020-09-09 20:07:55,365 - Adb_Tools.py [line:80] - ERROR: 请检查目标设备是否与主机连接成功！！！
2020-09-09 20:08:02,519 - Adb_Tools.py [line:80] - ERROR: 请检查目标设备是否与主机连接成功！！！
2020-09-09 20:08:02,630 - Adb_Tools.py [line:80] - ERROR: 请检查目标设备是否与主机连接成功！！！
2020-09-09 20:08:02,741 - Adb_Tools.py [line:80] - ERROR: 请检查目标设备是否与主机连接成功！！！
2020-09-09 20:08:02,857 - Adb_Tools.py [line:80] - ERROR: 请检查目标设备是否与主机连接成功！！！
2020-09-09 20:08:02,962 - Adb_Tools.py [line:80] - ERROR: 请检查目标设备是否与主机连接成功！！！
2020-09-09 20:08:03,065 - Adb_Tools.py [line:80] - ERROR: 请检查目标设备是否与主机连接成功！！！
2020-09-09 20:08:03,168 - Adb_Tools.py [line:80] - ERROR: 请检查目标设备是否与主机连接成功！！！
2020-09-09 20:08:03,270 - Adb_Tools.py [line:80] - ERROR: 请检查目标设备是否与主机连接成功！！！
2020-09-09 20:08:03,385 - Adb_Tools.py [line:80] - ERROR: 请检查目标设备是否与主机连接成功！！！
2020-09-09 20:08:03,508 - Adb_Tools.py [line:80] - ERROR: 请检查目标设备是否与主机连接成功！！！
2020-09-09 20:08:03,617 - Adb_Tools.py [line:80] - ERROR: 请检查目标设备是否与主机连接成功！！！
2020-09-09 20:08:03,729 - Adb_Tools.py [line:80] - ERROR: 请检查目标设备是否与主机连接成功！！！
2020-09-09 20:08:03,832 - Adb_Tools.py [line:80] - ERROR: 请检查目标设备是否与主机连接成功！！！
2020-09-09 20:08:03,934 - Adb_Tools.py [line:80] - ERROR: 请检查目标设备是否与主机连接成功！！！
2020-09-09 20:08:04,041 - Adb_Tools.py [line:80] - ERROR: 请检查目标设备是否与主机连接成功！！！
2020-09-09 20:08:04,155 - Adb_Tools.py [line:80] - ERROR: 请检查目标设备是否与主机连接成功！！！
2020-09-09 20:08:04,260 - Adb_Tools.py [line:80] - ERROR: 请检查目标设备是否与主机连接成功！！！
2020-09-09 20:08:04,364 - Adb_Tools.py [line:80] - ERROR: 请检查目标设备是否与主机连接成功！！！
2020-09-09 20:08:04,470 - Adb_Tools.py [line:80] - ERROR: 请检查目标设备是否与主机连接成功！！！
2020-09-09 20:08:04,575 - Adb_Tools.py [line:80] - ERROR: 请检查目标设备是否与主机连接成功！！！
2020-09-09 20:08:04,681 - Adb_Tools.py [line:80] - ERROR: 请检查目标设备是否与主机连接成功！！！
2020-09-09 20:08:04,786 - Adb_Tools.py [line:80] - ERROR: 请检查目标设备是否与主机连接成功！！！
2020-09-09 20:08:04,889 - Adb_Tools.py [line:80] - ERROR: 请检查目标设备是否与主机连接成功！！！
2020-09-09 20:08:05,000 - Adb_Tools.py [line:80] - ERROR: 请检查目标设备是否与主机连接成功！！！
2020-09-09 20:08:05,113 - Adb_Tools.py [line:80] - ERROR: 请检查目标设备是否与主机连接成功！！！
2020-09-09 20:08:05,227 - Adb_Tools.py [line:80] - ERROR: 请检查目标设备是否与主机连接成功！！！
2020-09-09 20:08:05,333 - Adb_Tools.py [line:80] - ERROR: 请检查目标设备是否与主机连接成功！！！
2020-09-09 20:08:05,441 - Adb_Tools.py [line:80] - ERROR: 请检查目标设备是否与主机连接成功！！！
2020-09-09 20:08:05,545 - Adb_Tools.py [line:80] - ERROR: 请检查目标设备是否与主机连接成功！！！
2020-09-09 20:08:05,658 - Adb_Tools.py [line:80] - ERROR: 请检查目标设备是否与主机连接成功！！！
2020-09-09 20:08:05,760 - Adb_Tools.py [line:80] - ERROR: 请检查目标设备是否与主机连接成功！！！
2020-09-09 20:08:05,865 - Adb_Tools.py [line:80] - ERROR: 请检查目标设备是否与主机连接成功！！！
2020-09-09 20:08:05,978 - Adb_Tools.py [line:80] - ERROR: 请检查目标设备是否与主机连接成功！！！
2020-09-09 20:08:06,090 - Adb_Tools.py [line:80] - ERROR: 请检查目标设备是否与主机连接成功！！！
2020-09-09 20:08:06,197 - Adb_Tools.py [line:80] - ERROR: 请检查目标设备是否与主机连接成功！！！
2020-09-09 20:08:06,315 - Adb_Tools.py [line:80] - ERROR: 请检查目标设备是否与主机连接成功！！！
2020-09-09 20:08:06,439 - Adb_Tools.py [line:80] - ERROR: 请检查目标设备是否与主机连接成功！！！
2020-09-09 20:08:06,546 - Adb_Tools.py [line:80] - ERROR: 请检查目标设备是否与主机连接成功！！！
2020-09-09 20:08:06,667 - Adb_Tools.py [line:80] - ERROR: 请检查目标设备是否与主机连接成功！！！
2020-09-09 20:08:06,773 - Adb_Tools.py [line:80] - ERROR: 请检查目标设备是否与主机连接成功！！！
2020-09-09 20:08:06,889 - Adb_Tools.py [line:80] - ERROR: 请检查目标设备是否与主机连接成功！！！
2020-09-09 20:08:07,010 - Adb_Tools.py [line:80] - ERROR: 请检查目标设备是否与主机连接成功！！！
2020-09-09 20:08:07,112 - Adb_Tools.py [line:80] - ERROR: 请检查目标设备是否与主机连接成功！！！
2020-09-09 20:08:07,218 - Adb_Tools.py [line:80] - ERROR: 请检查目标设备是否与主机连接成功！！！
2020-09-09 20:08:07,323 - Adb_Tools.py [line:80] - ERROR: 请检查目标设备是否与主机连接成功！！！
2020-09-09 20:08:07,425 - Adb_Tools.py [line:80] - ERROR: 请检查目标设备是否与主机连接成功！！！
2020-09-09 20:08:07,528 - Adb_Tools.py [line:80] - ERROR: 请检查目标设备是否与主机连接成功！！！
2020-09-09 20:08:07,643 - Adb_Tools.py [line:80] - ERROR: 请检查目标设备是否与主机连接成功！！！
2020-09-09 20:08:07,747 - Adb_Tools.py [line:80] - ERROR: 请检查目标设备是否与主机连接成功！！！
2020-09-09 20:08:07,861 - Adb_Tools.py [line:80] - ERROR: 请检查目标设备是否与主机连接成功！！！
2020-09-09 20:08:07,975 - Adb_Tools.py [line:80] - ERROR: 请检查目标设备是否与主机连接成功！！！
2020-09-09 20:08:08,080 - Adb_Tools.py [line:80] - ERROR: 请检查目标设备是否与主机连接成功！！！
2020-09-09 20:08:08,187 - Adb_Tools.py [line:80] - ERROR: 请检查目标设备是否与主机连接成功！！！
2020-09-09 20:08:08,290 - Adb_Tools.py [line:80] - ERROR: 请检查目标设备是否与主机连接成功！！！
2020-09-09 20:08:08,395 - Adb_Tools.py [line:80] - ERROR: 请检查目标设备是否与主机连接成功！！！
2020-09-09 20:08:08,504 - Adb_Tools.py [line:80] - ERROR: 请检查目标设备是否与主机连接成功！！！
2020-09-09 20:08:08,611 - Adb_Tools.py [line:80] - ERROR: 请检查目标设备是否与主机连接成功！！！
2020-09-09 20:08:08,714 - Adb_Tools.py [line:80] - ERROR: 请检查目标设备是否与主机连接成功！！！
2020-09-09 20:08:08,831 - Adb_Tools.py [line:80] - ERROR: 请检查目标设备是否与主机连接成功！！！
2020-09-09 20:08:08,946 - Adb_Tools.py [line:80] - ERROR: 请检查目标设备是否与主机连接成功！！！
2020-09-09 20:08:09,050 - Adb_Tools.py [line:80] - ERROR: 请检查目标设备是否与主机连接成功！！！
2020-09-09 20:08:09,157 - Adb_Tools.py [line:80] - ERROR: 请检查目标设备是否与主机连接成功！！！
2020-09-09 20:08:09,262 - Adb_Tools.py [line:80] - ERROR: 请检查目标设备是否与主机连接成功！！！
2020-09-09 20:08:09,374 - Adb_Tools.py [line:80] - ERROR: 请检查目标设备是否与主机连接成功！！！
