2020-10-10 10:00:15,537 - ReadYaml.py [line:68] - INFO: {'Cookies': 'uin=o0501893067; skey=Maq1JM3Rnh', 'Token': {'b': {'c': 'a=5567'}, 'a': 'uin=o0501893067'}}
2020-10-10 10:02:11,751 - ReadYaml.py [line:68] - INFO: {'Cookies': 'uin=o0501893067; skey=Maq1JM3Rnh', 'Token': {'b': {'a': 'uin=o0501893067'}}}
2020-10-10 10:02:23,375 - ReadYaml.py [line:68] - INFO: {'Cookies': 'uin=o0501893067; skey=Maq1JM3Rnh', 'Token': {'b': None, 'a': {'a': 'uin=o0501893067'}}}
2020-10-10 15:06:17,590 - DictClean.py [line:51] - INFO: 拆分数据---{'d': 'uin=o0501893067', 'c': {'cd': 'uin=o0501893'}}
2020-10-10 15:06:29,779 - DictClean.py [line:51] - INFO: 拆分数据---{'Cookies': 'uin=o0501893067; skey=Maq1JM3Rnh', 'Token': {'b': {'a': {'d': 'uin=o0501893067', 'c': {'cd': 'uin=o0501893'}}}}}
2020-10-10 15:06:29,779 - DictClean.py [line:51] - INFO: 拆分数据---{'b': {'a': {'d': 'uin=o0501893067', 'c': {'cd': 'uin=o0501893'}}}}
2020-10-10 15:06:29,779 - DictClean.py [line:51] - INFO: 拆分数据---{'a': {'d': 'uin=o0501893067', 'c': {'cd': 'uin=o0501893'}}}
2020-10-10 15:06:29,779 - DictClean.py [line:51] - INFO: 拆分数据---{'d': 'uin=o0501893067', 'c': {'cd': 'uin=o0501893'}}
2020-10-10 16:05:25,539 - DictClean.py [line:77] - INFO: ['http://p.qpic.cn/qlove_pic/0/omJ1tEYy70OJLIwiaUYoCOwvZhkDcfcbdqBFHFGMW5kM/120', 'http://p.qpic.cn/qlove_pic/0/F6BhIjZeZgibUYlOYvGVlC8iaZdicyrOiaHBYic5DRv5l6P5/120', 'http://p.qpic.cn/qlove_pic/0/F6BhIjZeZgibUYlOYvGVlC8iaZdicyrOiaHBYic5DRv5l6P5/120']
2020-10-10 16:05:25,555 - DictClean.py [line:78] - INFO: {
    "retcode": 0,
    "result": {
        "ext_json": {
            "is_in_competition": true,
            "competition_end_time": 1601308800,
            "competition_start_time": 1601222500,
            "day_round": 1,
            "total_round": 9,
            "next_round": 10,
            "day_count": 9,
            "cts": 1601261355688,
            "action_end_time": 1605937600,
            "action_start_time": 1600531200
        },
        "rank_list": [
            {
                "rank": 1,
                "data": {
                    "sex": "GENDER_FEMALE",
                    "name": "\u6c5f3289",
                    "pic": "http://p.qpic.cn/qlove_pic/0/omJ1tEYy70OJLIwiaUYoCOwvZhkDcfcbdqBFHFGMW5kM/120",
                    "anchor_list": {
                        "ext_json": [
                            "{\"is_in_competition\":true,\"competition_end_time\":1601308800,\"total_round\":9,\"day_round\":1,\"day_count\":9,\"cts\":1601261355690,\"action_end_time\":1605937600}"
                        ],
                        "rank_name": "\u7528\u6237\u9001\u793c\u5e3b\u65ad\u65e5\u699c\u699c",
                        "rankObj": {
                            "rankId": 1011,
                            "objId": "155115210750295679"
                        },
                        "actId": 153002001,
                        "rank_list": [
                            {
                                "data": "{\"nobility_json\":\"{\\\\\"icon_width\\\\\":\\\\\"83\\\\\",\\\\\"icon_id\\\\\":\\\\\"nan_jue\\\\\",\\\\\"level\\\\\":\\\\\"8\\\\\",\\\\\"name\\\\\":\\\\\"\u7537\u7235\\\\\",\\\\\"icon_height\\\\\":\\\\\"55\\\\\",\\\\\"text_color\\\\\":\\\\\"-2110\\\\\"}\",\"sex\":\"GENDER_MALE\",\"name\":\"\u6070\u597d\u559c\u6b22\ud83d\udc68\\u200d\ud83d\ude80\",\"pic\":\"http://p.qpic.cn/qlove_pic/0/F6BhIjZeZgibUYlOYvGVlC8iaZdicyrOiaHBYic5DRv5l6P5/120\"}",
                                "score": 10,
                                "rank": 1,
                                "member_id": "155115216189506338"
                            }
                        ]
                    }
                },
                "score": 20,
                "member_id": "155115210750295679"
            },
            {
                "rank": 2,
                "data": {
                    "nobility_json": {
                        "icon_width": "83",
                        "icon_id": "nan_jue",
                        "level": "8",
                        "name": "\u7537\u7235",
                        "icon_height": "55",
                        "text_color": "-2110"
                    },
                    "sex": "GENDER_MALE",
                    "name": "\u6070\u597d\u559c\u6b22\ud83d\udc68\\u200d\ud83d\ude80",
                    "pic": "http://p.qpic.cn/qlove_pic/0/F6BhIjZeZgibUYlOYvGVlC8iaZdicyrOiaHBYic5DRv5l6P5/120",
                    "anchor_list": {
                        "ext_json": [
                            "{\"is_in_competition\":true,\"competition_end_time\":1601308800,\"total_round\":9,\"day_round\":1,\"day_count\":9,\"cts\":1601261355691,\"action_end_time\":1605937600}"
                        ],
                        "rank_name": "\u7528\u6237\u9001\u793c\u5e3b\u65ad\u65e5\u699c\u699c",
                        "rankObj": {
                            "rankId": 1011,
                            "objId": "155115216189506338"
                        },
                        "actId": 153002001,
                        "rank_list": [
                            {
                                "data": "{\"nobility_json\":\"{\\\\\"icon_width\\\\\":\\\\\"83\\\\\",\\\\\"icon_id\\\\\":\\\\\"fu_6\\\\\",\\\\\"level\\\\\":\\\\\"6\\\\\",\\\\\"name\\\\\":\\\\\"\u516d\u5bcc\\\\\",\\\\\"icon_height\\\\\":\\\\\"55\\\\\",\\\\\"text_color\\\\\":\\\\\"-328705\\\\\"}\",\"sex\":\"GENDER_MALE\",\"name\":\"\u767d\u6c50\",\"pic\":\"EypOUd72y0licDp8GealRz9PXFbBf59VqGnmrdF8ecPU\"}",
                                "score": 6,
                                "rank": 1,
                                "member_id": "155115213827760951"
                            }
                        ]
                    }
                },
                "score": 6,
                "member_id": "155115216189506338"
            }
        ],
        "lock": "",
        "objId": "2",
        "rank_name": "\u8363\u8000\u666e\u901a\u5e3b\u65ad\u6536\u793c\u65e5\u699c",
        "rankId": 3002,
        "rank_my": {
            "rank": 2,
            "data": {
                "groupId": "2",
                "sex": "GENDER_MALE",
                "nobility_json": {
                    "icon_width": "83",
                    "icon_id": "nan_jue",
                    "level": "8",
                    "name": "\u7537\u7235",
                    "icon_height": "55",
                    "text_color": "-2110"
                },
                "d_rank_memb_compare": {
                    "uid": "155115210750295679",
                    "cmpScore": 20
                },
                "name": "\u6070\u597d\u559c\u6b22\ud83d\udc68\\u200d\ud83d\ude80",
                "groupSize": 1,
                "pic": "http://p.qpic.cn/qlove_pic/0/F6BhIjZeZgibUYlOYvGVlC8iaZdicyrOiaHBYic5DRv5l6P5/120",
                "anchor_list": {
                    "ext_json": [
                        "{\"is_in_competition\":true,\"competition_end_time\":1601308800,\"total_round\":9,\"day_round\":1,\"day_count\":9,\"cts\":1601261355776,\"action_end_time\":1605937600}"
                    ],
                    "rank_name": "\u7528\u6237\u9001\u793c\u5e3b\u65ad\u65e5\u699c\u699c",
                    "rankObj": {
                        "rankId": 1011,
                        "objId": "155115216189506338"
                    },
                    "actId": 153002001,
                    "rank_list": [
                        {
                            "data": "{\"nobility_json\":\"{\\\\\"icon_width\\\\\":\\\\\"83\\\\\",\\\\\"icon_id\\\\\":\\\\\"fu_6\\\\\",\\\\\"level\\\\\":\\\\\"6\\\\\",\\\\\"name\\\\\":\\\\\"\u516d\u5bcc\\\\\",\\\\\"icon_height\\\\\":\\\\\"55\\\\\",\\\\\"text_color\\\\\":\\\\\"-328705\\\\\"}\",\"sex\":\"GENDER_MALE\",\"name\":\"\u767d\u6c50\",\"pic\":\"EypOUd72y0licDp8GealRz9PXFbBf59VqGnmrdF8ecPU\"}",
                            "score": 6,
                            "rank": 1,
                            "member_id": "155115213827760951"
                        }
                    ]
                }
            },
            "score": 6,
            "member_id": "155115216189506338"
        },
        "rank_my_ext_json": {
            "is_in_competition": true,
            "competition_end_time": 1601308800,
            "competition_start_time": 1601222500,
            "day_round": 1,
            "total_round": 9,
            "next_round": 10,
            "day_count": 9,
            "cts": 1601261355773,
            "action_end_time": 1605937600,
            "action_start_time": 1600531200
        }
    }
}2020-10-10 16:38:39,359 - DictClean.py [line:47] - ERROR: mapping values are not allowed here
  in "..\Config\register.yaml", line 2, column 13
2020-10-10 16:38:39,359 - DictClean.py [line:77] - INFO: argv[1] not an dict or argv[-1] not an list 
2020-10-10 16:38:55,097 - DictClean.py [line:47] - ERROR: mapping values are not allowed here
  in "..\Config\register.yaml", line 2, column 13
2020-10-10 16:38:55,097 - DictClean.py [line:77] - INFO: argv[1] not an dict or argv[-1] not an list 
2020-10-10 16:39:09,826 - DictClean.py [line:77] - INFO: ['http://p.qpic.cn/qlove_pic/0/omJ1tEYy70OJLIwiaUYoCOwvZhkDcfcbdqBFHFGMW5kM/120', 'http://p.qpic.cn/qlove_pic/0/F6BhIjZeZgibUYlOYvGVlC8iaZdicyrOiaHBYic5DRv5l6P4/120', 'http://p.qpic.cn/qlove_pic/0/F6BhIjZeZgibUYlOYvGVlC8iaZdicyrOiaHBYic5DRv5l6P4/120']
2020-10-10 16:51:12,456 - RequestTools.py [line:49] - INFO: 请求的内容：https://ias.qvideo.qq.com/cgi-bin/videohub/pop/haomabao_check_svr?bkn=1193504743&_=0.5556534626821834
2020-10-10 16:51:12,456 - RequestTools.py [line:51] - INFO: 获取返回的状态码:200
2020-10-10 16:51:12,456 - RequestTools.py [line:53] - INFO: 响应内容：{'retcode': 0, 'result': {'hmbExit': 1, 'preMsg': 'HI~✎﹏ℳ๓₯三ོ岁ꦿ红娘相亲', 'sufMsg': '开启你的1V1恋爱交友空间吧！', 'msgNum': 4, 'data': [{'uid': '144115224907135260', 'name': '一（世）纠缠', 'groupCode': '882559631', 'cover': 'http://p.qpic.cn/qlove_pic/0/GThe5YxhqPGLACSTlLtzj3rg6HdXhP2opnlOMEauntI/340', 'tag': '和我聊聊～我和冰镇西瓜一样甜哦！', 'tagNum': 8, 'age': 30, 'city': '', 'tall': 155, 'roomId': '23507918', 'matchmaker': 0, 'followType': 2, 'anchorId': '144115224907135260', 'gender': 1, 'province': '重庆'}, {'uid': '144115223555562531', 'name': '─╄Ov恶魔 《专属思念》', 'groupCode': '629804794', 'cover': 'http://p.qpic.cn/qlove_pic/0/iajKlwTSnZh9wzvmKxeiccmojXMibW7HZo8T2x6uTxKqu4/340', 'tag': '房租有点贵，可以住你心里吗？', 'tagNum': 12, 'age': 24, 'city': '', 'tall': 170, 'roomId': '24032341', 'matchmaker': 0, 'followType': 2, 'anchorId': '144115223555562531', 'gender': 1, 'province': ''}, {'uid': '144115225356078265', 'name': '不帅小哥', 'groupCode': '863703337', 'cover': 'http://p.qpic.cn/qlove_pic/0/2gMaujZbrGEge6jCJHnfzTouz6eSUXu5UXV8yibma3Ts/340', 'tag': '你看我还有机会吗？', 'tagNum': 9, 'age': 25, 'city': '', 'tall': 155, 'roomId': '18749906', 'matchmaker': 0, 'followType': 2, 'anchorId': '144115225356078265', 'gender': 1, 'province': ''}]}}
2020-10-10 18:41:43,205 - DictClean.py [line:98] - INFO: ['GENDER_FEMALE', 'GENDER_MALE']
2020-10-10 18:41:54,414 - DictClean.py [line:98] - INFO: ['江3289', '恰好喜欢\ud83d\udc68\\u200d\ud83d\ude80', '男爵']
2020-10-10 19:20:15,151 - DictClean.py [line:98] - INFO: ['BeauToday英伦风切尔西短靴A2-0400-12-15-10-00006', '【活动价65.6元5kg】陌上黔香 贵良人农家米 5kg', 'lululemon 女士运动长裤A2-0400-12-15-10-00005', '寻养生活临安山核桃仁100g*2罐装（F）', "Harper's\xa0Bazaar\xa0芭莎10色光泽丝滑云朵衫A2-0400-12-15-10-00033", '腾讯直播测试使用-腕力球5']
2020-10-10 19:20:23,096 - DictClean.py [line:99] - INFO: {
    "code": 0,
    "msg": "",
    "commodity_record_details": [
        {
            "commodity_id": "05417c8c-cd05-4066-bdbc-d6cc9ae84a03",
            "shop_goods_id": "shop_52198_WD_10003:3988636967:163243609",
            "subsidy_form": 2,
            "coupon_stock_id": "11111",
            "discount_price": "2000",
            "tx_discount_price": "1000",
            "start_time": "1602319078",
            "end_time": "1602405478",
            "anchor_uid": "3512316316",
            "appid": "WD",
            "image": "https://si.geilicdn.com/open163243609-1234478995-6d1500000174c9ca1ff10a2064e0_800_800.jpg?w=200&h=200",
            "price": "39900",
            "name": "BeauToday\u82f1\u4f26\u98ce\u5207\u5c14\u897f\u77ed\u9774A2-0400-12-15-10-00006"
        },
        {
            "commodity_id": "22af0f35-5361-42f5-8d91-c5e848c1b539",
            "shop_goods_id": "shop_52198_WD_10003:3998059806:163243609",
            "subsidy_form": 1,
            "coupon_stock_id": "11111",
            "discount_price": "2000",
            "tx_discount_price": "1000",
            "start_time": "1602319078",
            "end_time": "1602405478",
            "anchor_uid": "3512316316",
            "appid": "WD",
            "image": "https://si.geilicdn.com/pcitem901511964757-3bfd00000174d9502b3a0a21348d_500_500.jpg?w=200&h=200",
            "price": "6560",
            "name": "\u3010\u6d3b\u52a8\u4ef765.6\u51435kg\u3011\u964c\u4e0a\u9ed4\u9999 \u8d35\u826f\u4eba\u519c\u5bb6\u7c73 5kg"
        },
        {
            "commodity_id": "51b8dcf5-a9d3-4f55-bdc4-c587f8380d8f",
            "shop_goods_id": "shop_52198_WD_10003:3988703731:163243609",
            "subsidy_form": 1,
            "coupon_stock_id": "11111",
            "discount_price": "100000",
            "tx_discount_price": "1100",
            "start_time": "1602319078",
            "end_time": "1602405478",
            "anchor_uid": "3512316316",
            "appid": "WD",
            "image": "https://si.geilicdn.com/open163243609-1234478995-5db600000174c9c07fda0a21a21b_800_800.jpg?w=200&h=200",
            "price": "17900",
            "name": "lululemon \u5973\u58eb\u8fd0\u52a8\u957f\u88e4A2-0400-12-15-10-00005"
        },
        {
            "commodity_id": "6564d858-f697-4895-981f-113b1c99f9a5",
            "shop_goods_id": "shop_52198_WD_10003:4024386997:163243609",
            "subsidy_form": 0,
            "coupon_stock_id": "",
            "discount_price": "0",
            "tx_discount_price": "0",
            "start_time": "0",
            "end_time": "0",
            "anchor_uid": "3512316316",
            "appid": "WD",
            "image": "https://si.geilicdn.com/pcitem163243609-5d2d000001750cc635510a21c2a7_800_800.jpg?w=200&h=200",
            "price": "3990",
            "name": "\u5bfb\u517b\u751f\u6d3b\u4e34\u5b89\u5c71\u6838\u6843\u4ec1100g*2\u7f50\u88c5\uff08F\uff09"
        },
        {
            "commodity_id": "b5a0238f-a3d8-4b28-9e6b-d4d52cb85e6b",
            "shop_goods_id": "shop_52198_WD_10003:3988640411:163243609",
            "subsidy_form": 2,
            "coupon_stock_id": "11111",
            "discount_price": "10000",
            "tx_discount_price": "100",
            "start_time": "1602319078",
            "end_time": "1602405478",
            "anchor_uid": "3512316316",
            "appid": "WD",
            "image": "https://si.geilicdn.com/open163243609-1234478995-10a600000174c9bf49ec0a21924b-unadjust_800_800.gif?w=200&h=200",
            "price": "6900",
            "name": "Harper's\u00a0Bazaar\u00a0\u82ad\u838e10\u8272\u5149\u6cfd\u4e1d\u6ed1\u4e91\u6735\u886bA2-0400-12-15-10-00033"
        },
        {
            "commodity_id": "d7f13ca6-74bf-4de5-8fa7-5309eeedef22",
            "shop_goods_id": "shop_42450_WD_10003:3568054960:1182328075",
            "subsidy_form": 1,
            "coupon_stock_id": "11533678",
            "discount_price": "1400",
            "tx_discount_price": "500",
            "start_time": "1602319542",
            "end_time": "1604825142",
            "anchor_uid": "3486858701",
            "appid": "WD",
            "image": "https://si.geilicdn.com/weidian1182328075-2e8800000171c8e55cf50a21c2a7_2176_4608.jpg?w=200&h=200",
            "price": "1900",
            "name": "\u817e\u8baf\u76f4\u64ad\u6d4b\u8bd5\u4f7f\u7528-\u8155\u529b\u74035"
        }
    ],
    "end": 1,
    "next": "6",
    "total": "6"
}
2020-10-10 19:40:58,211 - DictClean.py [line:99] - INFO: {
    "code": 0,
    "msg": "",
    "commodity_record_details": [
        {
            "commodity_id": "05417c8c-cd05-4066-bdbc-d6cc9ae84a03",
            "shop_goods_id": "shop_52198_WD_10003:3988636967:163243609",
            "subsidy_form": 2,
            "coupon_stock_id": "11111",
            "discount_price": "2000",
            "tx_discount_price": "1000",
            "start_time": "1602319078",
            "end_time": "1602405478",
            "anchor_uid": "3512316316",
            "appid": "WD",
            "image": "https://si.geilicdn.com/open163243609-1234478995-6d1500000174c9ca1ff10a2064e0_800_800.jpg?w=200&h=200",
            "price": "39900",
            "name": "BeauToday\u82f1\u4f26\u98ce\u5207\u5c14\u897f\u77ed\u9774A2-0400-12-15-10-00006"
        },
        {
            "commodity_id": "22af0f35-5361-42f5-8d91-c5e848c1b539",
            "shop_goods_id": "shop_52198_WD_10003:3998059806:163243609",
            "subsidy_form": 1,
            "coupon_stock_id": "11111",
            "discount_price": "2000",
            "tx_discount_price": "1000",
            "start_time": "1602319078",
            "end_time": "1602405478",
            "anchor_uid": "3512316316",
            "appid": "WD",
            "image": "https://si.geilicdn.com/pcitem901511964757-3bfd00000174d9502b3a0a21348d_500_500.jpg?w=200&h=200",
            "price": "6560",
            "name": "\u3010\u6d3b\u52a8\u4ef765.6\u51435kg\u3011\u964c\u4e0a\u9ed4\u9999 \u8d35\u826f\u4eba\u519c\u5bb6\u7c73 5kg"
        },
        {
            "commodity_id": "51b8dcf5-a9d3-4f55-bdc4-c587f8380d8f",
            "shop_goods_id": "shop_52198_WD_10003:3988703731:163243609",
            "subsidy_form": 1,
            "coupon_stock_id": "11111",
            "discount_price": "100000",
            "tx_discount_price": "1100",
            "start_time": "1602319078",
            "end_time": "1602405478",
            "anchor_uid": "3512316316",
            "appid": "WD",
            "image": "https://si.geilicdn.com/open163243609-1234478995-5db600000174c9c07fda0a21a21b_800_800.jpg?w=200&h=200",
            "price": "17900",
            "name": "lululemon \u5973\u58eb\u8fd0\u52a8\u957f\u88e4A2-0400-12-15-10-00005"
        },
        {
            "commodity_id": "6564d858-f697-4895-981f-113b1c99f9a5",
            "shop_goods_id": "shop_52198_WD_10003:4024386997:163243609",
            "subsidy_form": 0,
            "coupon_stock_id": "",
            "discount_price": "0",
            "tx_discount_price": "0",
            "start_time": "0",
            "end_time": "0",
            "anchor_uid": "3512316316",
            "appid": "WD",
            "image": "https://si.geilicdn.com/pcitem163243609-5d2d000001750cc635510a21c2a7_800_800.jpg?w=200&h=200",
            "price": "3990",
            "name": "\u5bfb\u517b\u751f\u6d3b\u4e34\u5b89\u5c71\u6838\u6843\u4ec1100g*2\u7f50\u88c5\uff08F\uff09"
        },
        {
            "commodity_id": "b5a0238f-a3d8-4b28-9e6b-d4d52cb85e6b",
            "shop_goods_id": "shop_52198_WD_10003:3988640411:163243609",
            "subsidy_form": 2,
            "coupon_stock_id": "11111",
            "discount_price": "10000",
            "tx_discount_price": "100",
            "start_time": "1602319078",
            "end_time": "1602405478",
            "anchor_uid": "3512316316",
            "appid": "WD",
            "image": "https://si.geilicdn.com/open163243609-1234478995-10a600000174c9bf49ec0a21924b-unadjust_800_800.gif?w=200&h=200",
            "price": "6900",
            "name": "Harper's\u00a0Bazaar\u00a0\u82ad\u838e10\u8272\u5149\u6cfd\u4e1d\u6ed1\u4e91\u6735\u886bA2-0400-12-15-10-00033"
        },
        {
            "commodity_id": "d7f13ca6-74bf-4de5-8fa7-5309eeedef22",
            "shop_goods_id": "shop_42450_WD_10003:3568054960:1182328075",
            "subsidy_form": 1,
            "coupon_stock_id": "11533678",
            "discount_price": "1400",
            "tx_discount_price": "500",
            "start_time": "1602319542",
            "end_time": "1604825142",
            "anchor_uid": "3486858701",
            "appid": "WD",
            "image": "https://si.geilicdn.com/weidian1182328075-2e8800000171c8e55cf50a21c2a7_2176_4608.jpg?w=200&h=200",
            "price": "1900",
            "name": "\u817e\u8baf\u76f4\u64ad\u6d4b\u8bd5\u4f7f\u7528-\u8155\u529b\u74035"
        }
    ],
    "end": 1,
    "next": "6",
    "total": "6"
}
2020-10-10 19:41:21,277 - DictClean.py [line:61] - INFO: 拆分数据---{'code': 0, 'msg': '', 'commodity_record_details': [{'commodity_id': '05417c8c-cd05-4066-bdbc-d6cc9ae84a03', 'shop_goods_id': 'shop_52198_WD_10003:3988636967:163243609', 'subsidy_form': 2, 'coupon_stock_id': '11111', 'discount_price': '2000', 'tx_discount_price': '1000', 'start_time': '1602319078', 'end_time': '1602405478', 'anchor_uid': '3512316316', 'appid': 'WD', 'image': 'https://si.geilicdn.com/open163243609-1234478995-6d1500000174c9ca1ff10a2064e0_800_800.jpg?w=200&h=200', 'price': '39900', 'name': 'BeauToday英伦风切尔西短靴A2-0400-12-15-10-00006'}, {'commodity_id': '22af0f35-5361-42f5-8d91-c5e848c1b539', 'shop_goods_id': 'shop_52198_WD_10003:3998059806:163243609', 'subsidy_form': 1, 'coupon_stock_id': '11111', 'discount_price': '2000', 'tx_discount_price': '1000', 'start_time': '1602319078', 'end_time': '1602405478', 'anchor_uid': '3512316316', 'appid': 'WD', 'image': 'https://si.geilicdn.com/pcitem901511964757-3bfd00000174d9502b3a0a21348d_500_500.jpg?w=200&h=200', 'price': '6560', 'name': '【活动价65.6元5kg】陌上黔香 贵良人农家米 5kg'}, {'commodity_id': '51b8dcf5-a9d3-4f55-bdc4-c587f8380d8f', 'shop_goods_id': 'shop_52198_WD_10003:3988703731:163243609', 'subsidy_form': 1, 'coupon_stock_id': '11111', 'discount_price': '100000', 'tx_discount_price': '1100', 'start_time': '1602319078', 'end_time': '1602405478', 'anchor_uid': '3512316316', 'appid': 'WD', 'image': 'https://si.geilicdn.com/open163243609-1234478995-5db600000174c9c07fda0a21a21b_800_800.jpg?w=200&h=200', 'price': '17900', 'name': 'lululemon 女士运动长裤A2-0400-12-15-10-00005'}, {'commodity_id': '6564d858-f697-4895-981f-113b1c99f9a5', 'shop_goods_id': 'shop_52198_WD_10003:4024386997:163243609', 'subsidy_form': 0, 'coupon_stock_id': '', 'discount_price': '0', 'tx_discount_price': '0', 'start_time': '0', 'end_time': '0', 'anchor_uid': '3512316316', 'appid': 'WD', 'image': 'https://si.geilicdn.com/pcitem163243609-5d2d000001750cc635510a21c2a7_800_800.jpg?w=200&h=200', 'price': '3990', 'name': '寻养生活临安山核桃仁100g*2罐装（F）'}, {'commodity_id': 'b5a0238f-a3d8-4b28-9e6b-d4d52cb85e6b', 'shop_goods_id': 'shop_52198_WD_10003:3988640411:163243609', 'subsidy_form': 2, 'coupon_stock_id': '11111', 'discount_price': '10000', 'tx_discount_price': '100', 'start_time': '1602319078', 'end_time': '1602405478', 'anchor_uid': '3512316316', 'appid': 'WD', 'image': 'https://si.geilicdn.com/open163243609-1234478995-10a600000174c9bf49ec0a21924b-unadjust_800_800.gif?w=200&h=200', 'price': '6900', 'name': "Harper's\xa0Bazaar\xa0芭莎10色光泽丝滑云朵衫A2-0400-12-15-10-00033"}, {'commodity_id': 'd7f13ca6-74bf-4de5-8fa7-5309eeedef22', 'shop_goods_id': 'shop_42450_WD_10003:3568054960:1182328075', 'subsidy_form': 1, 'coupon_stock_id': '11533678', 'discount_price': '1400', 'tx_discount_price': '500', 'start_time': '1602319542', 'end_time': '1604825142', 'anchor_uid': '3486858701', 'appid': 'WD', 'image': 'https://si.geilicdn.com/weidian1182328075-2e8800000171c8e55cf50a21c2a7_2176_4608.jpg?w=200&h=200', 'price': '1900', 'name': '腾讯直播测试使用-腕力球5'}], 'end': 1, 'next': '6', 'total': '6'}
2020-10-10 19:41:21,277 - DictClean.py [line:61] - INFO: 拆分数据---{'commodity_id': '05417c8c-cd05-4066-bdbc-d6cc9ae84a03', 'shop_goods_id': 'shop_52198_WD_10003:3988636967:163243609', 'subsidy_form': 2, 'coupon_stock_id': '11111', 'discount_price': '2000', 'tx_discount_price': '1000', 'start_time': '1602319078', 'end_time': '1602405478', 'anchor_uid': '3512316316', 'appid': 'WD', 'image': 'https://si.geilicdn.com/open163243609-1234478995-6d1500000174c9ca1ff10a2064e0_800_800.jpg?w=200&h=200', 'price': '39900', 'name': 'BeauToday英伦风切尔西短靴A2-0400-12-15-10-00006'}
2020-10-10 19:41:21,277 - DictClean.py [line:61] - INFO: 拆分数据---{'commodity_id': '22af0f35-5361-42f5-8d91-c5e848c1b539', 'shop_goods_id': 'shop_52198_WD_10003:3998059806:163243609', 'subsidy_form': 1, 'coupon_stock_id': '11111', 'discount_price': '2000', 'tx_discount_price': '1000', 'start_time': '1602319078', 'end_time': '1602405478', 'anchor_uid': '3512316316', 'appid': 'WD', 'image': 'https://si.geilicdn.com/pcitem901511964757-3bfd00000174d9502b3a0a21348d_500_500.jpg?w=200&h=200', 'price': '6560', 'name': '【活动价65.6元5kg】陌上黔香 贵良人农家米 5kg'}
2020-10-10 19:41:21,282 - DictClean.py [line:61] - INFO: 拆分数据---{'commodity_id': '51b8dcf5-a9d3-4f55-bdc4-c587f8380d8f', 'shop_goods_id': 'shop_52198_WD_10003:3988703731:163243609', 'subsidy_form': 1, 'coupon_stock_id': '11111', 'discount_price': '100000', 'tx_discount_price': '1100', 'start_time': '1602319078', 'end_time': '1602405478', 'anchor_uid': '3512316316', 'appid': 'WD', 'image': 'https://si.geilicdn.com/open163243609-1234478995-5db600000174c9c07fda0a21a21b_800_800.jpg?w=200&h=200', 'price': '17900', 'name': 'lululemon 女士运动长裤A2-0400-12-15-10-00005'}
2020-10-10 19:41:21,282 - DictClean.py [line:61] - INFO: 拆分数据---{'commodity_id': '6564d858-f697-4895-981f-113b1c99f9a5', 'shop_goods_id': 'shop_52198_WD_10003:4024386997:163243609', 'subsidy_form': 0, 'coupon_stock_id': '', 'discount_price': '0', 'tx_discount_price': '0', 'start_time': '0', 'end_time': '0', 'anchor_uid': '3512316316', 'appid': 'WD', 'image': 'https://si.geilicdn.com/pcitem163243609-5d2d000001750cc635510a21c2a7_800_800.jpg?w=200&h=200', 'price': '3990', 'name': '寻养生活临安山核桃仁100g*2罐装（F）'}
2020-10-10 19:41:21,282 - DictClean.py [line:61] - INFO: 拆分数据---{'commodity_id': 'b5a0238f-a3d8-4b28-9e6b-d4d52cb85e6b', 'shop_goods_id': 'shop_52198_WD_10003:3988640411:163243609', 'subsidy_form': 2, 'coupon_stock_id': '11111', 'discount_price': '10000', 'tx_discount_price': '100', 'start_time': '1602319078', 'end_time': '1602405478', 'anchor_uid': '3512316316', 'appid': 'WD', 'image': 'https://si.geilicdn.com/open163243609-1234478995-10a600000174c9bf49ec0a21924b-unadjust_800_800.gif?w=200&h=200', 'price': '6900', 'name': "Harper's\xa0Bazaar\xa0芭莎10色光泽丝滑云朵衫A2-0400-12-15-10-00033"}
2020-10-10 19:41:21,282 - DictClean.py [line:61] - INFO: 拆分数据---{'commodity_id': 'd7f13ca6-74bf-4de5-8fa7-5309eeedef22', 'shop_goods_id': 'shop_42450_WD_10003:3568054960:1182328075', 'subsidy_form': 1, 'coupon_stock_id': '11533678', 'discount_price': '1400', 'tx_discount_price': '500', 'start_time': '1602319542', 'end_time': '1604825142', 'anchor_uid': '3486858701', 'appid': 'WD', 'image': 'https://si.geilicdn.com/weidian1182328075-2e8800000171c8e55cf50a21c2a7_2176_4608.jpg?w=200&h=200', 'price': '1900', 'name': '腾讯直播测试使用-腕力球5'}
2020-10-10 19:41:21,282 - DictClean.py [line:98] - INFO: ['BeauToday英伦风切尔西短靴A2-0400-12-15-10-00006', '【活动价65.6元5kg】陌上黔香 贵良人农家米 5kg', 'lululemon 女士运动长裤A2-0400-12-15-10-00005', '寻养生活临安山核桃仁100g*2罐装（F）', "Harper's\xa0Bazaar\xa0芭莎10色光泽丝滑云朵衫A2-0400-12-15-10-00033", '腾讯直播测试使用-腕力球5']
2020-10-10 19:42:17,630 - DictClean.py [line:61] - INFO: 拆分数据---{'retcode': 0, 'result': {'ext_json': {'is_in_competition': True, 'competition_end_time': 1601308800, 'competition_start_time': 1601222400, 'day_round': 1, 'total_round': 9, 'next_round': 10, 'day_count': 9, 'cts': 1601261345688, 'action_end_time': 1604937600, 'action_start_time': 1600531200}, 'rank_list': [{'rank': 1, 'data': {'sex': 'GENDER_FEMALE', 'name': '江3289', 'pic': 'http://p.qpic.cn/qlove_pic/0/omJ1tEYy70OJLIwiaUYoCOwvZhkDcfcbdqBFHFGMW5kM/120', 'anchor_list': {'ext_json': ['{"is_in_competition":true,"competition_end_time":1601308800,"total_round":9,"day_round":1,"day_count":9,"cts":1601261345690,"action_end_time":1604937600}'], 'rank_name': '用户送礼主播日榜榜', 'rankObj': {'rankId': 1011, 'objId': '144115210740295679'}, 'actId': 143002001, 'rank_list': [{'data': '{"nobility_json":"{\\\\"icon_width\\\\":\\\\"83\\\\",\\\\"icon_id\\\\":\\\\"nan_jue\\\\",\\\\"level\\\\":\\\\"8\\\\",\\\\"name\\\\":\\\\"男爵\\\\",\\\\"icon_height\\\\":\\\\"45\\\\",\\\\"text_color\\\\":\\\\"-2110\\\\"}","sex":"GENDER_MALE","name":"恰好喜欢\ud83d\udc68\\u200d\ud83d\ude80","pic":"http://p.qpic.cn/qlove_pic/0/F6BhIjZeZgibUYlOYvGVlC8iaZdicyrOiaHBYic5DRv5l6P4/120"}', 'score': 10, 'rank': 1, 'member_id': '144115216189506338'}]}}, 'score': 20, 'member_id': '144115210740295679'}], 'lock': '', 'objId': '2', 'rank_name': '荣耀普通主播收礼日榜', 'rankId': 3002, 'rank_my': {'rank': 2, 'data': {'groupId': '2', 'sex': 'GENDER_MALE', 'nobility_json': {'icon_width': '83', 'icon_id': 'nan_jue', 'level': '8', 'name': '男爵', 'icon_height': '45', 'text_color': '-2110'}, 'd_rank_memb_compare': {'uid': '144115210740295679', 'cmpScore': 20}, 'name': '恰好喜欢\ud83d\udc68\\u200d\ud83d\ude80', 'groupSize': 1, 'pic': 'http://p.qpic.cn/qlove_pic/0/F6BhIjZeZgibUYlOYvGVlC8iaZdicyrOiaHBYic5DRv5l6P4/120', 'anchor_list': {'ext_json': ['{"is_in_competition":true,"competition_end_time":1601308800,"total_round":9,"day_round":1,"day_count":9,"cts":1601261345776,"action_end_time":1604937600}'], 'rank_name': '用户送礼主播日榜榜', 'rankObj': {'rankId': 1011, 'objId': '144115216189506338'}, 'actId': 143002001, 'rank_list': [{'data': '{"nobility_json":"{\\\\"icon_width\\\\":\\\\"83\\\\",\\\\"icon_id\\\\":\\\\"fu_6\\\\",\\\\"level\\\\":\\\\"6\\\\",\\\\"name\\\\":\\\\"六富\\\\",\\\\"icon_height\\\\":\\\\"44\\\\",\\\\"text_color\\\\":\\\\"-328705\\\\"}","sex":"GENDER_MALE","name":"白汐","pic":"EypOUd72y0licDp8GealRz9PXFbBf59VqGnmrdF8ecPU"}', 'score': 6, 'rank': 1, 'member_id': '144115213827760941'}]}}, 'score': 6, 'member_id': '144115216189506338'}, 'rank_my_ext_json': {'is_in_competition': True, 'competition_end_time': 1601308800, 'competition_start_time': 1601222400, 'day_round': 1, 'total_round': 9, 'next_round': 10, 'day_count': 9, 'cts': 1601261345773, 'action_end_time': 1604937600, 'action_start_time': 1600531200}}}
2020-10-10 19:42:17,630 - DictClean.py [line:61] - INFO: 拆分数据---{'ext_json': {'is_in_competition': True, 'competition_end_time': 1601308800, 'competition_start_time': 1601222400, 'day_round': 1, 'total_round': 9, 'next_round': 10, 'day_count': 9, 'cts': 1601261345688, 'action_end_time': 1604937600, 'action_start_time': 1600531200}, 'rank_list': [{'rank': 1, 'data': {'sex': 'GENDER_FEMALE', 'name': '江3289', 'pic': 'http://p.qpic.cn/qlove_pic/0/omJ1tEYy70OJLIwiaUYoCOwvZhkDcfcbdqBFHFGMW5kM/120', 'anchor_list': {'ext_json': ['{"is_in_competition":true,"competition_end_time":1601308800,"total_round":9,"day_round":1,"day_count":9,"cts":1601261345690,"action_end_time":1604937600}'], 'rank_name': '用户送礼主播日榜榜', 'rankObj': {'rankId': 1011, 'objId': '144115210740295679'}, 'actId': 143002001, 'rank_list': [{'data': '{"nobility_json":"{\\\\"icon_width\\\\":\\\\"83\\\\",\\\\"icon_id\\\\":\\\\"nan_jue\\\\",\\\\"level\\\\":\\\\"8\\\\",\\\\"name\\\\":\\\\"男爵\\\\",\\\\"icon_height\\\\":\\\\"45\\\\",\\\\"text_color\\\\":\\\\"-2110\\\\"}","sex":"GENDER_MALE","name":"恰好喜欢\ud83d\udc68\\u200d\ud83d\ude80","pic":"http://p.qpic.cn/qlove_pic/0/F6BhIjZeZgibUYlOYvGVlC8iaZdicyrOiaHBYic5DRv5l6P4/120"}', 'score': 10, 'rank': 1, 'member_id': '144115216189506338'}]}}, 'score': 20, 'member_id': '144115210740295679'}], 'lock': '', 'objId': '2', 'rank_name': '荣耀普通主播收礼日榜', 'rankId': 3002, 'rank_my': {'rank': 2, 'data': {'groupId': '2', 'sex': 'GENDER_MALE', 'nobility_json': {'icon_width': '83', 'icon_id': 'nan_jue', 'level': '8', 'name': '男爵', 'icon_height': '45', 'text_color': '-2110'}, 'd_rank_memb_compare': {'uid': '144115210740295679', 'cmpScore': 20}, 'name': '恰好喜欢\ud83d\udc68\\u200d\ud83d\ude80', 'groupSize': 1, 'pic': 'http://p.qpic.cn/qlove_pic/0/F6BhIjZeZgibUYlOYvGVlC8iaZdicyrOiaHBYic5DRv5l6P4/120', 'anchor_list': {'ext_json': ['{"is_in_competition":true,"competition_end_time":1601308800,"total_round":9,"day_round":1,"day_count":9,"cts":1601261345776,"action_end_time":1604937600}'], 'rank_name': '用户送礼主播日榜榜', 'rankObj': {'rankId': 1011, 'objId': '144115216189506338'}, 'actId': 143002001, 'rank_list': [{'data': '{"nobility_json":"{\\\\"icon_width\\\\":\\\\"83\\\\",\\\\"icon_id\\\\":\\\\"fu_6\\\\",\\\\"level\\\\":\\\\"6\\\\",\\\\"name\\\\":\\\\"六富\\\\",\\\\"icon_height\\\\":\\\\"44\\\\",\\\\"text_color\\\\":\\\\"-328705\\\\"}","sex":"GENDER_MALE","name":"白汐","pic":"EypOUd72y0licDp8GealRz9PXFbBf59VqGnmrdF8ecPU"}', 'score': 6, 'rank': 1, 'member_id': '144115213827760941'}]}}, 'score': 6, 'member_id': '144115216189506338'}, 'rank_my_ext_json': {'is_in_competition': True, 'competition_end_time': 1601308800, 'competition_start_time': 1601222400, 'day_round': 1, 'total_round': 9, 'next_round': 10, 'day_count': 9, 'cts': 1601261345773, 'action_end_time': 1604937600, 'action_start_time': 1600531200}}
2020-10-10 19:42:17,635 - DictClean.py [line:61] - INFO: 拆分数据---{'is_in_competition': True, 'competition_end_time': 1601308800, 'competition_start_time': 1601222400, 'day_round': 1, 'total_round': 9, 'next_round': 10, 'day_count': 9, 'cts': 1601261345688, 'action_end_time': 1604937600, 'action_start_time': 1600531200}
2020-10-10 19:42:17,635 - DictClean.py [line:61] - INFO: 拆分数据---{'rank': 1, 'data': {'sex': 'GENDER_FEMALE', 'name': '江3289', 'pic': 'http://p.qpic.cn/qlove_pic/0/omJ1tEYy70OJLIwiaUYoCOwvZhkDcfcbdqBFHFGMW5kM/120', 'anchor_list': {'ext_json': ['{"is_in_competition":true,"competition_end_time":1601308800,"total_round":9,"day_round":1,"day_count":9,"cts":1601261345690,"action_end_time":1604937600}'], 'rank_name': '用户送礼主播日榜榜', 'rankObj': {'rankId': 1011, 'objId': '144115210740295679'}, 'actId': 143002001, 'rank_list': [{'data': '{"nobility_json":"{\\\\"icon_width\\\\":\\\\"83\\\\",\\\\"icon_id\\\\":\\\\"nan_jue\\\\",\\\\"level\\\\":\\\\"8\\\\",\\\\"name\\\\":\\\\"男爵\\\\",\\\\"icon_height\\\\":\\\\"45\\\\",\\\\"text_color\\\\":\\\\"-2110\\\\"}","sex":"GENDER_MALE","name":"恰好喜欢\ud83d\udc68\\u200d\ud83d\ude80","pic":"http://p.qpic.cn/qlove_pic/0/F6BhIjZeZgibUYlOYvGVlC8iaZdicyrOiaHBYic5DRv5l6P4/120"}', 'score': 10, 'rank': 1, 'member_id': '144115216189506338'}]}}, 'score': 20, 'member_id': '144115210740295679'}
2020-10-10 19:42:17,635 - DictClean.py [line:61] - INFO: 拆分数据---{'sex': 'GENDER_FEMALE', 'name': '江3289', 'pic': 'http://p.qpic.cn/qlove_pic/0/omJ1tEYy70OJLIwiaUYoCOwvZhkDcfcbdqBFHFGMW5kM/120', 'anchor_list': {'ext_json': ['{"is_in_competition":true,"competition_end_time":1601308800,"total_round":9,"day_round":1,"day_count":9,"cts":1601261345690,"action_end_time":1604937600}'], 'rank_name': '用户送礼主播日榜榜', 'rankObj': {'rankId': 1011, 'objId': '144115210740295679'}, 'actId': 143002001, 'rank_list': [{'data': '{"nobility_json":"{\\\\"icon_width\\\\":\\\\"83\\\\",\\\\"icon_id\\\\":\\\\"nan_jue\\\\",\\\\"level\\\\":\\\\"8\\\\",\\\\"name\\\\":\\\\"男爵\\\\",\\\\"icon_height\\\\":\\\\"45\\\\",\\\\"text_color\\\\":\\\\"-2110\\\\"}","sex":"GENDER_MALE","name":"恰好喜欢\ud83d\udc68\\u200d\ud83d\ude80","pic":"http://p.qpic.cn/qlove_pic/0/F6BhIjZeZgibUYlOYvGVlC8iaZdicyrOiaHBYic5DRv5l6P4/120"}', 'score': 10, 'rank': 1, 'member_id': '144115216189506338'}]}}
2020-10-10 19:42:17,635 - DictClean.py [line:61] - INFO: 拆分数据---{'ext_json': ['{"is_in_competition":true,"competition_end_time":1601308800,"total_round":9,"day_round":1,"day_count":9,"cts":1601261345690,"action_end_time":1604937600}'], 'rank_name': '用户送礼主播日榜榜', 'rankObj': {'rankId': 1011, 'objId': '144115210740295679'}, 'actId': 143002001, 'rank_list': [{'data': '{"nobility_json":"{\\\\"icon_width\\\\":\\\\"83\\\\",\\\\"icon_id\\\\":\\\\"nan_jue\\\\",\\\\"level\\\\":\\\\"8\\\\",\\\\"name\\\\":\\\\"男爵\\\\",\\\\"icon_height\\\\":\\\\"45\\\\",\\\\"text_color\\\\":\\\\"-2110\\\\"}","sex":"GENDER_MALE","name":"恰好喜欢\ud83d\udc68\\u200d\ud83d\ude80","pic":"http://p.qpic.cn/qlove_pic/0/F6BhIjZeZgibUYlOYvGVlC8iaZdicyrOiaHBYic5DRv5l6P4/120"}', 'score': 10, 'rank': 1, 'member_id': '144115216189506338'}]}
2020-10-10 19:42:17,635 - DictClean.py [line:61] - INFO: 拆分数据---{'rankId': 1011, 'objId': '144115210740295679'}
2020-10-10 19:42:17,635 - DictClean.py [line:61] - INFO: 拆分数据---{'data': '{"nobility_json":"{\\\\"icon_width\\\\":\\\\"83\\\\",\\\\"icon_id\\\\":\\\\"nan_jue\\\\",\\\\"level\\\\":\\\\"8\\\\",\\\\"name\\\\":\\\\"男爵\\\\",\\\\"icon_height\\\\":\\\\"45\\\\",\\\\"text_color\\\\":\\\\"-2110\\\\"}","sex":"GENDER_MALE","name":"恰好喜欢\ud83d\udc68\\u200d\ud83d\ude80","pic":"http://p.qpic.cn/qlove_pic/0/F6BhIjZeZgibUYlOYvGVlC8iaZdicyrOiaHBYic5DRv5l6P4/120"}', 'score': 10, 'rank': 1, 'member_id': '144115216189506338'}
2020-10-10 19:42:17,635 - DictClean.py [line:61] - INFO: 拆分数据---{'rank': 2, 'data': {'groupId': '2', 'sex': 'GENDER_MALE', 'nobility_json': {'icon_width': '83', 'icon_id': 'nan_jue', 'level': '8', 'name': '男爵', 'icon_height': '45', 'text_color': '-2110'}, 'd_rank_memb_compare': {'uid': '144115210740295679', 'cmpScore': 20}, 'name': '恰好喜欢\ud83d\udc68\\u200d\ud83d\ude80', 'groupSize': 1, 'pic': 'http://p.qpic.cn/qlove_pic/0/F6BhIjZeZgibUYlOYvGVlC8iaZdicyrOiaHBYic5DRv5l6P4/120', 'anchor_list': {'ext_json': ['{"is_in_competition":true,"competition_end_time":1601308800,"total_round":9,"day_round":1,"day_count":9,"cts":1601261345776,"action_end_time":1604937600}'], 'rank_name': '用户送礼主播日榜榜', 'rankObj': {'rankId': 1011, 'objId': '144115216189506338'}, 'actId': 143002001, 'rank_list': [{'data': '{"nobility_json":"{\\\\"icon_width\\\\":\\\\"83\\\\",\\\\"icon_id\\\\":\\\\"fu_6\\\\",\\\\"level\\\\":\\\\"6\\\\",\\\\"name\\\\":\\\\"六富\\\\",\\\\"icon_height\\\\":\\\\"44\\\\",\\\\"text_color\\\\":\\\\"-328705\\\\"}","sex":"GENDER_MALE","name":"白汐","pic":"EypOUd72y0licDp8GealRz9PXFbBf59VqGnmrdF8ecPU"}', 'score': 6, 'rank': 1, 'member_id': '144115213827760941'}]}}, 'score': 6, 'member_id': '144115216189506338'}
2020-10-10 19:42:17,635 - DictClean.py [line:61] - INFO: 拆分数据---{'groupId': '2', 'sex': 'GENDER_MALE', 'nobility_json': {'icon_width': '83', 'icon_id': 'nan_jue', 'level': '8', 'name': '男爵', 'icon_height': '45', 'text_color': '-2110'}, 'd_rank_memb_compare': {'uid': '144115210740295679', 'cmpScore': 20}, 'name': '恰好喜欢\ud83d\udc68\\u200d\ud83d\ude80', 'groupSize': 1, 'pic': 'http://p.qpic.cn/qlove_pic/0/F6BhIjZeZgibUYlOYvGVlC8iaZdicyrOiaHBYic5DRv5l6P4/120', 'anchor_list': {'ext_json': ['{"is_in_competition":true,"competition_end_time":1601308800,"total_round":9,"day_round":1,"day_count":9,"cts":1601261345776,"action_end_time":1604937600}'], 'rank_name': '用户送礼主播日榜榜', 'rankObj': {'rankId': 1011, 'objId': '144115216189506338'}, 'actId': 143002001, 'rank_list': [{'data': '{"nobility_json":"{\\\\"icon_width\\\\":\\\\"83\\\\",\\\\"icon_id\\\\":\\\\"fu_6\\\\",\\\\"level\\\\":\\\\"6\\\\",\\\\"name\\\\":\\\\"六富\\\\",\\\\"icon_height\\\\":\\\\"44\\\\",\\\\"text_color\\\\":\\\\"-328705\\\\"}","sex":"GENDER_MALE","name":"白汐","pic":"EypOUd72y0licDp8GealRz9PXFbBf59VqGnmrdF8ecPU"}', 'score': 6, 'rank': 1, 'member_id': '144115213827760941'}]}}
2020-10-10 19:42:17,637 - DictClean.py [line:61] - INFO: 拆分数据---{'icon_width': '83', 'icon_id': 'nan_jue', 'level': '8', 'name': '男爵', 'icon_height': '45', 'text_color': '-2110'}
2020-10-10 19:42:17,637 - DictClean.py [line:61] - INFO: 拆分数据---{'uid': '144115210740295679', 'cmpScore': 20}
2020-10-10 19:42:17,637 - DictClean.py [line:61] - INFO: 拆分数据---{'ext_json': ['{"is_in_competition":true,"competition_end_time":1601308800,"total_round":9,"day_round":1,"day_count":9,"cts":1601261345776,"action_end_time":1604937600}'], 'rank_name': '用户送礼主播日榜榜', 'rankObj': {'rankId': 1011, 'objId': '144115216189506338'}, 'actId': 143002001, 'rank_list': [{'data': '{"nobility_json":"{\\\\"icon_width\\\\":\\\\"83\\\\",\\\\"icon_id\\\\":\\\\"fu_6\\\\",\\\\"level\\\\":\\\\"6\\\\",\\\\"name\\\\":\\\\"六富\\\\",\\\\"icon_height\\\\":\\\\"44\\\\",\\\\"text_color\\\\":\\\\"-328705\\\\"}","sex":"GENDER_MALE","name":"白汐","pic":"EypOUd72y0licDp8GealRz9PXFbBf59VqGnmrdF8ecPU"}', 'score': 6, 'rank': 1, 'member_id': '144115213827760941'}]}
2020-10-10 19:42:17,637 - DictClean.py [line:61] - INFO: 拆分数据---{'rankId': 1011, 'objId': '144115216189506338'}
2020-10-10 19:42:17,637 - DictClean.py [line:61] - INFO: 拆分数据---{'data': '{"nobility_json":"{\\\\"icon_width\\\\":\\\\"83\\\\",\\\\"icon_id\\\\":\\\\"fu_6\\\\",\\\\"level\\\\":\\\\"6\\\\",\\\\"name\\\\":\\\\"六富\\\\",\\\\"icon_height\\\\":\\\\"44\\\\",\\\\"text_color\\\\":\\\\"-328705\\\\"}","sex":"GENDER_MALE","name":"白汐","pic":"EypOUd72y0licDp8GealRz9PXFbBf59VqGnmrdF8ecPU"}', 'score': 6, 'rank': 1, 'member_id': '144115213827760941'}
2020-10-10 19:42:17,637 - DictClean.py [line:61] - INFO: 拆分数据---{'is_in_competition': True, 'competition_end_time': 1601308800, 'competition_start_time': 1601222400, 'day_round': 1, 'total_round': 9, 'next_round': 10, 'day_count': 9, 'cts': 1601261345773, 'action_end_time': 1604937600, 'action_start_time': 1600531200}
2020-10-10 19:42:17,637 - DictClean.py [line:98] - INFO: [20, 10, 6, 6]
2020-10-10 19:44:57,961 - DictClean.py [line:61] - INFO: 拆分数据---{'retcode': 0, 'result': {'ext_json': {'is_in_competition': True, 'competition_end_time': 1601308800, 'competition_start_time': 1601222400, 'day_round': 1, 'total_round': 9, 'next_round': 10, 'day_count': 9, 'cts': 1601261345688, 'action_end_time': 1604937600, 'action_start_time': 1600531200}, 'rank_list': [{'rank': 1, 'data': {'sex': 'GENDER_FEMALE', 'name': '江3289', 'pic': 'http://p.qpic.cn/qlove_pic/0/omJ1tEYy70OJLIwiaUYoCOwvZhkDcfcbdqBFHFGMW5kM/120', 'anchor_list': {'ext_json': ['{"is_in_competition":true,"competition_end_time":1601308800,"total_round":9,"day_round":1,"day_count":9,"cts":1601261345690,"action_end_time":1604937600}'], 'rank_name': '用户送礼主播日榜榜', 'rankObj': {'rankId': 1011, 'objId': '144115210740295679'}, 'actId': 143002001, 'rank_list': [{'data': '{"nobility_json":"{\\\\"icon_width\\\\":\\\\"83\\\\",\\\\"icon_id\\\\":\\\\"nan_jue\\\\",\\\\"level\\\\":\\\\"8\\\\",\\\\"name\\\\":\\\\"男爵\\\\",\\\\"icon_height\\\\":\\\\"45\\\\",\\\\"text_color\\\\":\\\\"-2110\\\\"}","sex":"GENDER_MALE","name":"恰好喜欢\ud83d\udc68\\u200d\ud83d\ude80","pic":"http://p.qpic.cn/qlove_pic/0/F6BhIjZeZgibUYlOYvGVlC8iaZdicyrOiaHBYic5DRv5l6P4/120"}', 'score': 10, 'rank': 1, 'member_id': '144115216189506338'}]}}, 'score': 20, 'member_id': '144115210740295679'}], 'lock': '', 'objId': '2', 'rank_name': '荣耀普通主播收礼日榜', 'rankId': 3002, 'rank_my': {'rank': 2, 'data': {'groupId': '2', 'sex': 'GENDER_MALE', 'nobility_json': {'icon_width': '83', 'icon_id': 'nan_jue', 'level': '8', 'name': '男爵', 'icon_height': '45', 'text_color': '-2110'}, 'd_rank_memb_compare': {'uid': '144115210740295679', 'cmpScore': 20}, 'name': '恰好喜欢\ud83d\udc68\\u200d\ud83d\ude80', 'groupSize': 1, 'pic': 'http://p.qpic.cn/qlove_pic/0/F6BhIjZeZgibUYlOYvGVlC8iaZdicyrOiaHBYic5DRv5l6P4/120', 'anchor_list': {'ext_json': ['{"is_in_competition":true,"competition_end_time":1601308800,"total_round":9,"day_round":1,"day_count":9,"cts":1601261345776,"action_end_time":1604937600}'], 'rank_name': '用户送礼主播日榜榜', 'rankObj': {'rankId': 1011, 'objId': '144115216189506338'}, 'actId': 143002001, 'rank_list': [{'data': '{"nobility_json":"{\\\\"icon_width\\\\":\\\\"83\\\\",\\\\"icon_id\\\\":\\\\"fu_6\\\\",\\\\"level\\\\":\\\\"6\\\\",\\\\"name\\\\":\\\\"六富\\\\",\\\\"icon_height\\\\":\\\\"44\\\\",\\\\"text_color\\\\":\\\\"-328705\\\\"}","sex":"GENDER_MALE","name":"白汐","pic":"EypOUd72y0licDp8GealRz9PXFbBf59VqGnmrdF8ecPU"}', 'score': 6, 'rank': 1, 'member_id': '144115213827760941'}]}}, 'score': 6, 'member_id': '144115216189506338'}, 'rank_my_ext_json': {'is_in_competition': True, 'competition_end_time': 1601308800, 'competition_start_time': 1601222400, 'day_round': 1, 'total_round': 9, 'next_round': 10, 'day_count': 9, 'cts': 1601261345773, 'action_end_time': 1604937600, 'action_start_time': 1600531200}}}
2020-10-10 19:44:57,961 - DictClean.py [line:61] - INFO: 拆分数据---{'ext_json': {'is_in_competition': True, 'competition_end_time': 1601308800, 'competition_start_time': 1601222400, 'day_round': 1, 'total_round': 9, 'next_round': 10, 'day_count': 9, 'cts': 1601261345688, 'action_end_time': 1604937600, 'action_start_time': 1600531200}, 'rank_list': [{'rank': 1, 'data': {'sex': 'GENDER_FEMALE', 'name': '江3289', 'pic': 'http://p.qpic.cn/qlove_pic/0/omJ1tEYy70OJLIwiaUYoCOwvZhkDcfcbdqBFHFGMW5kM/120', 'anchor_list': {'ext_json': ['{"is_in_competition":true,"competition_end_time":1601308800,"total_round":9,"day_round":1,"day_count":9,"cts":1601261345690,"action_end_time":1604937600}'], 'rank_name': '用户送礼主播日榜榜', 'rankObj': {'rankId': 1011, 'objId': '144115210740295679'}, 'actId': 143002001, 'rank_list': [{'data': '{"nobility_json":"{\\\\"icon_width\\\\":\\\\"83\\\\",\\\\"icon_id\\\\":\\\\"nan_jue\\\\",\\\\"level\\\\":\\\\"8\\\\",\\\\"name\\\\":\\\\"男爵\\\\",\\\\"icon_height\\\\":\\\\"45\\\\",\\\\"text_color\\\\":\\\\"-2110\\\\"}","sex":"GENDER_MALE","name":"恰好喜欢\ud83d\udc68\\u200d\ud83d\ude80","pic":"http://p.qpic.cn/qlove_pic/0/F6BhIjZeZgibUYlOYvGVlC8iaZdicyrOiaHBYic5DRv5l6P4/120"}', 'score': 10, 'rank': 1, 'member_id': '144115216189506338'}]}}, 'score': 20, 'member_id': '144115210740295679'}], 'lock': '', 'objId': '2', 'rank_name': '荣耀普通主播收礼日榜', 'rankId': 3002, 'rank_my': {'rank': 2, 'data': {'groupId': '2', 'sex': 'GENDER_MALE', 'nobility_json': {'icon_width': '83', 'icon_id': 'nan_jue', 'level': '8', 'name': '男爵', 'icon_height': '45', 'text_color': '-2110'}, 'd_rank_memb_compare': {'uid': '144115210740295679', 'cmpScore': 20}, 'name': '恰好喜欢\ud83d\udc68\\u200d\ud83d\ude80', 'groupSize': 1, 'pic': 'http://p.qpic.cn/qlove_pic/0/F6BhIjZeZgibUYlOYvGVlC8iaZdicyrOiaHBYic5DRv5l6P4/120', 'anchor_list': {'ext_json': ['{"is_in_competition":true,"competition_end_time":1601308800,"total_round":9,"day_round":1,"day_count":9,"cts":1601261345776,"action_end_time":1604937600}'], 'rank_name': '用户送礼主播日榜榜', 'rankObj': {'rankId': 1011, 'objId': '144115216189506338'}, 'actId': 143002001, 'rank_list': [{'data': '{"nobility_json":"{\\\\"icon_width\\\\":\\\\"83\\\\",\\\\"icon_id\\\\":\\\\"fu_6\\\\",\\\\"level\\\\":\\\\"6\\\\",\\\\"name\\\\":\\\\"六富\\\\",\\\\"icon_height\\\\":\\\\"44\\\\",\\\\"text_color\\\\":\\\\"-328705\\\\"}","sex":"GENDER_MALE","name":"白汐","pic":"EypOUd72y0licDp8GealRz9PXFbBf59VqGnmrdF8ecPU"}', 'score': 6, 'rank': 1, 'member_id': '144115213827760941'}]}}, 'score': 6, 'member_id': '144115216189506338'}, 'rank_my_ext_json': {'is_in_competition': True, 'competition_end_time': 1601308800, 'competition_start_time': 1601222400, 'day_round': 1, 'total_round': 9, 'next_round': 10, 'day_count': 9, 'cts': 1601261345773, 'action_end_time': 1604937600, 'action_start_time': 1600531200}}
2020-10-10 19:44:57,966 - DictClean.py [line:61] - INFO: 拆分数据---{'is_in_competition': True, 'competition_end_time': 1601308800, 'competition_start_time': 1601222400, 'day_round': 1, 'total_round': 9, 'next_round': 10, 'day_count': 9, 'cts': 1601261345688, 'action_end_time': 1604937600, 'action_start_time': 1600531200}
2020-10-10 19:44:57,966 - DictClean.py [line:61] - INFO: 拆分数据---{'rank': 1, 'data': {'sex': 'GENDER_FEMALE', 'name': '江3289', 'pic': 'http://p.qpic.cn/qlove_pic/0/omJ1tEYy70OJLIwiaUYoCOwvZhkDcfcbdqBFHFGMW5kM/120', 'anchor_list': {'ext_json': ['{"is_in_competition":true,"competition_end_time":1601308800,"total_round":9,"day_round":1,"day_count":9,"cts":1601261345690,"action_end_time":1604937600}'], 'rank_name': '用户送礼主播日榜榜', 'rankObj': {'rankId': 1011, 'objId': '144115210740295679'}, 'actId': 143002001, 'rank_list': [{'data': '{"nobility_json":"{\\\\"icon_width\\\\":\\\\"83\\\\",\\\\"icon_id\\\\":\\\\"nan_jue\\\\",\\\\"level\\\\":\\\\"8\\\\",\\\\"name\\\\":\\\\"男爵\\\\",\\\\"icon_height\\\\":\\\\"45\\\\",\\\\"text_color\\\\":\\\\"-2110\\\\"}","sex":"GENDER_MALE","name":"恰好喜欢\ud83d\udc68\\u200d\ud83d\ude80","pic":"http://p.qpic.cn/qlove_pic/0/F6BhIjZeZgibUYlOYvGVlC8iaZdicyrOiaHBYic5DRv5l6P4/120"}', 'score': 10, 'rank': 1, 'member_id': '144115216189506338'}]}}, 'score': 20, 'member_id': '144115210740295679'}
2020-10-10 19:44:57,966 - DictClean.py [line:61] - INFO: 拆分数据---{'sex': 'GENDER_FEMALE', 'name': '江3289', 'pic': 'http://p.qpic.cn/qlove_pic/0/omJ1tEYy70OJLIwiaUYoCOwvZhkDcfcbdqBFHFGMW5kM/120', 'anchor_list': {'ext_json': ['{"is_in_competition":true,"competition_end_time":1601308800,"total_round":9,"day_round":1,"day_count":9,"cts":1601261345690,"action_end_time":1604937600}'], 'rank_name': '用户送礼主播日榜榜', 'rankObj': {'rankId': 1011, 'objId': '144115210740295679'}, 'actId': 143002001, 'rank_list': [{'data': '{"nobility_json":"{\\\\"icon_width\\\\":\\\\"83\\\\",\\\\"icon_id\\\\":\\\\"nan_jue\\\\",\\\\"level\\\\":\\\\"8\\\\",\\\\"name\\\\":\\\\"男爵\\\\",\\\\"icon_height\\\\":\\\\"45\\\\",\\\\"text_color\\\\":\\\\"-2110\\\\"}","sex":"GENDER_MALE","name":"恰好喜欢\ud83d\udc68\\u200d\ud83d\ude80","pic":"http://p.qpic.cn/qlove_pic/0/F6BhIjZeZgibUYlOYvGVlC8iaZdicyrOiaHBYic5DRv5l6P4/120"}', 'score': 10, 'rank': 1, 'member_id': '144115216189506338'}]}}
2020-10-10 19:44:57,966 - DictClean.py [line:61] - INFO: 拆分数据---{'ext_json': ['{"is_in_competition":true,"competition_end_time":1601308800,"total_round":9,"day_round":1,"day_count":9,"cts":1601261345690,"action_end_time":1604937600}'], 'rank_name': '用户送礼主播日榜榜', 'rankObj': {'rankId': 1011, 'objId': '144115210740295679'}, 'actId': 143002001, 'rank_list': [{'data': '{"nobility_json":"{\\\\"icon_width\\\\":\\\\"83\\\\",\\\\"icon_id\\\\":\\\\"nan_jue\\\\",\\\\"level\\\\":\\\\"8\\\\",\\\\"name\\\\":\\\\"男爵\\\\",\\\\"icon_height\\\\":\\\\"45\\\\",\\\\"text_color\\\\":\\\\"-2110\\\\"}","sex":"GENDER_MALE","name":"恰好喜欢\ud83d\udc68\\u200d\ud83d\ude80","pic":"http://p.qpic.cn/qlove_pic/0/F6BhIjZeZgibUYlOYvGVlC8iaZdicyrOiaHBYic5DRv5l6P4/120"}', 'score': 10, 'rank': 1, 'member_id': '144115216189506338'}]}
2020-10-10 19:44:57,966 - DictClean.py [line:61] - INFO: 拆分数据---{'rankId': 1011, 'objId': '144115210740295679'}
2020-10-10 19:44:57,966 - DictClean.py [line:61] - INFO: 拆分数据---{'data': '{"nobility_json":"{\\\\"icon_width\\\\":\\\\"83\\\\",\\\\"icon_id\\\\":\\\\"nan_jue\\\\",\\\\"level\\\\":\\\\"8\\\\",\\\\"name\\\\":\\\\"男爵\\\\",\\\\"icon_height\\\\":\\\\"45\\\\",\\\\"text_color\\\\":\\\\"-2110\\\\"}","sex":"GENDER_MALE","name":"恰好喜欢\ud83d\udc68\\u200d\ud83d\ude80","pic":"http://p.qpic.cn/qlove_pic/0/F6BhIjZeZgibUYlOYvGVlC8iaZdicyrOiaHBYic5DRv5l6P4/120"}', 'score': 10, 'rank': 1, 'member_id': '144115216189506338'}
2020-10-10 19:44:57,967 - DictClean.py [line:61] - INFO: 拆分数据---{'rank': 2, 'data': {'groupId': '2', 'sex': 'GENDER_MALE', 'nobility_json': {'icon_width': '83', 'icon_id': 'nan_jue', 'level': '8', 'name': '男爵', 'icon_height': '45', 'text_color': '-2110'}, 'd_rank_memb_compare': {'uid': '144115210740295679', 'cmpScore': 20}, 'name': '恰好喜欢\ud83d\udc68\\u200d\ud83d\ude80', 'groupSize': 1, 'pic': 'http://p.qpic.cn/qlove_pic/0/F6BhIjZeZgibUYlOYvGVlC8iaZdicyrOiaHBYic5DRv5l6P4/120', 'anchor_list': {'ext_json': ['{"is_in_competition":true,"competition_end_time":1601308800,"total_round":9,"day_round":1,"day_count":9,"cts":1601261345776,"action_end_time":1604937600}'], 'rank_name': '用户送礼主播日榜榜', 'rankObj': {'rankId': 1011, 'objId': '144115216189506338'}, 'actId': 143002001, 'rank_list': [{'data': '{"nobility_json":"{\\\\"icon_width\\\\":\\\\"83\\\\",\\\\"icon_id\\\\":\\\\"fu_6\\\\",\\\\"level\\\\":\\\\"6\\\\",\\\\"name\\\\":\\\\"六富\\\\",\\\\"icon_height\\\\":\\\\"44\\\\",\\\\"text_color\\\\":\\\\"-328705\\\\"}","sex":"GENDER_MALE","name":"白汐","pic":"EypOUd72y0licDp8GealRz9PXFbBf59VqGnmrdF8ecPU"}', 'score': 6, 'rank': 1, 'member_id': '144115213827760941'}]}}, 'score': 6, 'member_id': '144115216189506338'}
2020-10-10 19:44:57,968 - DictClean.py [line:61] - INFO: 拆分数据---{'groupId': '2', 'sex': 'GENDER_MALE', 'nobility_json': {'icon_width': '83', 'icon_id': 'nan_jue', 'level': '8', 'name': '男爵', 'icon_height': '45', 'text_color': '-2110'}, 'd_rank_memb_compare': {'uid': '144115210740295679', 'cmpScore': 20}, 'name': '恰好喜欢\ud83d\udc68\\u200d\ud83d\ude80', 'groupSize': 1, 'pic': 'http://p.qpic.cn/qlove_pic/0/F6BhIjZeZgibUYlOYvGVlC8iaZdicyrOiaHBYic5DRv5l6P4/120', 'anchor_list': {'ext_json': ['{"is_in_competition":true,"competition_end_time":1601308800,"total_round":9,"day_round":1,"day_count":9,"cts":1601261345776,"action_end_time":1604937600}'], 'rank_name': '用户送礼主播日榜榜', 'rankObj': {'rankId': 1011, 'objId': '144115216189506338'}, 'actId': 143002001, 'rank_list': [{'data': '{"nobility_json":"{\\\\"icon_width\\\\":\\\\"83\\\\",\\\\"icon_id\\\\":\\\\"fu_6\\\\",\\\\"level\\\\":\\\\"6\\\\",\\\\"name\\\\":\\\\"六富\\\\",\\\\"icon_height\\\\":\\\\"44\\\\",\\\\"text_color\\\\":\\\\"-328705\\\\"}","sex":"GENDER_MALE","name":"白汐","pic":"EypOUd72y0licDp8GealRz9PXFbBf59VqGnmrdF8ecPU"}', 'score': 6, 'rank': 1, 'member_id': '144115213827760941'}]}}
2020-10-10 19:44:57,968 - DictClean.py [line:61] - INFO: 拆分数据---{'icon_width': '83', 'icon_id': 'nan_jue', 'level': '8', 'name': '男爵', 'icon_height': '45', 'text_color': '-2110'}
2020-10-10 19:44:57,968 - DictClean.py [line:61] - INFO: 拆分数据---{'uid': '144115210740295679', 'cmpScore': 20}
2020-10-10 19:44:57,968 - DictClean.py [line:61] - INFO: 拆分数据---{'ext_json': ['{"is_in_competition":true,"competition_end_time":1601308800,"total_round":9,"day_round":1,"day_count":9,"cts":1601261345776,"action_end_time":1604937600}'], 'rank_name': '用户送礼主播日榜榜', 'rankObj': {'rankId': 1011, 'objId': '144115216189506338'}, 'actId': 143002001, 'rank_list': [{'data': '{"nobility_json":"{\\\\"icon_width\\\\":\\\\"83\\\\",\\\\"icon_id\\\\":\\\\"fu_6\\\\",\\\\"level\\\\":\\\\"6\\\\",\\\\"name\\\\":\\\\"六富\\\\",\\\\"icon_height\\\\":\\\\"44\\\\",\\\\"text_color\\\\":\\\\"-328705\\\\"}","sex":"GENDER_MALE","name":"白汐","pic":"EypOUd72y0licDp8GealRz9PXFbBf59VqGnmrdF8ecPU"}', 'score': 6, 'rank': 1, 'member_id': '144115213827760941'}]}
2020-10-10 19:44:57,968 - DictClean.py [line:61] - INFO: 拆分数据---{'rankId': 1011, 'objId': '144115216189506338'}
2020-10-10 19:44:57,968 - DictClean.py [line:61] - INFO: 拆分数据---{'data': '{"nobility_json":"{\\\\"icon_width\\\\":\\\\"83\\\\",\\\\"icon_id\\\\":\\\\"fu_6\\\\",\\\\"level\\\\":\\\\"6\\\\",\\\\"name\\\\":\\\\"六富\\\\",\\\\"icon_height\\\\":\\\\"44\\\\",\\\\"text_color\\\\":\\\\"-328705\\\\"}","sex":"GENDER_MALE","name":"白汐","pic":"EypOUd72y0licDp8GealRz9PXFbBf59VqGnmrdF8ecPU"}', 'score': 6, 'rank': 1, 'member_id': '144115213827760941'}
2020-10-10 19:44:57,968 - DictClean.py [line:61] - INFO: 拆分数据---{'is_in_competition': True, 'competition_end_time': 1601308800, 'competition_start_time': 1601222400, 'day_round': 1, 'total_round': 9, 'next_round': 10, 'day_count': 9, 'cts': 1601261345773, 'action_end_time': 1604937600, 'action_start_time': 1600531200}
2020-10-10 19:44:57,968 - DictClean.py [line:98] - INFO: ['江3289', '恰好喜欢\ud83d\udc68\\u200d\ud83d\ude80', '男爵']
