2020-09-08 23:32:18,705 - Adb_Tools.py [line:47] - ERROR: [WinError 3] 系统找不到指定的路径。: 'D:\\Work_Spaces\\PyCharm_Project\\UiAutomationFramework\\APKPath'
2020-09-08 23:40:07,267 - Adb_Tools.py [line:110] - ERROR: 'NoneType' object is not iterable
2020-09-08 23:40:32,530 - Adb_Tools.py [line:110] - ERROR: 'NoneType' object is not iterable
2020-09-08 23:40:42,363 - Adb_Tools.py [line:108] - ERROR: 设备：D8H6R19630008844安装失败！！！
2020-09-08 23:41:22,426 - Adb_Tools.py [line:108] - ERROR: 设备：D8H6R19630008844安装失败！！！Performing Streamed Install
2020-09-08 23:43:54,126 - Adb_Tools.py [line:108] - ERROR: 设备：D8H6R19630008844安装失败！！！
2020-09-08 23:46:08,606 - Adb_Tools.py [line:108] - ERROR: 设备：D8H6R19630008844安装失败！！！
2020-09-08 23:46:22,486 - Adb_Tools.py [line:108] - ERROR: 设备：D8H6R19630008844安装失败！！！
2020-09-08 23:48:36,734 - Adb_Tools.py [line:108] - ERROR: 设备：D8H6R19630008844安装失败！！！
2020-09-08 23:49:01,592 - Adb_Tools.py [line:108] - ERROR: 设备：D8H6R19630008844安装失败！！！
2020-09-08 23:49:15,088 - Adb_Tools.py [line:108] - ERROR: 设备：D8H6R19630008844安装失败！！！
2020-09-08 23:49:27,745 - Adb_Tools.py [line:108] - ERROR: 设备：D8H6R19630008844安装失败！！！
2020-09-08 23:49:36,773 - Adb_Tools.py [line:108] - ERROR: 设备：D8H6R19630008844安装失败！！！
2020-09-08 23:51:02,042 - Adb_Tools.py [line:79] - ERROR: 请检查目标设备是否与主机连接成功！！！
2020-09-08 23:51:02,098 - Adb_Tools.py [line:79] - ERROR: 请检查目标设备是否与主机连接成功！！！
2020-09-08 23:51:02,149 - Adb_Tools.py [line:79] - ERROR: 请检查目标设备是否与主机连接成功！！！
2020-09-08 23:51:09,090 - Adb_Tools.py [line:79] - ERROR: 请检查目标设备是否与主机连接成功！！！
2020-09-08 23:51:09,141 - Adb_Tools.py [line:79] - ERROR: 请检查目标设备是否与主机连接成功！！！
2020-09-08 23:51:09,192 - Adb_Tools.py [line:79] - ERROR: 请检查目标设备是否与主机连接成功！！！
2020-09-08 23:51:12,058 - Adb_Tools.py [line:79] - ERROR: 请检查目标设备是否与主机连接成功！！！
2020-09-08 23:51:12,114 - Adb_Tools.py [line:79] - ERROR: 请检查目标设备是否与主机连接成功！！！
2020-09-08 23:51:12,165 - Adb_Tools.py [line:79] - ERROR: 请检查目标设备是否与主机连接成功！！！
2020-09-08 23:51:14,449 - Adb_Tools.py [line:108] - ERROR: 设备：D8H6R19630008844安装失败！！！
2020-09-08 23:51:14,568 - Adb_Tools.py [line:392] - ERROR: 'int' object has no attribute 'strip'
2020-09-08 23:52:44,121 - Adb_Tools.py [line:108] - ERROR: 设备：D8H6R19630008844安装失败！！！
2020-09-08 23:52:44,248 - Adb_Tools.py [line:388] - ERROR: 'tuple' object has no attribute 'split'
2020-09-08 23:52:57,284 - Adb_Tools.py [line:108] - ERROR: 设备：D8H6R19630008844安装失败！！！
2020-09-08 23:53:20,651 - Adb_Tools.py [line:108] - ERROR: 设备：D8H6R19630008844安装失败！！！
2020-09-08 23:54:22,607 - Adb_Tools.py [line:108] - ERROR: 设备：D8H6R19630008844安装失败！！！
2020-09-08 23:54:22,660 - Adb_Tools.py [line:388] - ERROR: getstatusoutput() got an unexpected keyword argument 'encoding'
