2020-09-21 12:37:36,438 - SendEmali.py [line:106] - INFO: 邮件发送成功~！
2020-09-21 12:37:37,921 - SendEmali.py [line:106] - INFO: 邮件发送成功~！
2020-09-21 12:39:49,461 - ImportJar.py [line:17] - INFO: 所需模块导入成功 Required modules imported successfully！
2020-09-21 12:40:07,947 - ImportJar.py [line:17] - INFO: 所需模块导入成功 Required modules imported successfully！
2020-09-21 12:41:06,284 - ImportJar.py [line:17] - INFO: 所需模块导入成功 Required modules imported successfully！
2020-09-21 12:41:43,083 - ImportJar.py [line:17] - INFO: 所需模块导入成功 Required modules imported successfully！
2020-09-21 12:42:11,109 - ImportJar.py [line:17] - INFO: 所需模块导入成功 Required modules imported successfully！
2020-09-21 12:42:50,413 - ImportJar.py [line:17] - INFO: 所需模块导入成功 Required modules imported successfully！
2020-09-21 12:43:10,165 - ImportJar.py [line:17] - INFO: 所需模块导入成功 Required modules imported successfully！
2020-09-21 12:43:10,181 - Adb_Tools.py [line:93] - ERROR: 请检查目标设备是否与主机连接成功！！！
2020-09-21 12:43:10,181 - Adb_Tools.py [line:50] - INFO: 上级所在目录为：D:\Work_Spaces\PyCharm_Project\UiAutomationFramework
2020-09-21 12:43:10,181 - Adb_Tools.py [line:52] - INFO: APK存储路径：D:\Work_Spaces\PyCharm_Project\UiAutomationFramework\APKPath
2020-09-21 12:43:10,181 - Adb_Tools.py [line:62] - ERROR: local variable 'i' referenced before assignment
2020-09-21 12:43:33,936 - ImportJar.py [line:17] - INFO: 所需模块导入成功 Required modules imported successfully！
2020-09-21 12:44:37,899 - ImportJar.py [line:17] - INFO: 所需模块导入成功 Required modules imported successfully！
2020-09-21 12:44:53,708 - ImportJar.py [line:17] - INFO: 所需模块导入成功 Required modules imported successfully！
2020-09-21 12:44:53,732 - Adb_Tools.py [line:93] - ERROR: 请检查目标设备是否与主机连接成功！！！
2020-09-21 12:44:53,732 - Adb_Tools.py [line:50] - INFO: 上级所在目录为：D:\Work_Spaces\PyCharm_Project\UiAutomationFramework
2020-09-21 12:44:53,732 - Adb_Tools.py [line:52] - INFO: APK存储路径：D:\Work_Spaces\PyCharm_Project\UiAutomationFramework\APKPath
2020-09-21 12:44:53,732 - Adb_Tools.py [line:62] - ERROR: local variable 'i' referenced before assignment
2020-09-21 12:45:12,038 - ImportJar.py [line:17] - INFO: 所需模块导入成功 Required modules imported successfully！
2020-09-21 12:45:12,058 - Adb_Tools.py [line:93] - ERROR: 请检查目标设备是否与主机连接成功！！！
2020-09-21 12:45:12,058 - Adb_Tools.py [line:50] - INFO: 上级所在目录为：D:\Work_Spaces\PyCharm_Project\UiAutomationFramework
2020-09-21 12:45:12,058 - Adb_Tools.py [line:52] - INFO: APK存储路径：D:\Work_Spaces\PyCharm_Project\UiAutomationFramework\APKPath
2020-09-21 12:45:12,058 - Adb_Tools.py [line:62] - ERROR: local variable 'i' referenced before assignment
2020-09-21 13:02:20,158 - ConfigHandle.py [line:148] - INFO: ['MySQL-Info', 'Android-Info', 'APPNIUM_SERVER']
2020-09-21 13:02:20,158 - ConfigHandle.py [line:150] - INFO: [('host', '139.196.120.128'), ('port', '3306'), ('user', 'root'), ('password', 'QINg0201$'), ('database', 'student'), ('maxconnections', '20'), ('mincached', '5'), ('maxcached', '10')]
2020-09-21 13:02:20,158 - ConfigHandle.py [line:152] - INFO: {'host': '139.196.120.128', 'port': '3306', 'user': 'root', 'password': 'QINg0201$', 'database': 'student', 'maxconnections': '20', 'mincached': '5', 'maxcached': '10'}
2020-09-21 13:02:20,158 - ConfigHandle.py [line:154] - INFO: {'MySQL-Info': {'host': '139.196.120.128', 'port': '3306', 'user': 'root', 'password': 'QINg0201$', 'database': 'student', 'maxconnections': '20', 'mincached': '5', 'maxcached': '10'}, 'Android-Info': {'package_name': 'com.tencent.mobileqq'}, 'APPNIUM_SERVER': {'service_ip': 'http://127.0.0.1:4723/wd/hub'}}
2020-09-21 13:02:20,158 - ConfigHandle.py [line:156] - INFO: [('host', '139.196.120.128'), ('port', '3306'), ('user', 'root'), ('password', 'QINg0201$'), ('database', 'student'), ('maxconnections', '20'), ('mincached', '5'), ('maxcached', '10')]
2020-09-21 13:03:00,568 - ConfigHandle.py [line:148] - INFO: 扫描ini配置文件中所有的节点：['MySQL-Info', 'Android-Info', 'APPNIUM_SERVER']
2020-09-21 13:03:00,568 - ConfigHandle.py [line:150] - INFO: [('host', '139.196.120.128'), ('port', '3306'), ('user', 'root'), ('password', 'QINg0201$'), ('database', 'student'), ('maxconnections', '20'), ('mincached', '5'), ('maxcached', '10')]
2020-09-21 13:03:00,568 - ConfigHandle.py [line:152] - INFO: {'host': '139.196.120.128', 'port': '3306', 'user': 'root', 'password': 'QINg0201$', 'database': 'student', 'maxconnections': '20', 'mincached': '5', 'maxcached': '10'}
2020-09-21 13:03:00,568 - ConfigHandle.py [line:154] - INFO: {'MySQL-Info': {'host': '139.196.120.128', 'port': '3306', 'user': 'root', 'password': 'QINg0201$', 'database': 'student', 'maxconnections': '20', 'mincached': '5', 'maxcached': '10'}, 'Android-Info': {'package_name': 'com.tencent.mobileqq'}, 'APPNIUM_SERVER': {'service_ip': 'http://127.0.0.1:4723/wd/hub'}}
2020-09-21 13:03:00,568 - ConfigHandle.py [line:156] - INFO: [('host', '139.196.120.128'), ('port', '3306'), ('user', 'root'), ('password', 'QINg0201$'), ('database', 'student'), ('maxconnections', '20'), ('mincached', '5'), ('maxcached', '10')]
2020-09-21 13:04:19,244 - ConfigHandle.py [line:148] - INFO: 扫描到ini配置文件中所有的节点：['MySQL-Info', 'Android-Info', 'APPNIUM_SERVER']
2020-09-21 13:04:19,244 - ConfigHandle.py [line:150] - INFO: 扫描单个子节点下的所有键值：[('host', '139.196.120.128'), ('port', '3306'), ('user', 'root'), ('password', 'QINg0201$'), ('database', 'student'), ('maxconnections', '20'), ('mincached', '5'), ('maxcached', '10')]
2020-09-21 13:04:19,244 - ConfigHandle.py [line:152] - INFO: {'host': '139.196.120.128', 'port': '3306', 'user': 'root', 'password': 'QINg0201$', 'database': 'student', 'maxconnections': '20', 'mincached': '5', 'maxcached': '10'}
2020-09-21 13:04:19,244 - ConfigHandle.py [line:154] - INFO: {'MySQL-Info': {'host': '139.196.120.128', 'port': '3306', 'user': 'root', 'password': 'QINg0201$', 'database': 'student', 'maxconnections': '20', 'mincached': '5', 'maxcached': '10'}, 'Android-Info': {'package_name': 'com.tencent.mobileqq'}, 'APPNIUM_SERVER': {'service_ip': 'http://127.0.0.1:4723/wd/hub'}}
2020-09-21 13:04:19,244 - ConfigHandle.py [line:156] - INFO: [('host', '139.196.120.128'), ('port', '3306'), ('user', 'root'), ('password', 'QINg0201$'), ('database', 'student'), ('maxconnections', '20'), ('mincached', '5'), ('maxcached', '10')]
2020-09-21 13:05:16,058 - ConfigHandle.py [line:148] - INFO: 扫描到ini配置文件中所有的节点：['MySQL-Info', 'Android-Info', 'APPNIUM_SERVER']
2020-09-21 13:05:16,058 - ConfigHandle.py [line:150] - INFO: 扫描单个子节点下的所有键值：[('host', '139.196.120.128'), ('port', '3306'), ('user', 'root'), ('password', 'QINg0201$'), ('database', 'student'), ('maxconnections', '20'), ('mincached', '5'), ('maxcached', '10')]
2020-09-21 13:05:16,058 - ConfigHandle.py [line:152] - INFO: 读取单个子节点的所有内容以字典形式展示{'host': '139.196.120.128', 'port': '3306', 'user': 'root', 'password': 'QINg0201$', 'database': 'student', 'maxconnections': '20', 'mincached': '5', 'maxcached': '10'}
2020-09-21 13:05:16,058 - ConfigHandle.py [line:154] - INFO: {'MySQL-Info': {'host': '139.196.120.128', 'port': '3306', 'user': 'root', 'password': 'QINg0201$', 'database': 'student', 'maxconnections': '20', 'mincached': '5', 'maxcached': '10'}, 'Android-Info': {'package_name': 'com.tencent.mobileqq'}, 'APPNIUM_SERVER': {'service_ip': 'http://127.0.0.1:4723/wd/hub'}}
2020-09-21 13:05:16,058 - ConfigHandle.py [line:156] - INFO: [('host', '139.196.120.128'), ('port', '3306'), ('user', 'root'), ('password', 'QINg0201$'), ('database', 'student'), ('maxconnections', '20'), ('mincached', '5'), ('maxcached', '10')]
2020-09-21 13:05:26,788 - ConfigHandle.py [line:148] - INFO: 扫描到ini配置文件中所有的节点：['MySQL-Info', 'Android-Info', 'APPNIUM_SERVER']
2020-09-21 13:05:26,788 - ConfigHandle.py [line:150] - INFO: 扫描单个子节点下的所有键值：[('host', '139.196.120.128'), ('port', '3306'), ('user', 'root'), ('password', 'QINg0201$'), ('database', 'student'), ('maxconnections', '20'), ('mincached', '5'), ('maxcached', '10')]
2020-09-21 13:05:26,788 - ConfigHandle.py [line:152] - INFO: 读取单个子节点的所有内容以字典形式展示：{'host': '139.196.120.128', 'port': '3306', 'user': 'root', 'password': 'QINg0201$', 'database': 'student', 'maxconnections': '20', 'mincached': '5', 'maxcached': '10'}
2020-09-21 13:05:26,788 - ConfigHandle.py [line:154] - INFO: {'MySQL-Info': {'host': '139.196.120.128', 'port': '3306', 'user': 'root', 'password': 'QINg0201$', 'database': 'student', 'maxconnections': '20', 'mincached': '5', 'maxcached': '10'}, 'Android-Info': {'package_name': 'com.tencent.mobileqq'}, 'APPNIUM_SERVER': {'service_ip': 'http://127.0.0.1:4723/wd/hub'}}
2020-09-21 13:05:26,788 - ConfigHandle.py [line:156] - INFO: [('host', '139.196.120.128'), ('port', '3306'), ('user', 'root'), ('password', 'QINg0201$'), ('database', 'student'), ('maxconnections', '20'), ('mincached', '5'), ('maxcached', '10')]
2020-09-21 13:05:45,894 - ConfigHandle.py [line:148] - INFO: 扫描到ini配置文件中所有的节点：['MySQL-Info', 'Android-Info', 'APPNIUM_SERVER']
2020-09-21 13:05:45,894 - ConfigHandle.py [line:150] - INFO: 扫描单个子节点下的所有键值：[('host', '139.196.120.128'), ('port', '3306'), ('user', 'root'), ('password', 'QINg0201$'), ('database', 'student'), ('maxconnections', '20'), ('mincached', '5'), ('maxcached', '10')]
2020-09-21 13:05:45,894 - ConfigHandle.py [line:152] - INFO: 读取单个子节点的所有内容以字典形式展示：{'host': '139.196.120.128', 'port': '3306', 'user': 'root', 'password': 'QINg0201$', 'database': 'student', 'maxconnections': '20', 'mincached': '5', 'maxcached': '10'}
2020-09-21 13:05:45,894 - ConfigHandle.py [line:154] - INFO: 读取所有节点的内容以字典形式展示：{'MySQL-Info': {'host': '139.196.120.128', 'port': '3306', 'user': 'root', 'password': 'QINg0201$', 'database': 'student', 'maxconnections': '20', 'mincached': '5', 'maxcached': '10'}, 'Android-Info': {'package_name': 'com.tencent.mobileqq'}, 'APPNIUM_SERVER': {'service_ip': 'http://127.0.0.1:4723/wd/hub'}}
2020-09-21 13:05:45,894 - ConfigHandle.py [line:156] - INFO: [('host', '139.196.120.128'), ('port', '3306'), ('user', 'root'), ('password', 'QINg0201$'), ('database', 'student'), ('maxconnections', '20'), ('mincached', '5'), ('maxcached', '10')]
2020-09-21 13:07:01,838 - ConfigHandle.py [line:148] - INFO: 扫描到ini配置文件中所有的节点：['MySQL-Info', 'Android-Info', 'APPNIUM_SERVER']
2020-09-21 13:07:01,838 - ConfigHandle.py [line:150] - INFO: 扫描单个子节点下的所有键值：[('host', '139.196.120.128'), ('port', '3306'), ('user', 'root'), ('password', 'QINg0201$'), ('database', 'student'), ('maxconnections', '20'), ('mincached', '5'), ('maxcached', '10')]
2020-09-21 13:07:01,838 - ConfigHandle.py [line:152] - INFO: 读取单个子节点的所有内容以字典形式展示：{'host': '139.196.120.128', 'port': '3306', 'user': 'root', 'password': 'QINg0201$', 'database': 'student', 'maxconnections': '20', 'mincached': '5', 'maxcached': '10'}
2020-09-21 13:07:01,838 - ConfigHandle.py [line:154] - INFO: 读取所有节点的内容以字典形式展示：{'MySQL-Info': {'host': '139.196.120.128', 'port': '3306', 'user': 'root', 'password': 'QINg0201$', 'database': 'student', 'maxconnections': '20', 'mincached': '5', 'maxcached': '10'}, 'Android-Info': {'package_name': 'com.tencent.mobileqq'}, 'APPNIUM_SERVER': {'service_ip': 'http://127.0.0.1:4723/wd/hub'}}
2020-09-21 13:07:01,838 - ConfigHandle.py [line:156] - INFO: [('host', '139.196.120.128'), ('port', '3306'), ('user', 'root'), ('password', 'QINg0201$'), ('database', 'student'), ('maxconnections', '20'), ('mincached', '5'), ('maxcached', '10')]
2020-09-21 13:07:01,838 - ConfigHandle.py [line:159] - INFO: 扫描单个子节点下的所有键值：[('host', '139.196.120.128'), ('port', '3306'), ('user', 'root'), ('password', 'QINg0201$'), ('database', 'student'), ('maxconnections', '20'), ('mincached', '5'), ('maxcached', '10')]
2020-09-21 13:07:18,878 - ConfigHandle.py [line:148] - INFO: 扫描到ini配置文件中所有的节点：['MySQL-Info', 'Android-Info', 'APPNIUM_SERVER']
2020-09-21 13:07:18,878 - ConfigHandle.py [line:150] - INFO: 扫描单个子节点下的所有键值：[('host', '139.196.120.128'), ('port', '3306'), ('user', 'root'), ('password', 'QINg0201$'), ('database', 'student'), ('maxconnections', '20'), ('mincached', '5'), ('maxcached', '10')]
2020-09-21 13:07:18,878 - ConfigHandle.py [line:152] - INFO: 读取单个子节点的所有内容以字典形式展示：{'host': '139.196.120.128', 'port': '3306', 'user': 'root', 'password': 'QINg0201$', 'database': 'student', 'maxconnections': '20', 'mincached': '5', 'maxcached': '10'}
2020-09-21 13:07:18,878 - ConfigHandle.py [line:154] - INFO: 读取所有节点的内容以字典形式展示：{'MySQL-Info': {'host': '139.196.120.128', 'port': '3306', 'user': 'root', 'password': 'QINg0201$', 'database': 'student', 'maxconnections': '20', 'mincached': '5', 'maxcached': '10'}, 'Android-Info': {'package_name': 'com.tencent.mobileqq'}, 'APPNIUM_SERVER': {'service_ip': 'http://127.0.0.1:4723/wd/hub'}}
2020-09-21 13:07:18,878 - ConfigHandle.py [line:157] - INFO: 扫描单个子节点下的所有键值：[('host', '139.196.120.128'), ('port', '3306'), ('user', 'root'), ('password', 'QINg0201$'), ('database', 'student'), ('maxconnections', '20'), ('mincached', '5'), ('maxcached', '10')]
2020-09-21 13:07:27,938 - ConfigHandle.py [line:148] - INFO: 扫描到ini配置文件中所有的节点：['MySQL-Info', 'Android-Info', 'APPNIUM_SERVER']
2020-09-21 13:07:27,938 - ConfigHandle.py [line:150] - INFO: 扫描单个子节点下的所有键值：[('host', '139.196.120.128'), ('port', '3306'), ('user', 'root'), ('password', 'QINg0201$'), ('database', 'student'), ('maxconnections', '20'), ('mincached', '5'), ('maxcached', '10')]
2020-09-21 13:07:27,938 - ConfigHandle.py [line:152] - INFO: 读取单个子节点的所有内容以字典形式展示：{'host': '139.196.120.128', 'port': '3306', 'user': 'root', 'password': 'QINg0201$', 'database': 'student', 'maxconnections': '20', 'mincached': '5', 'maxcached': '10'}
2020-09-21 13:07:27,938 - ConfigHandle.py [line:154] - INFO: 读取所有节点的内容以字典形式展示：{'MySQL-Info': {'host': '139.196.120.128', 'port': '3306', 'user': 'root', 'password': 'QINg0201$', 'database': 'student', 'maxconnections': '20', 'mincached': '5', 'maxcached': '10'}, 'Android-Info': {'package_name': 'com.tencent.mobileqq'}, 'APPNIUM_SERVER': {'service_ip': 'http://127.0.0.1:4723/wd/hub'}}
2020-09-21 13:07:27,938 - ConfigHandle.py [line:156] - INFO: [('host', '139.196.120.128'), ('port', '3306'), ('user', 'root'), ('password', 'QINg0201$'), ('database', 'student'), ('maxconnections', '20'), ('mincached', '5'), ('maxcached', '10')]
2020-09-21 13:07:27,938 - ConfigHandle.py [line:159] - INFO: 扫描单个子节点下的所有键值：[('host', '139.196.120.128'), ('port', '3306'), ('user', 'root'), ('password', 'QINg0201$'), ('database', 'student'), ('maxconnections', '20'), ('mincached', '5'), ('maxcached', '10')]
2020-09-21 13:07:43,718 - ConfigHandle.py [line:149] - INFO: 扫描单个子节点下的所有键值：[('host', '139.196.120.128'), ('port', '3306'), ('user', 'root'), ('password', 'QINg0201$'), ('database', 'student'), ('maxconnections', '20'), ('mincached', '5'), ('maxcached', '10')]
2020-09-21 13:07:43,718 - ConfigHandle.py [line:150] - INFO: 扫描到ini配置文件中所有的节点：['MySQL-Info', 'Android-Info', 'APPNIUM_SERVER']
2020-09-21 13:07:43,718 - ConfigHandle.py [line:152] - INFO: 扫描单个子节点下的所有键值：[('host', '139.196.120.128'), ('port', '3306'), ('user', 'root'), ('password', 'QINg0201$'), ('database', 'student'), ('maxconnections', '20'), ('mincached', '5'), ('maxcached', '10')]
2020-09-21 13:07:43,718 - ConfigHandle.py [line:154] - INFO: 读取单个子节点的所有内容以字典形式展示：{'host': '139.196.120.128', 'port': '3306', 'user': 'root', 'password': 'QINg0201$', 'database': 'student', 'maxconnections': '20', 'mincached': '5', 'maxcached': '10'}
2020-09-21 13:07:43,718 - ConfigHandle.py [line:156] - INFO: 读取所有节点的内容以字典形式展示：{'MySQL-Info': {'host': '139.196.120.128', 'port': '3306', 'user': 'root', 'password': 'QINg0201$', 'database': 'student', 'maxconnections': '20', 'mincached': '5', 'maxcached': '10'}, 'Android-Info': {'package_name': 'com.tencent.mobileqq'}, 'APPNIUM_SERVER': {'service_ip': 'http://127.0.0.1:4723/wd/hub'}}
2020-09-21 13:07:56,768 - ConfigHandle.py [line:149] - INFO: 扫描单个子节点下的所有键值：[('host', '139.196.120.128'), ('port', '3306'), ('user', 'root'), ('password', 'QINg0201$'), ('database', 'student'), ('maxconnections', '20'), ('mincached', '5'), ('maxcached', '10')]
2020-09-21 13:07:56,768 - ConfigHandle.py [line:150] - INFO: 扫描到ini配置文件中所有的节点：['MySQL-Info', 'Android-Info', 'APPNIUM_SERVER']
2020-09-21 13:07:56,768 - ConfigHandle.py [line:152] - INFO: 扫描单个子节点下的所有键值：[('host', '139.196.120.128'), ('port', '3306'), ('user', 'root'), ('password', 'QINg0201$'), ('database', 'student'), ('maxconnections', '20'), ('mincached', '5'), ('maxcached', '10')]
2020-09-21 13:07:56,768 - ConfigHandle.py [line:154] - INFO: 读取单个子节点的所有内容以字典形式展示：{'host': '139.196.120.128', 'port': '3306', 'user': 'root', 'password': 'QINg0201$', 'database': 'student', 'maxconnections': '20', 'mincached': '5', 'maxcached': '10'}
2020-09-21 13:07:56,768 - ConfigHandle.py [line:156] - INFO: 读取所有节点的内容以字典形式展示：{'MySQL-Info': {'host': '139.196.120.128', 'port': '3306', 'user': 'root', 'password': 'QINg0201$', 'database': 'student', 'maxconnections': '20', 'mincached': '5', 'maxcached': '10'}, 'Android-Info': {'package_name': 'com.tencent.mobileqq'}, 'APPNIUM_SERVER': {'service_ip': 'http://127.0.0.1:4723/wd/hub'}}
2020-09-21 13:23:29,857 - LibraryManage.py [line:24] - ERROR: 本地环境没有所需第三方库 Check whether the third-party library of the local environment is downloaded
2020-09-21 13:23:42,488 - LibraryManage.py [line:25] - ERROR: 本地环境没有所需第三方库 Check whether the third-party library of the local environment is downloaded
2020-09-21 13:23:56,498 - LibraryManage.py [line:25] - ERROR: 本地环境没有所需第三方库 Check whether the third-party library of the local environment is downloaded
2020-09-21 13:29:44,967 - LibraryManage.py [line:47] - INFO: ----------pip install -U airtest 执行结束-----------

2020-09-21 13:29:47,177 - LibraryManage.py [line:47] - INFO: ----------pip install -U altgraph 执行结束-----------

2020-09-21 13:29:52,307 - LibraryManage.py [line:47] - INFO: ----------pip install -U antlr4-python3-runtime 执行结束-----------

2020-09-21 13:29:55,388 - LibraryManage.py [line:47] - INFO: ----------pip install -U appdirs 执行结束-----------

2020-09-21 13:29:59,288 - LibraryManage.py [line:47] - INFO: ----------pip install -U appier 执行结束-----------

2020-09-21 13:30:03,767 - LibraryManage.py [line:47] - INFO: ----------pip install -U Appium-Python-Client 执行结束-----------

2020-09-21 13:30:06,507 - LibraryManage.py [line:47] - INFO: ----------pip install -U APScheduler 执行结束-----------

2020-09-21 13:30:08,912 - LibraryManage.py [line:47] - INFO: ----------pip install -U argon2-cffi 执行结束-----------

2020-09-21 13:30:11,477 - LibraryManage.py [line:47] - INFO: ----------pip install -U asn1crypto 执行结束-----------

2020-09-21 13:30:13,489 - LibraryManage.py [line:47] - INFO: ----------pip install -U atomicwrites 执行结束-----------

2020-09-21 13:30:15,848 - LibraryManage.py [line:47] - INFO: ----------pip install -U attrs 执行结束-----------

2020-09-21 13:30:18,207 - LibraryManage.py [line:47] - INFO: ----------pip install -U Automat 执行结束-----------

2020-09-21 13:30:20,627 - LibraryManage.py [line:47] - INFO: ----------pip install -U bcrypt 执行结束-----------

2020-09-21 13:30:23,177 - LibraryManage.py [line:47] - INFO: ----------pip install -U beautifulsoup4 执行结束-----------

2020-09-21 13:30:26,038 - LibraryManage.py [line:47] - INFO: ----------pip install -U bleach 执行结束-----------

2020-09-21 13:30:27,632 - LibraryManage.py [line:45] - INFO: 执行命令:pip install -U Automat
2020-09-21 13:30:28,397 - LibraryManage.py [line:47] - INFO: ----------pip install -U cachetools 执行结束-----------

2020-09-21 13:30:29,418 - LibraryManage.py [line:47] - INFO: ----------pip install -U Automat 执行结束-----------

2020-09-21 13:30:29,418 - LibraryManage.py [line:45] - INFO: 执行命令:pip install -U bcrypt
2020-09-21 13:30:30,808 - LibraryManage.py [line:47] - INFO: ----------pip install -U certifi 执行结束-----------

2020-09-21 13:30:31,212 - LibraryManage.py [line:47] - INFO: ----------pip install -U bcrypt 执行结束-----------

2020-09-21 13:30:31,212 - LibraryManage.py [line:45] - INFO: 执行命令:pip install -U beautifulsoup4
2020-09-21 13:30:33,037 - LibraryManage.py [line:47] - INFO: ----------pip install -U beautifulsoup4 执行结束-----------

2020-09-21 13:30:33,037 - LibraryManage.py [line:45] - INFO: 执行命令:pip install -U bleach
2020-09-21 13:30:34,517 - LibraryManage.py [line:47] - INFO: ----------pip install -U cffi 执行结束-----------

2020-09-21 13:30:34,837 - LibraryManage.py [line:47] - INFO: ----------pip install -U bleach 执行结束-----------

2020-09-21 13:30:34,837 - LibraryManage.py [line:45] - INFO: 执行命令:pip install -U cachetools
2020-09-21 13:30:36,717 - LibraryManage.py [line:47] - INFO: ----------pip install -U cachetools 执行结束-----------

2020-09-21 13:30:36,717 - LibraryManage.py [line:45] - INFO: 执行命令:pip install -U certifi
2020-09-21 13:30:38,008 - LibraryManage.py [line:47] - INFO: ----------pip install -U check-manifest 执行结束-----------

2020-09-21 13:30:38,527 - LibraryManage.py [line:47] - INFO: ----------pip install -U certifi 执行结束-----------

2020-09-21 13:30:38,527 - LibraryManage.py [line:45] - INFO: 执行命令:pip install -U cffi
2020-09-21 13:30:40,597 - LibraryManage.py [line:47] - INFO: ----------pip install -U cffi 执行结束-----------

2020-09-21 13:30:40,597 - LibraryManage.py [line:45] - INFO: 执行命令:pip install -U check-manifest
2020-09-21 13:30:40,728 - LibraryManage.py [line:47] - INFO: ----------pip install -U Click 执行结束-----------

2020-09-21 13:30:42,435 - LibraryManage.py [line:47] - INFO: ----------pip install -U check-manifest 执行结束-----------

2020-09-21 13:30:42,435 - LibraryManage.py [line:45] - INFO: 执行命令:pip install -U Click
2020-09-21 13:30:43,007 - LibraryManage.py [line:47] - INFO: ----------pip install -U colorama 执行结束-----------

2020-09-21 13:30:44,182 - LibraryManage.py [line:47] - INFO: ----------pip install -U Click 执行结束-----------

2020-09-21 13:30:44,182 - LibraryManage.py [line:45] - INFO: 执行命令:pip install -U colorama
2020-09-21 13:30:45,837 - LibraryManage.py [line:47] - INFO: ----------pip install -U colorama 执行结束-----------

2020-09-21 13:30:45,837 - LibraryManage.py [line:45] - INFO: 执行命令:pip install -U coloredlogs
2020-09-21 13:30:46,677 - LibraryManage.py [line:47] - INFO: ----------pip install -U coloredlogs 执行结束-----------

2020-09-21 13:30:47,737 - LibraryManage.py [line:47] - INFO: ----------pip install -U coloredlogs 执行结束-----------

2020-09-21 13:30:47,737 - LibraryManage.py [line:45] - INFO: 执行命令:pip install -U colorlog
2020-09-21 13:30:49,073 - LibraryManage.py [line:47] - INFO: ----------pip install -U colorlog 执行结束-----------

2020-09-21 13:30:49,557 - LibraryManage.py [line:47] - INFO: ----------pip install -U colorlog 执行结束-----------

2020-09-21 13:30:49,557 - LibraryManage.py [line:45] - INFO: 执行命令:pip install -U configparser
2020-09-21 13:30:52,172 - LibraryManage.py [line:47] - INFO: ----------pip install -U configparser 执行结束-----------

2020-09-21 13:30:52,172 - LibraryManage.py [line:45] - INFO: 执行命令:pip install -U coverage
2020-09-21 13:30:52,202 - LibraryManage.py [line:47] - INFO: ----------pip install -U configparser 执行结束-----------

2020-09-21 13:30:55,597 - LibraryManage.py [line:47] - INFO: ----------pip install -U coverage 执行结束-----------

2020-09-21 13:30:55,732 - LibraryManage.py [line:47] - INFO: ----------pip install -U coverage 执行结束-----------

2020-09-21 13:30:55,732 - LibraryManage.py [line:45] - INFO: 执行命令:pip install -U cryptography
2020-09-21 13:30:59,577 - LibraryManage.py [line:47] - INFO: ----------pip install -U cryptography 执行结束-----------

2020-09-21 13:30:59,827 - LibraryManage.py [line:47] - INFO: ----------pip install -U cryptography 执行结束-----------

2020-09-21 13:30:59,827 - LibraryManage.py [line:45] - INFO: 执行命令:pip install -U cx-Oracle
2020-09-21 13:31:02,997 - LibraryManage.py [line:47] - INFO: ----------pip install -U cx-Oracle 执行结束-----------

2020-09-21 13:31:03,047 - LibraryManage.py [line:47] - INFO: ----------pip install -U cx-Oracle 执行结束-----------

2020-09-21 13:31:03,057 - LibraryManage.py [line:45] - INFO: 执行命令:pip install -U decorator
2020-09-21 13:31:05,982 - LibraryManage.py [line:47] - INFO: ----------pip install -U decorator 执行结束-----------

2020-09-21 13:31:05,982 - LibraryManage.py [line:45] - INFO: 执行命令:pip install -U Deprecated
2020-09-21 13:31:06,118 - LibraryManage.py [line:47] - INFO: ----------pip install -U decorator 执行结束-----------

2020-09-21 13:31:08,287 - LibraryManage.py [line:47] - INFO: ----------pip install -U Deprecated 执行结束-----------

2020-09-21 13:31:08,287 - LibraryManage.py [line:45] - INFO: 执行命令:pip install -U deprecation
2020-09-21 13:31:08,397 - LibraryManage.py [line:47] - INFO: ----------pip install -U Deprecated 执行结束-----------

2020-09-21 13:31:11,277 - LibraryManage.py [line:47] - INFO: ----------pip install -U deprecation 执行结束-----------

2020-09-21 13:31:11,379 - LibraryManage.py [line:47] - INFO: ----------pip install -U deprecation 执行结束-----------

2020-09-21 13:31:11,379 - LibraryManage.py [line:45] - INFO: 执行命令:pip install -U devpi-client
2020-09-21 13:31:14,177 - LibraryManage.py [line:47] - INFO: ----------pip install -U devpi-client 执行结束-----------

2020-09-21 13:31:14,582 - LibraryManage.py [line:47] - INFO: ----------pip install -U devpi-client 执行结束-----------

2020-09-21 13:31:14,587 - LibraryManage.py [line:45] - INFO: 执行命令:pip install -U devpi-common
2020-09-21 13:31:16,087 - LibraryManage.py [line:47] - INFO: ----------pip install -U devpi-common 执行结束-----------

2020-09-21 13:31:16,467 - LibraryManage.py [line:47] - INFO: ----------pip install -U devpi-common 执行结束-----------

2020-09-21 13:31:16,467 - LibraryManage.py [line:45] - INFO: 执行命令:pip install -U devpi-server
2020-09-21 13:31:18,997 - LibraryManage.py [line:47] - INFO: ----------pip install -U devpi-server 执行结束-----------

2020-09-21 13:31:18,997 - LibraryManage.py [line:45] - INFO: 执行命令:pip install -U devpi-web
2020-09-21 13:31:19,767 - LibraryManage.py [line:47] - INFO: ----------pip install -U devpi-server 执行结束-----------

2020-09-21 13:31:21,092 - LibraryManage.py [line:47] - INFO: ----------pip install -U devpi-web 执行结束-----------

2020-09-21 13:31:21,092 - LibraryManage.py [line:45] - INFO: 执行命令:pip install -U Django
2020-09-21 13:31:21,817 - LibraryManage.py [line:47] - INFO: ----------pip install -U devpi-web 执行结束-----------

2020-09-21 13:31:34,007 - LibraryManage.py [line:47] - INFO: ----------pip install -U Django 执行结束-----------

2020-09-21 13:31:34,007 - LibraryManage.py [line:45] - INFO: 执行命令:pip install -U docker
2020-09-21 13:31:40,287 - LibraryManage.py [line:47] - INFO: ----------pip install -U Django 执行结束-----------

2020-09-21 13:31:42,970 - LibraryManage.py [line:47] - INFO: ----------pip install -U docker 执行结束-----------

2020-09-21 13:31:44,392 - LibraryManage.py [line:47] - INFO: ----------pip install -U docker 执行结束-----------

2020-09-21 13:31:44,392 - LibraryManage.py [line:45] - INFO: 执行命令:pip install -U docker-compose
2020-09-21 13:31:45,797 - LibraryManage.py [line:47] - INFO: ----------pip install -U docker-compose 执行结束-----------

2020-09-21 13:31:46,717 - LibraryManage.py [line:47] - INFO: ----------pip install -U docker-compose 执行结束-----------

2020-09-21 13:31:46,717 - LibraryManage.py [line:45] - INFO: 执行命令:pip install -U docutils
2020-09-21 13:31:48,647 - LibraryManage.py [line:47] - INFO: ----------pip install -U docutils 执行结束-----------

2020-09-21 13:31:48,647 - LibraryManage.py [line:45] - INFO: 执行命令:pip install -U filetype
2020-09-21 13:31:49,757 - LibraryManage.py [line:47] - INFO: ----------pip install -U docutils 执行结束-----------

2020-09-21 13:31:50,287 - LibraryManage.py [line:47] - INFO: ----------pip install -U filetype 执行结束-----------

2020-09-21 13:31:50,287 - LibraryManage.py [line:45] - INFO: 执行命令:pip install -U fire
2020-09-21 13:31:50,847 - LibraryManage.py [line:47] - INFO: ----------pip install -U filetype 执行结束-----------

2020-09-21 13:31:55,767 - LibraryManage.py [line:47] - INFO: ----------pip install -U fire 执行结束-----------

2020-09-21 13:31:56,147 - LibraryManage.py [line:47] - INFO: ----------pip install -U fire 执行结束-----------

2020-09-21 13:31:56,147 - LibraryManage.py [line:45] - INFO: 执行命令:pip install -U Flask
2020-09-21 13:31:58,457 - LibraryManage.py [line:47] - INFO: ----------pip install -U Flask 执行结束-----------

2020-09-21 13:31:58,457 - LibraryManage.py [line:45] - INFO: 执行命令:pip install -U future
2020-09-21 13:31:58,688 - LibraryManage.py [line:47] - INFO: ----------pip install -U Flask 执行结束-----------

2020-09-21 13:32:06,450 - LibraryManage.py [line:47] - INFO: ----------pip install -U future 执行结束-----------

2020-09-21 13:32:06,450 - LibraryManage.py [line:45] - INFO: 执行命令:pip install -U gast
2020-09-21 13:32:35,667 - LibraryManage.py [line:45] - INFO: 执行命令:0
2020-09-21 13:32:37,402 - LibraryManage.py [line:47] - INFO: ----------pip install -U future 执行结束-----------

2020-09-21 13:32:40,297 - LibraryManage.py [line:45] - INFO: 执行命令:0
2020-09-21 13:32:42,029 - LibraryManage.py [line:47] - INFO: ----------pip install -U gast 执行结束-----------

2020-09-21 13:32:48,037 - LibraryManage.py [line:45] - INFO: 执行命令:0
2020-09-21 13:32:50,120 - LibraryManage.py [line:47] - INFO: ----------pip install -U gevent 执行结束-----------

2020-09-21 13:32:53,037 - LibraryManage.py [line:45] - INFO: 执行命令:0
2020-09-21 13:32:54,827 - LibraryManage.py [line:47] - INFO: ----------pip install -U gitdb2 执行结束-----------

2020-09-21 13:32:57,552 - LibraryManage.py [line:45] - INFO: 执行命令:0
2020-09-21 13:32:59,347 - LibraryManage.py [line:47] - INFO: ----------pip install -U GitPython 执行结束-----------

2020-09-21 13:33:02,827 - LibraryManage.py [line:45] - INFO: 执行命令:0
2020-09-21 13:33:04,692 - LibraryManage.py [line:47] - INFO: ----------pip install -U google-auth 执行结束-----------

2020-09-21 13:33:07,152 - LibraryManage.py [line:45] - INFO: 执行命令:0
2020-09-21 13:33:08,937 - LibraryManage.py [line:47] - INFO: ----------pip install -U google-pasta 执行结束-----------

2020-09-21 13:33:10,738 - LibraryManage.py [line:45] - INFO: 执行命令:0
2020-09-21 13:33:12,577 - LibraryManage.py [line:47] - INFO: ----------pip install -U greenlet 执行结束-----------

2020-09-21 13:33:15,528 - LibraryManage.py [line:45] - INFO: 执行命令:0
2020-09-21 13:33:17,317 - LibraryManage.py [line:47] - INFO: ----------pip install -U grequests 执行结束-----------

2020-09-21 13:33:21,423 - LibraryManage.py [line:45] - INFO: 执行命令:0
2020-09-21 13:33:23,668 - LibraryManage.py [line:47] - INFO: ----------pip install -U grpcio 执行结束-----------

2020-09-21 13:33:34,557 - LibraryManage.py [line:45] - INFO: 执行命令:0
2020-09-21 13:33:36,682 - LibraryManage.py [line:47] - INFO: ----------pip install -U httprunner 执行结束-----------

2020-09-21 13:33:39,859 - LibraryManage.py [line:45] - INFO: 执行命令:0
2020-09-21 13:33:41,707 - LibraryManage.py [line:47] - INFO: ----------pip install -U humanize 执行结束-----------

2020-09-21 13:33:44,079 - LibraryManage.py [line:45] - INFO: 执行命令:0
2020-09-21 13:33:45,977 - LibraryManage.py [line:47] - INFO: ----------pip install -U hupper 执行结束-----------

2020-09-21 13:33:48,377 - LibraryManage.py [line:45] - INFO: 执行命令:0
2020-09-21 13:33:50,227 - LibraryManage.py [line:47] - INFO: ----------pip install -U hyperlink 执行结束-----------

2020-09-21 13:33:52,678 - LibraryManage.py [line:45] - INFO: 执行命令:0
2020-09-21 13:33:54,528 - LibraryManage.py [line:47] - INFO: ----------pip install -U idna 执行结束-----------

2020-09-21 13:33:58,247 - LibraryManage.py [line:45] - INFO: 执行命令:0
2020-09-21 13:34:00,095 - LibraryManage.py [line:47] - INFO: ----------pip install -U image 执行结束-----------

2020-09-21 13:34:02,487 - LibraryManage.py [line:45] - INFO: 执行命令:0
2020-09-21 13:34:04,371 - LibraryManage.py [line:47] - INFO: ----------pip install -U importlib-metadata 执行结束-----------

2020-09-21 13:34:07,659 - LibraryManage.py [line:45] - INFO: 执行命令:0
2020-09-21 13:34:09,577 - LibraryManage.py [line:47] - INFO: ----------pip install -U inflect 执行结束-----------

2020-09-21 13:34:12,100 - LibraryManage.py [line:45] - INFO: 执行命令:0
2020-09-21 13:34:13,977 - LibraryManage.py [line:47] - INFO: ----------pip install -U irc 执行结束-----------

2020-09-21 13:34:16,296 - LibraryManage.py [line:45] - INFO: 执行命令:0
2020-09-21 13:34:18,197 - LibraryManage.py [line:47] - INFO: ----------pip install -U iso8601 执行结束-----------

2020-09-21 13:34:21,065 - LibraryManage.py [line:45] - INFO: 执行命令:0
2020-09-21 13:34:22,921 - LibraryManage.py [line:47] - INFO: ----------pip install -U itchat 执行结束-----------

2020-09-21 13:34:25,458 - LibraryManage.py [line:45] - INFO: 执行命令:0
2020-09-21 13:34:27,517 - LibraryManage.py [line:47] - INFO: ----------pip install -U jaraco.classes 执行结束-----------

2020-09-21 13:34:29,837 - LibraryManage.py [line:45] - INFO: 执行命令:0
2020-09-21 13:34:31,774 - LibraryManage.py [line:47] - INFO: ----------pip install -U jaraco.collections 执行结束-----------

2020-09-21 13:34:34,096 - LibraryManage.py [line:45] - INFO: 执行命令:0
2020-09-21 13:34:36,036 - LibraryManage.py [line:47] - INFO: ----------pip install -U jaraco.functools 执行结束-----------

2020-09-21 13:34:38,862 - LibraryManage.py [line:45] - INFO: 执行命令:0
2020-09-21 13:34:40,804 - LibraryManage.py [line:47] - INFO: ----------pip install -U jaraco.itertools 执行结束-----------

2020-09-21 13:34:42,987 - LibraryManage.py [line:45] - INFO: 执行命令:0
2020-09-21 13:34:44,820 - LibraryManage.py [line:47] - INFO: ----------pip install -U jaraco.logging 执行结束-----------

2020-09-21 13:34:47,084 - LibraryManage.py [line:45] - INFO: 执行命令:0
2020-09-21 13:34:48,889 - LibraryManage.py [line:47] - INFO: ----------pip install -U jaraco.stream 执行结束-----------

2020-09-21 13:34:51,097 - LibraryManage.py [line:45] - INFO: 执行命令:0
2020-09-21 13:34:53,012 - LibraryManage.py [line:47] - INFO: ----------pip install -U jaraco.text 执行结束-----------

2020-09-21 13:34:55,922 - LibraryManage.py [line:45] - INFO: 执行命令:0
2020-09-21 13:34:57,804 - LibraryManage.py [line:47] - INFO: ----------pip install -U Jinja2 执行结束-----------

2020-09-21 13:35:00,907 - LibraryManage.py [line:45] - INFO: 执行命令:0
2020-09-21 13:35:02,809 - LibraryManage.py [line:47] - INFO: ----------pip install -U joblib 执行结束-----------

2020-09-21 13:35:07,983 - LibraryManage.py [line:45] - INFO: 执行命令:0
2020-09-21 13:35:10,017 - LibraryManage.py [line:47] - INFO: ----------pip install -U jsonpath2 执行结束-----------

2020-09-21 13:35:14,507 - LibraryManage.py [line:45] - INFO: 执行命令:0
2020-09-21 13:35:16,547 - LibraryManage.py [line:47] - INFO: ----------pip install -U jsonschema 执行结束-----------

2020-09-21 13:35:19,377 - LibraryManage.py [line:45] - INFO: 执行命令:0
2020-09-21 13:35:21,327 - LibraryManage.py [line:47] - INFO: ----------pip install -U Keras 执行结束-----------

2020-09-21 13:35:23,907 - LibraryManage.py [line:45] - INFO: 执行命令:0
2020-09-21 13:35:25,877 - LibraryManage.py [line:47] - INFO: ----------pip install -U Keras-Preprocessing 执行结束-----------

2020-09-21 13:35:29,282 - LibraryManage.py [line:45] - INFO: 执行命令:0
2020-09-21 13:35:31,199 - LibraryManage.py [line:47] - INFO: ----------pip install -U kiwisolver 执行结束-----------

2020-09-21 13:35:35,597 - LibraryManage.py [line:45] - INFO: 执行命令:0
2020-09-21 13:35:37,727 - LibraryManage.py [line:47] - INFO: ----------pip install -U load 执行结束-----------

2020-09-21 13:35:40,252 - LibraryManage.py [line:45] - INFO: 执行命令:0
2020-09-21 13:35:42,327 - LibraryManage.py [line:47] - INFO: ----------pip install -U loguru 执行结束-----------

2020-09-21 13:35:46,039 - LibraryManage.py [line:45] - INFO: 执行命令:0
2020-09-21 13:35:48,217 - LibraryManage.py [line:47] - INFO: ----------pip install -U lxml 执行结束-----------

2020-09-21 13:35:52,147 - LibraryManage.py [line:45] - INFO: 执行命令:0
2020-09-21 13:35:54,047 - LibraryManage.py [line:47] - INFO: ----------pip install -U m3u8 执行结束-----------

2020-09-21 13:35:56,817 - LibraryManage.py [line:45] - INFO: 执行命令:0
2020-09-21 13:35:58,857 - LibraryManage.py [line:47] - INFO: ----------pip install -U Markdown 执行结束-----------

2020-09-21 13:36:08,897 - LibraryManage.py [line:45] - INFO: 执行命令:0
2020-09-21 13:36:10,917 - LibraryManage.py [line:47] - INFO: ----------pip install -U matplotlib 执行结束-----------

2020-09-21 13:36:13,237 - LibraryManage.py [line:45] - INFO: 执行命令:0
2020-09-21 13:36:15,171 - LibraryManage.py [line:47] - INFO: ----------pip install -U mock 执行结束-----------

2020-09-21 13:36:17,117 - LibraryManage.py [line:25] - ERROR: 本地环境没有所需第三方库 Check whether the third-party library of the local environment is downloaded
2020-09-21 13:36:17,737 - LibraryManage.py [line:45] - INFO: 执行命令:0
2020-09-21 13:36:19,867 - LibraryManage.py [line:47] - INFO: ----------pip install -U more-itertools 执行结束-----------

2020-09-21 13:36:23,127 - LibraryManage.py [line:45] - INFO: 执行命令:0
2020-09-21 13:36:27,523 - LibraryManage.py [line:47] - INFO: ----------pip install -U mss 执行结束-----------

2020-09-21 13:36:33,844 - LibraryManage.py [line:45] - INFO: 执行命令:0
2020-09-21 13:36:36,847 - LibraryManage.py [line:47] - INFO: ----------pip install -U mysql-connector-python 执行结束-----------

2020-09-21 13:36:41,527 - LibraryManage.py [line:45] - INFO: 执行命令:0
2020-09-21 13:36:44,407 - LibraryManage.py [line:47] - INFO: ----------pip install -U ntplib 执行结束-----------

2020-09-21 13:36:58,657 - LibraryManage.py [line:45] - INFO: 执行命令:0
2020-09-21 13:37:00,827 - LibraryManage.py [line:47] - INFO: ----------pip install -U numpy 执行结束-----------

2020-09-21 13:37:22,877 - LibraryManage.py [line:45] - INFO: 执行命令:0
2020-09-21 13:37:25,072 - LibraryManage.py [line:47] - INFO: ----------pip install -U opencv-contrib-python 执行结束-----------

2020-09-21 13:37:43,622 - LibraryManage.py [line:45] - INFO: 执行命令:0
2020-09-21 13:37:45,837 - LibraryManage.py [line:47] - INFO: ----------pip install -U opencv-python 执行结束-----------

2020-09-21 13:37:50,687 - LibraryManage.py [line:45] - INFO: 执行命令:0
2020-09-21 13:37:52,607 - LibraryManage.py [line:47] - INFO: ----------pip install -U openpyxl 执行结束-----------

2020-09-21 13:37:56,247 - LibraryManage.py [line:45] - INFO: 执行命令:0
2020-09-21 13:37:58,142 - LibraryManage.py [line:47] - INFO: ----------pip install -U opt-einsum 执行结束-----------

2020-09-21 13:38:13,067 - LibraryManage.py [line:45] - INFO: 执行命令:0
2020-09-21 13:38:15,223 - LibraryManage.py [line:47] - INFO: ----------pip install -U pandas 执行结束-----------

2020-09-21 13:38:18,257 - LibraryManage.py [line:45] - INFO: 执行命令:0
2020-09-21 13:38:20,209 - LibraryManage.py [line:47] - INFO: ----------pip install -U paramiko 执行结束-----------

2020-09-21 13:38:22,712 - LibraryManage.py [line:45] - INFO: 执行命令:0
2020-09-21 13:38:24,872 - LibraryManage.py [line:47] - INFO: ----------pip install -U parsel 执行结束-----------

2020-09-21 13:38:28,157 - LibraryManage.py [line:45] - INFO: 执行命令:0
2020-09-21 13:38:30,377 - LibraryManage.py [line:47] - INFO: ----------pip install -U passlib 执行结束-----------

2020-09-21 13:38:36,407 - LibraryManage.py [line:45] - INFO: 执行命令:0
2020-09-21 13:38:38,377 - LibraryManage.py [line:47] - INFO: ----------pip install -U peewee 执行结束-----------

2020-09-21 13:38:40,737 - LibraryManage.py [line:45] - INFO: 执行命令:0
2020-09-21 13:38:42,637 - LibraryManage.py [line:47] - INFO: ----------pip install -U pluggy 执行结束-----------

2020-09-21 13:39:23,227 - LibraryManage.py [line:45] - INFO: 执行命令:0
2020-09-21 13:39:25,282 - LibraryManage.py [line:47] - INFO: ----------pip install -U poco 执行结束-----------

2020-09-21 13:39:51,212 - LibraryManage.py [line:45] - INFO: 执行命令:0
2020-09-21 13:39:53,167 - LibraryManage.py [line:47] - INFO: ----------pip install -U pocoui 执行结束-----------

2020-09-21 13:39:59,577 - LibraryManage.py [line:45] - INFO: 执行命令:0
2020-09-21 13:40:01,687 - LibraryManage.py [line:47] - INFO: ----------pip install -U protobuf 执行结束-----------

2020-09-21 13:40:04,897 - LibraryManage.py [line:45] - INFO: 执行命令:0
2020-09-21 13:40:07,207 - LibraryManage.py [line:47] - INFO: ----------pip install -U psutil 执行结束-----------

2020-09-21 13:40:11,747 - LibraryManage.py [line:45] - INFO: 执行命令:0
2020-09-21 13:40:13,847 - LibraryManage.py [line:47] - INFO: ----------pip install -U public 执行结束-----------

2020-09-21 13:40:16,607 - LibraryManage.py [line:45] - INFO: 执行命令:0
2020-09-21 13:40:18,597 - LibraryManage.py [line:47] - INFO: ----------pip install -U py 执行结束-----------

2020-09-21 13:40:21,987 - LibraryManage.py [line:45] - INFO: 执行命令:0
2020-09-21 13:40:23,967 - LibraryManage.py [line:47] - INFO: ----------pip install -U py2app 执行结束-----------

2020-09-21 13:40:26,277 - LibraryManage.py [line:45] - INFO: 执行命令:0
2020-09-21 13:40:28,210 - LibraryManage.py [line:47] - INFO: ----------pip install -U pyaml 执行结束-----------

2020-09-21 13:40:31,017 - LibraryManage.py [line:45] - INFO: 执行命令:0
2020-09-21 13:40:33,027 - LibraryManage.py [line:47] - INFO: ----------pip install -U pyasn1 执行结束-----------

2020-09-21 13:40:36,339 - LibraryManage.py [line:45] - INFO: 执行命令:0
2020-09-21 13:40:38,472 - LibraryManage.py [line:47] - INFO: ----------pip install -U pyasn1-modules 执行结束-----------

2020-09-21 13:40:41,957 - LibraryManage.py [line:45] - INFO: 执行命令:0
2020-09-21 13:40:43,878 - LibraryManage.py [line:47] - INFO: ----------pip install -U pycparser 执行结束-----------

2020-09-21 13:40:53,457 - LibraryManage.py [line:45] - INFO: 执行命令:0
2020-09-21 13:40:55,572 - LibraryManage.py [line:47] - INFO: ----------pip install -U pycryptodome 执行结束-----------

2020-09-21 13:40:58,087 - LibraryManage.py [line:45] - INFO: 执行命令:0
2020-09-21 13:41:00,651 - LibraryManage.py [line:47] - INFO: ----------pip install -U pydub 执行结束-----------

2020-09-21 13:41:05,157 - LibraryManage.py [line:45] - INFO: 执行命令:0
2020-09-21 13:41:07,417 - LibraryManage.py [line:47] - INFO: ----------pip install -U PyGithub 执行结束-----------

2020-09-21 13:41:12,537 - LibraryManage.py [line:45] - INFO: 执行命令:0
2020-09-21 13:41:15,284 - LibraryManage.py [line:47] - INFO: ----------pip install -U Pygments 执行结束-----------

2020-09-21 13:41:18,167 - LibraryManage.py [line:45] - INFO: 执行命令:0
2020-09-21 13:41:20,117 - LibraryManage.py [line:47] - INFO: ----------pip install -U PyHamcrest 执行结束-----------

2020-09-21 13:41:24,002 - LibraryManage.py [line:45] - INFO: 执行命令:1
2020-09-21 13:41:26,722 - LibraryManage.py [line:47] - INFO: ----------pip install -U PyInstaller 执行结束-----------

2020-09-21 13:41:30,887 - LibraryManage.py [line:45] - INFO: 执行命令:0
2020-09-21 13:41:33,147 - LibraryManage.py [line:47] - INFO: ----------pip install -U pymongo 执行结束-----------

2020-09-21 13:41:35,962 - LibraryManage.py [line:45] - INFO: 执行命令:0
2020-09-21 13:41:37,971 - LibraryManage.py [line:47] - INFO: ----------pip install -U PyMySQL 执行结束-----------

2020-09-21 13:41:40,887 - LibraryManage.py [line:45] - INFO: 执行命令:0
2020-09-21 13:41:42,802 - LibraryManage.py [line:47] - INFO: ----------pip install -U PyNaCl 执行结束-----------

2020-09-21 13:41:46,047 - LibraryManage.py [line:45] - INFO: 执行命令:0
2020-09-21 13:41:48,397 - LibraryManage.py [line:47] - INFO: ----------pip install -U pyodbc 执行结束-----------

2020-09-21 13:41:50,897 - LibraryManage.py [line:45] - INFO: 执行命令:0
2020-09-21 13:41:52,912 - LibraryManage.py [line:47] - INFO: ----------pip install -U pyOpenSSL 执行结束-----------

2020-09-21 13:41:56,289 - LibraryManage.py [line:45] - INFO: 执行命令:0
2020-09-21 13:41:58,447 - LibraryManage.py [line:47] - INFO: ----------pip install -U pyparsing 执行结束-----------

2020-09-21 13:42:08,977 - LibraryManage.py [line:45] - INFO: 执行命令:0
2020-09-21 13:42:11,032 - LibraryManage.py [line:47] - INFO: ----------pip install -U pyproj 执行结束-----------

2020-09-21 13:42:16,310 - LibraryManage.py [line:45] - INFO: 执行命令:0
2020-09-21 13:42:18,387 - LibraryManage.py [line:47] - INFO: ----------pip install -U pyrsistent 执行结束-----------

2020-09-21 13:42:21,947 - LibraryManage.py [line:45] - INFO: 执行命令:0
2020-09-21 13:42:23,987 - LibraryManage.py [line:47] - INFO: ----------pip install -U pytest 执行结束-----------

2020-09-21 13:42:26,672 - LibraryManage.py [line:45] - INFO: 执行命令:0
2020-09-21 13:42:28,637 - LibraryManage.py [line:47] - INFO: ----------pip install -U python-dateutil 执行结束-----------

2020-09-21 13:42:31,777 - LibraryManage.py [line:45] - INFO: 执行命令:0
2020-09-21 13:42:33,737 - LibraryManage.py [line:47] - INFO: ----------pip install -U python-gitlab 执行结束-----------

2020-09-21 13:42:36,627 - LibraryManage.py [line:45] - INFO: 执行命令:0
2020-09-21 13:42:38,527 - LibraryManage.py [line:47] - INFO: ----------pip install -U python-sql 执行结束-----------

2020-09-21 13:42:42,147 - LibraryManage.py [line:45] - INFO: 执行命令:0
2020-09-21 13:42:44,207 - LibraryManage.py [line:47] - INFO: ----------pip install -U pytz 执行结束-----------

2020-09-21 13:42:53,767 - LibraryManage.py [line:45] - INFO: 执行命令:0
2020-09-21 13:42:55,727 - LibraryManage.py [line:47] - INFO: ----------pip install -U pywin32 执行结束-----------

2020-09-21 13:42:59,802 - LibraryManage.py [line:45] - INFO: 执行命令:0
2020-09-21 13:43:01,747 - LibraryManage.py [line:47] - INFO: ----------pip install -U pywinauto 执行结束-----------

2020-09-21 13:43:04,787 - LibraryManage.py [line:45] - INFO: 执行命令:0
2020-09-21 13:43:06,907 - LibraryManage.py [line:47] - INFO: ----------pip install -U PyYAML 执行结束-----------

2020-09-21 13:43:10,927 - LibraryManage.py [line:45] - INFO: 执行命令:0
2020-09-21 13:43:13,142 - LibraryManage.py [line:47] - INFO: ----------pip install -U pyzmq 执行结束-----------

2020-09-21 13:43:23,612 - LibraryManage.py [line:45] - INFO: 执行命令:0
2020-09-21 13:43:25,497 - LibraryManage.py [line:47] - INFO: ----------pip install -U qt4a 执行结束-----------

2020-09-21 13:43:34,907 - LibraryManage.py [line:45] - INFO: 执行命令:0
2020-09-21 13:43:36,807 - LibraryManage.py [line:47] - INFO: ----------pip install -U qt4w 执行结束-----------

2020-09-21 13:43:44,117 - LibraryManage.py [line:45] - INFO: 执行命令:0
2020-09-21 13:43:45,997 - LibraryManage.py [line:47] - INFO: ----------pip install -U qtaf 执行结束-----------

2020-09-21 13:43:50,537 - LibraryManage.py [line:45] - INFO: 执行命令:0
2020-09-21 13:43:52,647 - LibraryManage.py [line:47] - INFO: ----------pip install -U query-string 执行结束-----------

2020-09-21 13:43:55,447 - LibraryManage.py [line:45] - INFO: 执行命令:0
2020-09-21 13:43:57,647 - LibraryManage.py [line:47] - INFO: ----------pip install -U readme-renderer 执行结束-----------

2020-09-21 13:44:00,287 - LibraryManage.py [line:45] - INFO: 执行命令:0
2020-09-21 13:44:02,217 - LibraryManage.py [line:47] - INFO: ----------pip install -U redis 执行结束-----------

2020-09-21 13:44:04,247 - LibraryManage.py [line:45] - INFO: 执行命令:0
2020-09-21 13:44:06,317 - LibraryManage.py [line:47] - INFO: ----------pip install -U requests 执行结束-----------

2020-09-21 13:44:09,207 - LibraryManage.py [line:45] - INFO: 执行命令:0
2020-09-21 13:44:11,177 - LibraryManage.py [line:47] - INFO: ----------pip install -U requests-toolbelt 执行结束-----------

2020-09-21 13:44:14,082 - LibraryManage.py [line:45] - INFO: 执行命令:0
2020-09-21 13:44:16,277 - LibraryManage.py [line:47] - INFO: ----------pip install -U rsa 执行结束-----------

2020-09-21 13:44:20,647 - LibraryManage.py [line:45] - INFO: 执行命令:0
2020-09-21 13:44:22,897 - LibraryManage.py [line:47] - INFO: ----------pip install -U ruamel.yaml 执行结束-----------

2020-09-21 13:44:26,217 - LibraryManage.py [line:45] - INFO: 执行命令:0
2020-09-21 13:44:28,087 - LibraryManage.py [line:47] - INFO: ----------pip install -U ruamel.yaml.clib 执行结束-----------

2020-09-21 13:44:37,607 - LibraryManage.py [line:45] - INFO: 执行命令:0
2020-09-21 13:44:40,232 - LibraryManage.py [line:47] - INFO: ----------pip install -U scikit-learn 执行结束-----------

2020-09-21 13:45:02,497 - LibraryManage.py [line:45] - INFO: 执行命令:0
2020-09-21 13:45:04,637 - LibraryManage.py [line:47] - INFO: ----------pip install -U scipy 执行结束-----------

2020-09-21 13:45:09,087 - LibraryManage.py [line:45] - INFO: 执行命令:0
2020-09-21 13:45:11,107 - LibraryManage.py [line:47] - INFO: ----------pip install -U Scrapy 执行结束-----------

2020-09-21 13:45:16,397 - LibraryManage.py [line:45] - INFO: 执行命令:0
2020-09-21 13:45:18,607 - LibraryManage.py [line:47] - INFO: ----------pip install -U setuptools 执行结束-----------

2020-09-21 13:45:22,257 - LibraryManage.py [line:45] - INFO: 执行命令:0
2020-09-21 13:45:24,187 - LibraryManage.py [line:47] - INFO: ----------pip install -U simplejson 执行结束-----------

2020-09-21 13:45:27,297 - LibraryManage.py [line:45] - INFO: 执行命令:0
2020-09-21 13:45:29,217 - LibraryManage.py [line:47] - INFO: ----------pip install -U six 执行结束-----------

2020-09-21 13:45:31,487 - LibraryManage.py [line:45] - INFO: 执行命令:0
2020-09-21 13:45:33,427 - LibraryManage.py [line:47] - INFO: ----------pip install -U smmap2 执行结束-----------

2020-09-21 13:45:35,807 - LibraryManage.py [line:45] - INFO: 执行命令:0
2020-09-21 13:45:37,747 - LibraryManage.py [line:47] - INFO: ----------pip install -U soupsieve 执行结束-----------

2020-09-21 13:45:41,542 - LibraryManage.py [line:45] - INFO: 执行命令:0
2020-09-21 13:45:43,467 - LibraryManage.py [line:47] - INFO: ----------pip install -U splinter 执行结束-----------

2020-09-21 13:45:48,177 - LibraryManage.py [line:45] - INFO: 执行命令:0
2020-09-21 13:45:50,217 - LibraryManage.py [line:47] - INFO: ----------pip install -U SQLAlchemy 执行结束-----------

2020-09-21 13:45:52,927 - LibraryManage.py [line:45] - INFO: 执行命令:0
2020-09-21 13:45:54,867 - LibraryManage.py [line:47] - INFO: ----------pip install -U sqlparse 执行结束-----------

2020-09-21 13:45:59,937 - LibraryManage.py [line:45] - INFO: 执行命令:0
2020-09-21 13:46:01,957 - LibraryManage.py [line:47] - INFO: ----------pip install -U strictyaml 执行结束-----------

2020-09-21 13:46:07,207 - LibraryManage.py [line:45] - INFO: 执行命令:0
2020-09-21 13:46:09,402 - LibraryManage.py [line:47] - INFO: ----------pip install -U svn 执行结束-----------

2020-09-21 13:46:12,669 - LibraryManage.py [line:45] - INFO: 执行命令:0
2020-09-21 13:46:16,391 - LibraryManage.py [line:47] - INFO: ----------pip install -U tempora 执行结束-----------

2020-09-21 13:46:24,332 - LibraryManage.py [line:45] - INFO: 执行命令:0
2020-09-21 13:46:27,012 - LibraryManage.py [line:47] - INFO: ----------pip install -U tensorboard 执行结束-----------

2020-09-21 13:49:54,847 - LibraryManage.py [line:33] - ERROR: No module named 'aa'
2020-09-21 13:50:20,267 - LibraryManage.py [line:45] - INFO: 执行命令:0
2020-09-21 13:50:24,627 - LibraryManage.py [line:47] - INFO: ----------pip install -U tensorflow 执行结束-----------

2020-09-21 13:50:27,602 - LibraryManage.py [line:45] - INFO: 执行命令:0
2020-09-21 13:50:30,342 - LibraryManage.py [line:47] - INFO: ----------pip install -U tensorflow-estimator 执行结束-----------

2020-09-21 13:50:35,002 - LibraryManage.py [line:45] - INFO: 执行命令:0
2020-09-21 13:50:37,222 - LibraryManage.py [line:47] - INFO: ----------pip install -U texttable 执行结束-----------

2020-09-21 13:50:40,557 - LibraryManage.py [line:45] - INFO: 执行命令:0
2020-09-21 13:50:42,507 - LibraryManage.py [line:47] - INFO: ----------pip install -U toml 执行结束-----------

2020-09-21 13:50:45,912 - LibraryManage.py [line:45] - INFO: 执行命令:0
2020-09-21 13:50:48,397 - LibraryManage.py [line:47] - INFO: ----------pip install -U tornado 执行结束-----------

2020-09-21 13:50:51,567 - LibraryManage.py [line:45] - INFO: 执行命令:0
2020-09-21 13:50:53,797 - LibraryManage.py [line:47] - INFO: ----------pip install -U tox 执行结束-----------

2020-09-21 13:50:56,231 - LibraryManage.py [line:45] - INFO: 执行命令:0
2020-09-21 13:50:58,197 - LibraryManage.py [line:47] - INFO: ----------pip install -U translationstring 执行结束-----------

2020-09-21 13:51:08,387 - LibraryManage.py [line:45] - INFO: 执行命令:0
2020-09-21 13:51:10,407 - LibraryManage.py [line:47] - INFO: ----------pip install -U Twisted 执行结束-----------

2020-09-21 13:51:12,717 - LibraryManage.py [line:45] - INFO: 执行命令:0
2020-09-21 13:51:14,607 - LibraryManage.py [line:47] - INFO: ----------pip install -U tzlocal 执行结束-----------

2020-09-21 13:51:17,877 - LibraryManage.py [line:45] - INFO: 执行命令:0
2020-09-21 13:51:19,802 - LibraryManage.py [line:47] - INFO: ----------pip install -U ujson 执行结束-----------

2020-09-21 13:51:22,592 - LibraryManage.py [line:45] - INFO: 执行命令:0
2020-09-21 13:51:24,527 - LibraryManage.py [line:47] - INFO: ----------pip install -U urllib3 执行结束-----------

2020-09-21 13:51:28,091 - LibraryManage.py [line:45] - INFO: 执行命令:0
